Jun 06, 2025 02:13:52.713 [128519176280832] INFO - Plex Media Scanner v1.41.7.9823-59f304c16 - Docker Docker Container x86_64 - build: linux-x86_64 - GMT -04:00
Jun 06, 2025 02:13:52.713 [128519176280832] INFO - Linux version: 6.8.12-11-pve, language: en-US
Jun 06, 2025 02:13:52.713 [128519176280832] INFO - Processor: 16-core Intel(R) Xeon(R) CPU E5-2640 v3 @ 2.60GHz
Jun 06, 2025 02:13:52.713 [128519176280832] INFO - /usr/lib/plexmediaserver/Plex Media Scanner --analyze-deeply --item 56 --log-file-suffix  Deep Analysis
Jun 06, 2025 02:13:52.714 [128519176781568] DEBUG - Opening 20 database sessions to library (com.plexapp.plugins.library), SQLite 3.39.4, threadsafe=1
Jun 06, 2025 02:13:52.797 [128519176781568] DEBUG - [MI] Opening input file: "/data/movies/Three Colors Blue (1993)/Three Colors - Blue (1993) (2160p BluRay x265 10bit HDR Tigole).mkv"
Jun 06, 2025 02:13:52.797 [128519176781568] DEBUG - [FFMPEG] - Opening '/data/movies/Three Colors Blue (1993)/Three Colors - Blue (1993) (2160p BluRay x265 10bit HDR Tigole).mkv' for reading
Jun 06, 2025 02:13:52.797 [128519176781568] DEBUG - [FFMPEG] - Setting default whitelist 'file,crypto,data'
Jun 06, 2025 02:13:52.798 [128519176781568] DEBUG - [FFMPEG] - Format matroska,webm probed with size=2048 and score=100
Jun 06, 2025 02:13:52.798 [128519176781568] DEBUG - [FFMPEG] - Unknown entry 0x22B59D at pos. 4360
Jun 06, 2025 02:13:52.798 [128519176781568] DEBUG - [FFMPEG] - Unknown entry 0x22B59D at pos. 7029
Jun 06, 2025 02:13:52.798 [128519176781568] DEBUG - [FFMPEG] - Unknown entry 0x22B59D at pos. 7431
Jun 06, 2025 02:13:52.798 [128519176781568] DEBUG - [FFMPEG] - Unknown entry 0x22B59D at pos. 7841
Jun 06, 2025 02:13:52.798 [128519176781568] DEBUG - [FFMPEG] - Unknown entry 0x22B59D at pos. 8251
Jun 06, 2025 02:13:52.798 [128519176781568] DEBUG - [FFMPEG] - Unknown entry 0x437D at pos. 9359
Jun 06, 2025 02:13:52.798 [128519176781568] DEBUG - [FFMPEG] - Unknown entry 0x437D at pos. 9406
Jun 06, 2025 02:13:52.798 [128519176781568] DEBUG - [FFMPEG] - Unknown entry 0x437D at pos. 9452
Jun 06, 2025 02:13:52.798 [128519176781568] DEBUG - [FFMPEG] - Unknown entry 0x437D at pos. 9510
Jun 06, 2025 02:13:52.798 [128519176781568] DEBUG - [FFMPEG] - Unknown entry 0x437D at pos. 9572
Jun 06, 2025 02:13:52.798 [128519176781568] DEBUG - [FFMPEG] - Unknown entry 0x437D at pos. 9624
Jun 06, 2025 02:13:52.798 [128519176781568] DEBUG - [FFMPEG] - Unknown entry 0x437D at pos. 9676
Jun 06, 2025 02:13:52.798 [128519176781568] DEBUG - [FFMPEG] - Unknown entry 0x437D at pos. 9726
Jun 06, 2025 02:13:52.798 [128519176781568] DEBUG - [FFMPEG] - Unknown entry 0x437D at pos. 9776
Jun 06, 2025 02:13:52.798 [128519176781568] DEBUG - [FFMPEG] - Unknown entry 0x437D at pos. 9824
Jun 06, 2025 02:13:52.798 [128519176781568] DEBUG - [FFMPEG] - Unknown entry 0x437D at pos. 9885
Jun 06, 2025 02:13:52.798 [128519176781568] DEBUG - [FFMPEG] - Unknown entry 0x437D at pos. 9951
Jun 06, 2025 02:13:52.798 [128519176781568] DEBUG - [FFMPEG] - Unknown entry 0x437D at pos. 10013
Jun 06, 2025 02:13:52.798 [128519176781568] DEBUG - [FFMPEG] - Unknown entry 0x437D at pos. 10064
Jun 06, 2025 02:13:52.798 [128519176781568] DEBUG - [FFMPEG] - Unknown entry 0x437D at pos. 10114
Jun 06, 2025 02:13:52.798 [128519176781568] DEBUG - [FFMPEG] - Unknown entry 0x437D at pos. 10167
Jun 06, 2025 02:13:52.798 [128519176781568] DEBUG - [FFMPEG] - st:0 removing common factor 1000000 from timebase
Jun 06, 2025 02:13:52.798 [128519176781568] DEBUG - [FFMPEG] - st:1 removing common factor 1000000 from timebase
Jun 06, 2025 02:13:52.798 [128519176781568] DEBUG - [FFMPEG] - st:2 removing common factor 1000000 from timebase
Jun 06, 2025 02:13:52.798 [128519176781568] DEBUG - [FFMPEG] - st:3 removing common factor 1000000 from timebase
Jun 06, 2025 02:13:52.798 [128519176781568] DEBUG - [FFMPEG] - st:4 removing common factor 1000000 from timebase
Jun 06, 2025 02:13:52.798 [128519176781568] DEBUG - [FFMPEG] - Before avformat_find_stream_info() pos: 10279 bytes read:34422 seeks:2 nb_streams:5
Jun 06, 2025 02:13:52.799 [128519176781568] DEBUG - [FFMPEG] - nal_unit_type: 32(VPS), nuh_layer_id: 0, temporal_id: 0
Jun 06, 2025 02:13:52.799 [128519176781568] DEBUG - [FFMPEG] - Decoding VPS
Jun 06, 2025 02:13:52.799 [128519176781568] DEBUG - [FFMPEG] - Main 10 profile bitstream
Jun 06, 2025 02:13:52.799 [128519176781568] DEBUG - [FFMPEG] - nal_unit_type: 33(SPS), nuh_layer_id: 0, temporal_id: 0
Jun 06, 2025 02:13:52.799 [128519176781568] DEBUG - [FFMPEG] - Decoding SPS
Jun 06, 2025 02:13:52.799 [128519176781568] DEBUG - [FFMPEG] - Main 10 profile bitstream
Jun 06, 2025 02:13:52.799 [128519176781568] DEBUG - [FFMPEG] - Decoding VUI
Jun 06, 2025 02:13:52.799 [128519176781568] DEBUG - [FFMPEG] - nal_unit_type: 34(PPS), nuh_layer_id: 0, temporal_id: 0
Jun 06, 2025 02:13:52.799 [128519176781568] DEBUG - [FFMPEG] - Decoding PPS
Jun 06, 2025 02:13:52.799 [128519176781568] DEBUG - [FFMPEG] - nal_unit_type: 39(SEI_PREFIX), nuh_layer_id: 0, temporal_id: 0
Jun 06, 2025 02:13:52.799 [128519176781568] DEBUG - [FFMPEG] - Decoding SEI
Jun 06, 2025 02:13:52.801 [128519176781568] DEBUG - [FFMPEG] - palette:
Jun 06, 2025 02:13:52.801 [128519176781568] DEBUG - [FFMPEG] -  0x000000
Jun 06, 2025 02:13:52.801 [128519176781568] DEBUG - [FFMPEG] -  0xf0f0f0
Jun 06, 2025 02:13:52.801 [128519176781568] DEBUG - [FFMPEG] -  0xcccccc
Jun 06, 2025 02:13:52.801 [128519176781568] DEBUG - [FFMPEG] -  0x999999
Jun 06, 2025 02:13:52.801 [128519176781568] DEBUG - [FFMPEG] -  0x3333fa
Jun 06, 2025 02:13:52.801 [128519176781568] DEBUG - [FFMPEG] -  0x1111bb
Jun 06, 2025 02:13:52.801 [128519176781568] DEBUG - [FFMPEG] -  0xfa3333
Jun 06, 2025 02:13:52.801 [128519176781568] DEBUG - [FFMPEG] -  0xbb1111
Jun 06, 2025 02:13:52.801 [128519176781568] DEBUG - [FFMPEG] -  0x33fa33
Jun 06, 2025 02:13:52.801 [128519176781568] DEBUG - [FFMPEG] -  0x11bb11
Jun 06, 2025 02:13:52.801 [128519176781568] DEBUG - [FFMPEG] -  0xfafa33
Jun 06, 2025 02:13:52.801 [128519176781568] DEBUG - [FFMPEG] -  0xbbbb11
Jun 06, 2025 02:13:52.801 [128519176781568] DEBUG - [FFMPEG] -  0xfa33fa
Jun 06, 2025 02:13:52.801 [128519176781568] DEBUG - [FFMPEG] -  0xbb11bb
Jun 06, 2025 02:13:52.801 [128519176781568] DEBUG - [FFMPEG] -  0x33fafa
Jun 06, 2025 02:13:52.801 [128519176781568] DEBUG - [FFMPEG] -  0x11bbbb
Jun 06, 2025 02:13:52.801 [128519176781568] DEBUG - [FFMPEG] - 
Jun 06, 2025 02:13:52.801 [128519176781568] DEBUG - [FFMPEG] - palette:
Jun 06, 2025 02:13:52.801 [128519176781568] DEBUG - [FFMPEG] -  0x000000
Jun 06, 2025 02:13:52.801 [128519176781568] DEBUG - [FFMPEG] -  0xf0f0f0
Jun 06, 2025 02:13:52.801 [128519176781568] DEBUG - [FFMPEG] -  0xcccccc
Jun 06, 2025 02:13:52.801 [128519176781568] DEBUG - [FFMPEG] -  0x999999
Jun 06, 2025 02:13:52.801 [128519176781568] DEBUG - [FFMPEG] -  0x3333fa
Jun 06, 2025 02:13:52.801 [128519176781568] DEBUG - [FFMPEG] -  0x1111bb
Jun 06, 2025 02:13:52.801 [128519176781568] DEBUG - [FFMPEG] -  0xfa3333
Jun 06, 2025 02:13:52.801 [128519176781568] DEBUG - [FFMPEG] -  0xbb1111
Jun 06, 2025 02:13:52.801 [128519176781568] DEBUG - [FFMPEG] -  0x33fa33
Jun 06, 2025 02:13:52.801 [128519176781568] DEBUG - [FFMPEG] -  0x11bb11
Jun 06, 2025 02:13:52.801 [128519176781568] DEBUG - [FFMPEG] -  0xfafa33
Jun 06, 2025 02:13:52.801 [128519176781568] DEBUG - [FFMPEG] -  0xbbbb11
Jun 06, 2025 02:13:52.801 [128519176781568] DEBUG - [FFMPEG] -  0xfa33fa
Jun 06, 2025 02:13:52.801 [128519176781568] DEBUG - [FFMPEG] -  0xbb11bb
Jun 06, 2025 02:13:52.801 [128519176781568] DEBUG - [FFMPEG] -  0x33fafa
Jun 06, 2025 02:13:52.801 [128519176781568] DEBUG - [FFMPEG] -  0x11bbbb
Jun 06, 2025 02:13:52.801 [128519176781568] DEBUG - [FFMPEG] - 
Jun 06, 2025 02:13:52.801 [128519176781568] DEBUG - [FFMPEG] - palette:
Jun 06, 2025 02:13:52.801 [128519176781568] DEBUG - [FFMPEG] -  0x000000
Jun 06, 2025 02:13:52.801 [128519176781568] DEBUG - [FFMPEG] -  0xf0f0f0
Jun 06, 2025 02:13:52.801 [128519176781568] DEBUG - [FFMPEG] -  0xcccccc
Jun 06, 2025 02:13:52.801 [128519176781568] DEBUG - [FFMPEG] -  0x999999
Jun 06, 2025 02:13:52.801 [128519176781568] DEBUG - [FFMPEG] -  0x3333fa
Jun 06, 2025 02:13:52.801 [128519176781568] DEBUG - [FFMPEG] -  0x1111bb
Jun 06, 2025 02:13:52.801 [128519176781568] DEBUG - [FFMPEG] -  0xfa3333
Jun 06, 2025 02:13:52.801 [128519176781568] DEBUG - [FFMPEG] -  0xbb1111
Jun 06, 2025 02:13:52.801 [128519176781568] DEBUG - [FFMPEG] -  0x33fa33
Jun 06, 2025 02:13:52.801 [128519176781568] DEBUG - [FFMPEG] -  0x11bb11
Jun 06, 2025 02:13:52.801 [128519176781568] DEBUG - [FFMPEG] -  0xfafa33
Jun 06, 2025 02:13:52.801 [128519176781568] DEBUG - [FFMPEG] -  0xbbbb11
Jun 06, 2025 02:13:52.801 [128519176781568] DEBUG - [FFMPEG] -  0xfa33fa
Jun 06, 2025 02:13:52.801 [128519176781568] DEBUG - [FFMPEG] -  0xbb11bb
Jun 06, 2025 02:13:52.801 [128519176781568] DEBUG - [FFMPEG] -  0x33fafa
Jun 06, 2025 02:13:52.801 [128519176781568] DEBUG - [FFMPEG] -  0x11bbbb
Jun 06, 2025 02:13:52.801 [128519176781568] DEBUG - [FFMPEG] - 
Jun 06, 2025 02:13:52.801 [128519176781568] DEBUG - [FFMPEG] - All info found
Jun 06, 2025 02:13:52.802 [128519176781568] DEBUG - [FFMPEG] - After avformat_find_stream_info() pos: 15525 bytes read:67190 seeks:2 frames:19
Jun 06, 2025 02:13:54.185 [128519176781568] DEBUG - Deep Analysis: Read 10000 packets at 140.905000
Jun 06, 2025 02:13:55.609 [128519176781568] DEBUG - Deep Analysis: Read 20000 packets at 281.500000
Jun 06, 2025 02:13:58.436 [128519176781568] DEBUG - Deep Analysis: Read 30000 packets at 422.083000
Jun 06, 2025 02:14:00.195 [128519176781568] DEBUG - Deep Analysis: Read 40000 packets at 562.667000
Jun 06, 2025 02:14:01.440 [128519176781568] DEBUG - Deep Analysis: Read 50000 packets at 703.443000
Jun 06, 2025 02:14:03.419 [128519176781568] DEBUG - Deep Analysis: Read 60000 packets at 843.333000
Jun 06, 2025 02:14:04.734 [128519176781568] DEBUG - Deep Analysis: Read 70000 packets at 984.233000
Jun 06, 2025 02:14:06.893 [128519176781568] DEBUG - Deep Analysis: Read 80000 packets at 1124.417000
Jun 06, 2025 02:14:09.016 [128519176781568] DEBUG - Deep Analysis: Read 90000 packets at 1265.492000
Jun 06, 2025 02:14:10.733 [128519176781568] DEBUG - Deep Analysis: Read 100000 packets at 1406.078000
Jun 06, 2025 02:14:12.596 [128519176781568] DEBUG - Deep Analysis: Read 110000 packets at 1546.558000
Jun 06, 2025 02:14:14.450 [128519176781568] DEBUG - Deep Analysis: Read 120000 packets at 1687.294000
Jun 06, 2025 02:14:16.859 [128519176781568] DEBUG - Deep Analysis: Read 130000 packets at 1827.604000
Jun 06, 2025 02:14:18.842 [128519176781568] DEBUG - Deep Analysis: Read 140000 packets at 1968.510000
Jun 06, 2025 02:14:20.204 [128519176781568] DEBUG - Deep Analysis: Read 150000 packets at 2109.502000
Jun 06, 2025 02:14:21.629 [128519176781568] DEBUG - Deep Analysis: Read 160000 packets at 2249.792000
Jun 06, 2025 02:14:23.175 [128519176781568] DEBUG - Deep Analysis: Read 170000 packets at 2390.792000
Jun 06, 2025 02:14:25.007 [128519176781568] DEBUG - Deep Analysis: Read 180000 packets at 2531.326000
Jun 06, 2025 02:14:27.012 [128519176781568] DEBUG - Deep Analysis: Read 190000 packets at 2671.443000
Jun 06, 2025 02:14:29.096 [128519176781568] DEBUG - Deep Analysis: Read 200000 packets at 2811.667000
Jun 06, 2025 02:14:30.615 [128519176781568] DEBUG - Deep Analysis: Read 210000 packets at 2951.958000
Jun 06, 2025 02:14:32.239 [128519176781568] DEBUG - Deep Analysis: Read 220000 packets at 3092.499000
Jun 06, 2025 02:14:34.048 [128519176781568] DEBUG - Deep Analysis: Read 230000 packets at 3233.107000
Jun 06, 2025 02:14:35.802 [128519176781568] DEBUG - Deep Analysis: Read 240000 packets at 3373.715000
Jun 06, 2025 02:14:37.562 [128519176781568] DEBUG - Deep Analysis: Read 250000 packets at 3513.458000
Jun 06, 2025 02:14:39.919 [128519176781568] DEBUG - Deep Analysis: Read 260000 packets at 3654.313000
Jun 06, 2025 02:14:42.393 [128519176781568] DEBUG - Deep Analysis: Read 270000 packets at 3794.601000
Jun 06, 2025 02:14:44.010 [128519176781568] DEBUG - Deep Analysis: Read 280000 packets at 3934.953000
Jun 06, 2025 02:14:45.965 [128519176781568] DEBUG - Deep Analysis: Read 290000 packets at 4074.644000
Jun 06, 2025 02:14:48.283 [128519176781568] DEBUG - Deep Analysis: Read 300000 packets at 4214.483000
Jun 06, 2025 02:14:50.955 [128519176781568] DEBUG - Deep Analysis: Read 310000 packets at 4354.430000
Jun 06, 2025 02:14:52.735 [128519176781568] DEBUG - Deep Analysis: Read 320000 packets at 4494.696000
Jun 06, 2025 02:14:54.645 [128519176781568] DEBUG - Deep Analysis: Read 330000 packets at 4635.000000
Jun 06, 2025 02:14:56.533 [128519176781568] DEBUG - Deep Analysis: Read 340000 packets at 4775.507000
Jun 06, 2025 02:14:58.715 [128519176781568] DEBUG - Deep Analysis: Read 350000 packets at 4915.944000
Jun 06, 2025 02:15:00.469 [128519176781568] DEBUG - Deep Analysis: Read 360000 packets at 5055.955000
Jun 06, 2025 02:15:03.070 [128519176781568] DEBUG - Deep Analysis: Read 370000 packets at 5195.924000
Jun 06, 2025 02:15:04.387 [128519176781568] DEBUG - Deep Analysis: Read 380000 packets at 5335.998000
Jun 06, 2025 02:15:05.882 [128519176781568] DEBUG - Deep Analysis: Read 390000 packets at 5476.417000
Jun 06, 2025 02:15:06.813 [128519176781568] DEBUG - Deep Analysis: Read 400000 packets at 5617.384000
Jun 06, 2025 02:15:08.194 [128519176781568] DEBUG - Deep Analysis: Read 410000 packets at 5758.420000
Jun 06, 2025 02:15:08.408 [128519176781568] DEBUG - Deep Analysis: Read 420000 packets at 5899.453000
Jun 06, 2025 02:15:08.409 [128519176781568] DEBUG - Deep Analysis: Sorting packets
Jun 06, 2025 02:15:08.427 [128519176781568] DEBUG - Deep Analysis: Performing file bitrate analysis
Jun 06, 2025 02:15:08.549 [128519176781568] DEBUG - Deep Analysis: Performing stream bitrate analysis on stream 0
Jun 06, 2025 02:15:08.584 [128519176781568] DEBUG - Deep Analysis: Performing stream bitrate analysis on stream 1
Jun 06, 2025 02:15:08.615 [128519176781568] DEBUG - Deep Analysis: Performing stream bitrate analysis on stream 2
Jun 06, 2025 02:15:08.615 [128519176781568] DEBUG - Deep Analysis: Performing stream bitrate analysis on stream 3
Jun 06, 2025 02:15:08.616 [128519176781568] DEBUG - Deep Analysis: Performing stream bitrate analysis on stream 4
Jun 06, 2025 02:15:08.616 [128519176781568] DEBUG - Deep Analysis: Saving GoP analysis for stream 0
Jun 06, 2025 02:15:08.617 [128519176781568] DEBUG - Deep Analysis: Saving bitrate analysis
Jun 06, 2025 02:15:08.617 [128519176781568] DEBUG - Updating part with ID=150 [/data/movies/Three Colors Blue (1993)/Three Colors - Blue (1993) (2160p BluRay x265 10bit HDR Tigole).mkv]
Jun 06, 2025 02:15:08.618 [128519176781568] DEBUG - [MI] Closing input file: "/data/movies/Three Colors Blue (1993)/Three Colors - Blue (1993) (2160p BluRay x265 10bit HDR Tigole).mkv"
Jun 06, 2025 02:15:08.618 [128519176781568] DEBUG - Updating media item 150, size=13521028841, metadata_item_id=56
Jun 06, 2025 02:15:08.618 [128519176781568] DEBUG - Updating part with ID=150 [/data/movies/Three Colors Blue (1993)/Three Colors - Blue (1993) (2160p BluRay x265 10bit HDR Tigole).mkv]
