Jun 07, 2025 02:03:39.200 [129428710238976] INFO - Plex Media Scanner v1.41.7.9823-59f304c16 - Docker Docker Container x86_64 - build: linux-x86_64 - GMT -04:00
Jun 07, 2025 02:03:39.200 [129428710238976] INFO - Linux version: 6.8.12-11-pve, language: en-US
Jun 07, 2025 02:03:39.200 [129428710238976] INFO - Processor: 16-core Intel(R) Xeon(R) CPU E5-2640 v3 @ 2.60GHz
Jun 07, 2025 02:03:39.200 [129428710238976] INFO - /usr/lib/plexmediaserver/Plex Media Scanner --generate --chapter-thumbs-only --item 2 --log-file-suffix  Chapter Thumbnails
Jun 07, 2025 02:03:39.201 [129428710739712] DEBUG - Opening 20 database sessions to library (com.plexapp.plugins.library), SQLite 3.39.4, threadsafe=1
Jun 07, 2025 02:03:39.286 [129428710739712] DEBUG - Created chapter thumbnail for metadata item 2, media item 2 for chapter number 1:0 at "/config/Library/Application Support/Plex Media Server/Media/localhost/c/7cbc90898617edd0c43135766f08c7c19fd162f.bundle/Contents/Chapters/chapter1.jpg"
Jun 07, 2025 02:03:39.287 [129428710739712] DEBUG - Created chapter thumbnail for metadata item 2, media item 2 for chapter number 2:594385 at "/config/Library/Application Support/Plex Media Server/Media/localhost/c/7cbc90898617edd0c43135766f08c7c19fd162f.bundle/Contents/Chapters/chapter2.jpg"
Jun 07, 2025 02:03:39.287 [129428710739712] DEBUG - Created chapter thumbnail for metadata item 2, media item 2 for chapter number 3:1058020 at "/config/Library/Application Support/Plex Media Server/Media/localhost/c/7cbc90898617edd0c43135766f08c7c19fd162f.bundle/Contents/Chapters/chapter3.jpg"
Jun 07, 2025 02:03:39.287 [129428710739712] DEBUG - Created chapter thumbnail for metadata item 2, media item 2 for chapter number 4:1471600 at "/config/Library/Application Support/Plex Media Server/Media/localhost/c/7cbc90898617edd0c43135766f08c7c19fd162f.bundle/Contents/Chapters/chapter4.jpg"
Jun 07, 2025 02:03:39.287 [129428710739712] DEBUG - Created chapter thumbnail for metadata item 2, media item 2 for chapter number 5:2038620 at "/config/Library/Application Support/Plex Media Server/Media/localhost/c/7cbc90898617edd0c43135766f08c7c19fd162f.bundle/Contents/Chapters/chapter5.jpg"
Jun 07, 2025 02:03:39.287 [129428710739712] DEBUG - Created chapter thumbnail for metadata item 2, media item 2 for chapter number 6:2631210 at "/config/Library/Application Support/Plex Media Server/Media/localhost/c/7cbc90898617edd0c43135766f08c7c19fd162f.bundle/Contents/Chapters/chapter6.jpg"
Jun 07, 2025 02:03:39.287 [129428710739712] DEBUG - Created chapter thumbnail for metadata item 2, media item 2 for chapter number 7:3150560 at "/config/Library/Application Support/Plex Media Server/Media/localhost/c/7cbc90898617edd0c43135766f08c7c19fd162f.bundle/Contents/Chapters/chapter7.jpg"
Jun 07, 2025 02:03:39.287 [129428710739712] DEBUG - Created chapter thumbnail for metadata item 2, media item 2 for chapter number 8:3459040 at "/config/Library/Application Support/Plex Media Server/Media/localhost/c/7cbc90898617edd0c43135766f08c7c19fd162f.bundle/Contents/Chapters/chapter8.jpg"
Jun 07, 2025 02:03:39.287 [129428710739712] DEBUG - Created chapter thumbnail for metadata item 2, media item 2 for chapter number 9:3790910 at "/config/Library/Application Support/Plex Media Server/Media/localhost/c/7cbc90898617edd0c43135766f08c7c19fd162f.bundle/Contents/Chapters/chapter9.jpg"
Jun 07, 2025 02:03:39.287 [129428710739712] DEBUG - Created chapter thumbnail for metadata item 2, media item 2 for chapter number 10:4173670 at "/config/Library/Application Support/Plex Media Server/Media/localhost/c/7cbc90898617edd0c43135766f08c7c19fd162f.bundle/Contents/Chapters/chapter10.jpg"
Jun 07, 2025 02:03:39.287 [129428710739712] DEBUG - Created chapter thumbnail for metadata item 2, media item 2 for chapter number 11:4643680 at "/config/Library/Application Support/Plex Media Server/Media/localhost/c/7cbc90898617edd0c43135766f08c7c19fd162f.bundle/Contents/Chapters/chapter11.jpg"
Jun 07, 2025 02:03:39.287 [129428710739712] DEBUG - Created chapter thumbnail for metadata item 2, media item 2 for chapter number 12:5126290 at "/config/Library/Application Support/Plex Media Server/Media/localhost/c/7cbc90898617edd0c43135766f08c7c19fd162f.bundle/Contents/Chapters/chapter12.jpg"
Jun 07, 2025 02:03:39.287 [129428710739712] DEBUG - Created chapter thumbnail for metadata item 2, media item 2 for chapter number 13:5741530 at "/config/Library/Application Support/Plex Media Server/Media/localhost/c/7cbc90898617edd0c43135766f08c7c19fd162f.bundle/Contents/Chapters/chapter13.jpg"
Jun 07, 2025 02:03:39.287 [129428710739712] DEBUG - Created chapter thumbnail for metadata item 2, media item 2 for chapter number 14:6060430 at "/config/Library/Application Support/Plex Media Server/Media/localhost/c/7cbc90898617edd0c43135766f08c7c19fd162f.bundle/Contents/Chapters/chapter14.jpg"
Jun 07, 2025 02:03:39.287 [129428710739712] DEBUG - Created chapter thumbnail for metadata item 2, media item 2 for chapter number 15:6222970 at "/config/Library/Application Support/Plex Media Server/Media/localhost/c/7cbc90898617edd0c43135766f08c7c19fd162f.bundle/Contents/Chapters/chapter15.jpg"
Jun 07, 2025 02:03:39.287 [129428710739712] DEBUG - Created chapter thumbnail for metadata item 2, media item 2 for chapter number 16:6338210 at "/config/Library/Application Support/Plex Media Server/Media/localhost/c/7cbc90898617edd0c43135766f08c7c19fd162f.bundle/Contents/Chapters/chapter16.jpg"
