<SessionReport version="2" startTime="0" startTimestamp="Jun 05, 2025 09:38:31.002" key="/library/metadata/56" session="y5ebj56mle9titp88tg4s9ue" transcode="mvcglkdsi1qcuoab35mjw99l">
<User id="1" thumb="https://plex.tv/users/5042b28252a57686/avatar?c=1749106353" title="shawnjacobsen" />
<Player address="10.0.0.122" device="Windows" machineIdentifier="zhokrppeafn9frj1udundnc8" model="bundled" platform="Chrome" platformVersion="135.0" product="Plex Web" remotePublicAddress="73.134.64.98" title="Chrome" version="4.146.0" local="1" relayed="0" secure="1" userID="1" />
<Variants>
<Variant id="cd40b5d1-79c1-4379-84c8-151a0b7ccd95" targetBitrate="38766" context="streaming" sourceVideoCodec="hevc" sourceAudioCodec="aac" videoDecision="copy" audioDecision="transcode" protocol="dash" container="mp4" videoCodec="hevc" audioCodec="aac" audioChannels="2" transcodeHwRequested="0" transcodeHwFullPipeline="0">
<Media audioProfile="lc" id="150" videoProfile="main 10" audioChannels="2" audioCodec="aac" bitrate="18588" container="mp4" duration="5900393" height="2076" optimizedForStreaming="1" protocol="dash" videoCodec="hevc" videoFrameRate="24p" videoResolution="4K" width="3840" selected="1">
<Part audioProfile="lc" id="150" videoProfile="main 10" bitrate="18588" container="mp4" duration="5900393" height="2076" optimizedForStreaming="1" protocol="dash" width="3840" decision="transcode" selected="1">
<Stream bitDepth="10" bitrate="18332" chromaLocation="left" chromaSubsampling="4:2:0" codec="hevc" codedHeight="2080" codedWidth="3840" colorPrimaries="bt2020" colorRange="tv" colorSpace="bt2020nc" colorTrc="smpte2084" default="1" displayTitle="4K HDR10" extendedDisplayTitle="4K HDR10 (HEVC Main 10)" frameRate="24" height="2076" id="330" level="150" profile="main 10" refFrames="1" streamType="1" width="3840" decision="copy" location="segments-video" />
<Stream bitrate="256" bitrateMode="cbr" channels="2" codec="aac" default="1" displayTitle="Fran&#231;ais (AAC 5.1)" extendedDisplayTitle="Fran&#231;ais (AAC 5.1)" id="331" language="Fran&#231;ais" languageCode="fra" languageTag="fr" selected="1" streamType="2" decision="transcode" location="segments-audio" />
</Part>
</Media>
</Variant>
</Variants>
<SegmentList>
<Segment duration="10249" startOffset="0" endOffset="10249">
<File name="chunk-stream0-00001.m4s" type="video">
<FileVariant size="438315" variant="cd40b5d1-79c1-4379-84c8-151a0b7ccd95" />
</File>
<File name="chunk-stream1-00001.m4s" type="audio">
<FileVariant size="285261" variant="cd40b5d1-79c1-4379-84c8-151a0b7ccd95" />
</File>
<Timelines>
<Transcode startTime="18" endTime="257" complete="1" fileType="video" variant="cd40b5d1-79c1-4379-84c8-151a0b7ccd95" />
<Transcode startTime="18" endTime="257" complete="1" fileType="audio" variant="cd40b5d1-79c1-4379-84c8-151a0b7ccd95" />
</Timelines>
</Segment>
<Segment duration="0" startOffset="-1" endOffset="-1">
<Timelines>
<Download startTime="332" fileType="audio" variant="cd40b5d1-79c1-4379-84c8-151a0b7ccd95" />
<Download startTime="334" fileType="video" variant="cd40b5d1-79c1-4379-84c8-151a0b7ccd95" />
</Timelines>
</Segment>
<Segment duration="10458" startOffset="10249" endOffset="20708">
<File name="chunk-stream0-00002.m4s" type="video">
<FileVariant size="642894" variant="cd40b5d1-79c1-4379-84c8-151a0b7ccd95" />
</File>
<File name="chunk-stream1-00002.m4s" type="audio">
<FileVariant size="127515" variant="cd40b5d1-79c1-4379-84c8-151a0b7ccd95" />
</File>
<Timelines>
<Transcode startTime="257" endTime="480" complete="1" fileType="video" variant="cd40b5d1-79c1-4379-84c8-151a0b7ccd95" />
<Transcode startTime="257" endTime="480" complete="1" fileType="audio" variant="cd40b5d1-79c1-4379-84c8-151a0b7ccd95" />
</Timelines>
</Segment>
</SegmentList>
<PlaybackReports />
<StateReports />
<StateReports />
</SessionReport>
