<SessionReport version="2" startTime="0" startTimestamp="Jun 05, 2025 09:38:31.002" key="/library/metadata/56" session="y5ebj56mle9titp88tg4s9ue" transcode="mvcglkdsi1qcuoab35mjw99l">
<User id="1" thumb="https://plex.tv/users/5042b28252a57686/avatar?c=1749106353" title="shawnjacobsen" />
<Player address="10.0.0.122" device="Windows" machineIdentifier="zhokrppeafn9frj1udundnc8" model="bundled" platform="Chrome" platformVersion="135.0" product="Plex Web" remotePublicAddress="73.134.64.98" title="Chrome" version="4.146.0" local="1" relayed="0" secure="1" userID="1" />
<Variants>
<Variant id="cd40b5d1-79c1-4379-84c8-151a0b7ccd95" targetBitrate="38766" context="streaming" sourceVideoCodec="hevc" sourceAudioCodec="aac" videoDecision="copy" audioDecision="transcode" protocol="dash" container="mp4" videoCodec="hevc" audioCodec="aac" audioChannels="2" transcodeHwRequested="0" transcodeHwFullPipeline="0">
<Media audioProfile="lc" id="150" videoProfile="main 10" audioChannels="2" audioCodec="aac" bitrate="18588" container="mp4" duration="5900393" height="2076" optimizedForStreaming="1" protocol="dash" videoCodec="hevc" videoFrameRate="24p" videoResolution="4K" width="3840" selected="1">
<Part audioProfile="lc" id="150" videoProfile="main 10" bitrate="18588" container="mp4" duration="5900393" height="2076" optimizedForStreaming="1" protocol="dash" width="3840" decision="transcode" selected="1">
<Stream bitDepth="10" bitrate="18332" chromaLocation="left" chromaSubsampling="4:2:0" codec="hevc" codedHeight="2080" codedWidth="3840" colorPrimaries="bt2020" colorRange="tv" colorSpace="bt2020nc" colorTrc="smpte2084" default="1" displayTitle="4K HDR10" extendedDisplayTitle="4K HDR10 (HEVC Main 10)" frameRate="24" height="2076" id="330" level="150" profile="main 10" refFrames="1" streamType="1" width="3840" decision="copy" location="segments-video" />
<Stream bitrate="256" bitrateMode="cbr" channels="2" codec="aac" default="1" displayTitle="Fran&#231;ais (AAC 5.1)" extendedDisplayTitle="Fran&#231;ais (AAC 5.1)" id="331" language="Fran&#231;ais" languageCode="fra" languageTag="fr" selected="1" streamType="2" decision="transcode" location="segments-audio" />
</Part>
</Media>
</Variant>
<Variant id="e3d2fb31-5d86-4927-8bb2-e3e49e07c4f1" targetBitrate="38766" context="streaming" sourceVideoCodec="hevc" sourceAudioCodec="aac" videoDecision="copy" audioDecision="transcode" protocol="dash" container="mp4" videoCodec="hevc" audioCodec="aac" audioChannels="2" width="3840" height="2076" transcodeHwRequested="0" transcodeHwFullPipeline="0">
<Media audioProfile="lc" id="150" videoProfile="main 10" audioChannels="2" audioCodec="aac" bitrate="18588" container="mp4" duration="5900393" height="2076" optimizedForStreaming="1" protocol="dash" videoCodec="hevc" videoFrameRate="24p" videoResolution="4K" width="3840" selected="1">
<Part audioProfile="lc" id="150" videoProfile="main 10" bitrate="18588" container="mp4" duration="5900393" height="2076" optimizedForStreaming="1" protocol="dash" width="3840" decision="transcode" selected="1">
<Stream bitDepth="10" bitrate="18332" chromaLocation="left" chromaSubsampling="4:2:0" codec="hevc" codedHeight="2080" codedWidth="3840" colorPrimaries="bt2020" colorRange="tv" colorSpace="bt2020nc" colorTrc="smpte2084" default="1" displayTitle="4K HDR10" extendedDisplayTitle="4K HDR10 (HEVC Main 10)" frameRate="24" height="2076" id="330" level="150" profile="main 10" refFrames="1" streamType="1" width="3840" decision="copy" location="segments-video" />
<Stream bitrate="256" bitrateMode="cbr" channels="2" codec="aac" default="1" displayTitle="Fran&#231;ais (AAC 5.1)" extendedDisplayTitle="Fran&#231;ais (AAC 5.1)" id="331" language="Fran&#231;ais" languageCode="fra" languageTag="fr" selected="1" streamType="2" decision="transcode" location="segments-audio" />
</Part>
</Media>
</Variant>
</Variants>
<SegmentList>
<Segment duration="10249" startOffset="0" endOffset="10249">
<File name="chunk-stream0-00001.m4s" type="video">
<FileVariant size="438315" variant="cd40b5d1-79c1-4379-84c8-151a0b7ccd95" />
</File>
<File name="chunk-stream1-00001.m4s" type="audio">
<FileVariant size="285261" variant="cd40b5d1-79c1-4379-84c8-151a0b7ccd95" />
</File>
<Timelines>
<Transcode startTime="18" endTime="257" complete="1" fileType="video" variant="cd40b5d1-79c1-4379-84c8-151a0b7ccd95" />
<Transcode startTime="18" endTime="257" complete="1" fileType="audio" variant="cd40b5d1-79c1-4379-84c8-151a0b7ccd95" />
</Timelines>
</Segment>
<Segment duration="10208" startOffset="159000" endOffset="169208">
<File name="chunk-stream0-00033.m4s" type="video">
<FileVariant size="3736681" variant="e3d2fb31-5d86-4927-8bb2-e3e49e07c4f1" />
</File>
<File name="chunk-stream1-00033.m4s" type="audio">
<FileVariant size="306269" variant="e3d2fb31-5d86-4927-8bb2-e3e49e07c4f1" />
</File>
<Timelines>
<Download startTime="332" endTime="1042" complete="1" fileType="audio" variant="cd40b5d1-79c1-4379-84c8-151a0b7ccd95">
<Pause type="segmentWait" startTime="332" endTime="935" />
</Download>
<Download startTime="334" endTime="1779" complete="1" fileType="video" variant="cd40b5d1-79c1-4379-84c8-151a0b7ccd95">
<Pause type="segmentWait" startTime="334" endTime="935" />
</Download>
<Transcode startTime="535" endTime="862" complete="1" fileType="video" variant="e3d2fb31-5d86-4927-8bb2-e3e49e07c4f1" />
<Transcode startTime="535" endTime="862" complete="1" fileType="audio" variant="e3d2fb31-5d86-4927-8bb2-e3e49e07c4f1" />
</Timelines>
</Segment>
<Segment duration="10458" startOffset="10249" endOffset="20708">
<File name="chunk-stream0-00002.m4s" type="video">
<FileVariant size="642894" variant="cd40b5d1-79c1-4379-84c8-151a0b7ccd95" />
</File>
<File name="chunk-stream1-00002.m4s" type="audio">
<FileVariant size="127515" variant="cd40b5d1-79c1-4379-84c8-151a0b7ccd95" />
</File>
<Timelines>
<Transcode startTime="257" endTime="480" complete="1" fileType="video" variant="cd40b5d1-79c1-4379-84c8-151a0b7ccd95" />
<Transcode startTime="257" endTime="480" complete="1" fileType="audio" variant="cd40b5d1-79c1-4379-84c8-151a0b7ccd95" />
</Timelines>
</Segment>
<Segment duration="10291" startOffset="169208" endOffset="179499">
<File name="chunk-stream0-00034.m4s" type="video">
<FileVariant size="3468040" variant="e3d2fb31-5d86-4927-8bb2-e3e49e07c4f1" />
</File>
<File name="chunk-stream1-00034.m4s" type="audio">
<FileVariant size="320593" variant="e3d2fb31-5d86-4927-8bb2-e3e49e07c4f1" />
</File>
<Timelines>
<Transcode startTime="862" endTime="1132" complete="1" fileType="video" variant="e3d2fb31-5d86-4927-8bb2-e3e49e07c4f1" />
<Transcode startTime="862" endTime="1132" complete="1" fileType="audio" variant="e3d2fb31-5d86-4927-8bb2-e3e49e07c4f1" />
<Download startTime="1165" endTime="1166" complete="1" fileType="audio" variant="e3d2fb31-5d86-4927-8bb2-e3e49e07c4f1" />
<Download startTime="2028" endTime="2312" complete="1" fileType="video" variant="e3d2fb31-5d86-4927-8bb2-e3e49e07c4f1" />
</Timelines>
</Segment>
<Segment duration="10375" startOffset="179499" endOffset="189874">
<File name="chunk-stream0-00035.m4s" type="video">
<FileVariant size="21857355" variant="e3d2fb31-5d86-4927-8bb2-e3e49e07c4f1" />
</File>
<File name="chunk-stream1-00035.m4s" type="audio">
<FileVariant size="315831" variant="e3d2fb31-5d86-4927-8bb2-e3e49e07c4f1" />
</File>
<Timelines>
<Download startTime="1389" endTime="1489" complete="1" fileType="audio" variant="e3d2fb31-5d86-4927-8bb2-e3e49e07c4f1">
<Pause type="segmentWait" startTime="1389" endTime="1489" />
</Download>
<Transcode startTime="1132" endTime="1468" complete="1" fileType="video" variant="e3d2fb31-5d86-4927-8bb2-e3e49e07c4f1" />
<Transcode startTime="1132" endTime="1468" complete="1" fileType="audio" variant="e3d2fb31-5d86-4927-8bb2-e3e49e07c4f1" />
<Download startTime="2707" endTime="6464" complete="1" fileType="video" variant="e3d2fb31-5d86-4927-8bb2-e3e49e07c4f1" />
</Timelines>
</Segment>
<Segment duration="9416" startOffset="189874" endOffset="199291">
<File name="chunk-stream0-00036.m4s" type="video">
<FileVariant size="21264428" variant="e3d2fb31-5d86-4927-8bb2-e3e49e07c4f1" />
</File>
<File name="chunk-stream1-00036.m4s" type="audio">
<FileVariant size="287108" variant="e3d2fb31-5d86-4927-8bb2-e3e49e07c4f1" />
</File>
<Timelines>
<Transcode startTime="1468" endTime="1850" complete="1" fileType="video" variant="e3d2fb31-5d86-4927-8bb2-e3e49e07c4f1" />
<Transcode startTime="1468" endTime="1850" complete="1" fileType="audio" variant="e3d2fb31-5d86-4927-8bb2-e3e49e07c4f1" />
<Download startTime="3725" endTime="3726" complete="1" fileType="audio" variant="e3d2fb31-5d86-4927-8bb2-e3e49e07c4f1" />
<Download startTime="7125" endTime="11289" complete="1" fileType="video" variant="e3d2fb31-5d86-4927-8bb2-e3e49e07c4f1" />
</Timelines>
</Segment>
<Segment duration="10291" startOffset="199291" endOffset="209583">
<File name="chunk-stream0-00037.m4s" type="video">
<FileVariant size="908215" variant="e3d2fb31-5d86-4927-8bb2-e3e49e07c4f1" />
</File>
<File name="chunk-stream1-00037.m4s" type="audio">
<FileVariant size="324326" variant="e3d2fb31-5d86-4927-8bb2-e3e49e07c4f1" />
</File>
<Timelines>
<Transcode startTime="1850" endTime="2141" complete="1" fileType="video" variant="e3d2fb31-5d86-4927-8bb2-e3e49e07c4f1" />
<Transcode startTime="1850" endTime="2141" complete="1" fileType="audio" variant="e3d2fb31-5d86-4927-8bb2-e3e49e07c4f1" />
<Download startTime="7285" endTime="7286" complete="1" fileType="audio" variant="e3d2fb31-5d86-4927-8bb2-e3e49e07c4f1" />
<Download startTime="11718" endTime="11720" complete="1" fileType="video" variant="e3d2fb31-5d86-4927-8bb2-e3e49e07c4f1" />
</Timelines>
</Segment>
<Segment duration="10375" startOffset="209583" endOffset="219958">
<File name="chunk-stream0-00038.m4s" type="video">
<FileVariant size="485466" variant="e3d2fb31-5d86-4927-8bb2-e3e49e07c4f1" />
</File>
<File name="chunk-stream1-00038.m4s" type="audio">
<FileVariant size="334028" variant="e3d2fb31-5d86-4927-8bb2-e3e49e07c4f1" />
</File>
<Timelines>
<Transcode startTime="2141" endTime="2389" complete="1" fileType="video" variant="e3d2fb31-5d86-4927-8bb2-e3e49e07c4f1" />
<Transcode startTime="2141" endTime="2389" complete="1" fileType="audio" variant="e3d2fb31-5d86-4927-8bb2-e3e49e07c4f1" />
<Download startTime="11898" endTime="11899" complete="1" fileType="video" variant="e3d2fb31-5d86-4927-8bb2-e3e49e07c4f1" />
<Download startTime="12273" endTime="12274" complete="1" fileType="audio" variant="e3d2fb31-5d86-4927-8bb2-e3e49e07c4f1" />
</Timelines>
</Segment>
<Segment duration="6333" startOffset="219958" endOffset="226291">
<File name="chunk-stream0-00039.m4s" type="video">
<FileVariant size="223254" variant="e3d2fb31-5d86-4927-8bb2-e3e49e07c4f1" />
</File>
<File name="chunk-stream1-00039.m4s" type="audio">
<FileVariant size="201281" variant="e3d2fb31-5d86-4927-8bb2-e3e49e07c4f1" />
</File>
<Timelines>
<Transcode startTime="2389" endTime="2531" complete="1" fileType="video" variant="e3d2fb31-5d86-4927-8bb2-e3e49e07c4f1" />
<Transcode startTime="2389" endTime="2531" complete="1" fileType="audio" variant="e3d2fb31-5d86-4927-8bb2-e3e49e07c4f1" />
<Download startTime="12049" endTime="12049" complete="1" fileType="video" variant="e3d2fb31-5d86-4927-8bb2-e3e49e07c4f1" />
<Download startTime="12344" endTime="12345" complete="1" fileType="audio" variant="e3d2fb31-5d86-4927-8bb2-e3e49e07c4f1" />
</Timelines>
</Segment>
<Segment duration="10250" startOffset="226291" endOffset="236541">
<File name="chunk-stream0-00040.m4s" type="video">
<FileVariant size="22171125" variant="e3d2fb31-5d86-4927-8bb2-e3e49e07c4f1" />
</File>
<File name="chunk-stream1-00040.m4s" type="audio">
<FileVariant size="310412" variant="e3d2fb31-5d86-4927-8bb2-e3e49e07c4f1" />
</File>
<Timelines>
<Transcode startTime="2531" endTime="2856" complete="1" fileType="video" variant="e3d2fb31-5d86-4927-8bb2-e3e49e07c4f1" />
<Transcode startTime="2531" endTime="2856" complete="1" fileType="audio" variant="e3d2fb31-5d86-4927-8bb2-e3e49e07c4f1" />
<Download startTime="12398" endTime="12399" complete="1" fileType="audio" variant="e3d2fb31-5d86-4927-8bb2-e3e49e07c4f1" />
<Download startTime="13114" endTime="16524" complete="1" fileType="video" variant="e3d2fb31-5d86-4927-8bb2-e3e49e07c4f1" />
</Timelines>
</Segment>
<Segment duration="10416" startOffset="236541" endOffset="246958">
<File name="chunk-stream0-00041.m4s" type="video">
<FileVariant size="22447468" variant="e3d2fb31-5d86-4927-8bb2-e3e49e07c4f1" />
</File>
<File name="chunk-stream1-00041.m4s" type="audio">
<FileVariant size="316344" variant="e3d2fb31-5d86-4927-8bb2-e3e49e07c4f1" />
</File>
<Timelines>
<Transcode startTime="2856" endTime="3251" complete="1" fileType="video" variant="e3d2fb31-5d86-4927-8bb2-e3e49e07c4f1" />
<Transcode startTime="2856" endTime="3251" complete="1" fileType="audio" variant="e3d2fb31-5d86-4927-8bb2-e3e49e07c4f1" />
</Timelines>
</Segment>
<Segment duration="9125" startOffset="246958" endOffset="256083">
<File name="chunk-stream0-00042.m4s" type="video">
<FileVariant size="16981419" variant="e3d2fb31-5d86-4927-8bb2-e3e49e07c4f1" />
</File>
<File name="chunk-stream1-00042.m4s" type="audio">
<FileVariant size="277608" variant="e3d2fb31-5d86-4927-8bb2-e3e49e07c4f1" />
</File>
<Timelines>
<Transcode startTime="3251" endTime="3588" complete="1" fileType="video" variant="e3d2fb31-5d86-4927-8bb2-e3e49e07c4f1" />
<Transcode startTime="3251" endTime="3588" complete="1" fileType="audio" variant="e3d2fb31-5d86-4927-8bb2-e3e49e07c4f1" />
</Timelines>
</Segment>
<Segment duration="10250" startOffset="256083" endOffset="266333">
<File name="chunk-stream0-00043.m4s" type="video">
<FileVariant size="45703580" variant="e3d2fb31-5d86-4927-8bb2-e3e49e07c4f1" />
</File>
<File name="chunk-stream1-00043.m4s" type="audio">
<FileVariant size="310546" variant="e3d2fb31-5d86-4927-8bb2-e3e49e07c4f1" />
</File>
<Timelines>
<Transcode startTime="3588" endTime="3997" complete="1" fileType="video" variant="e3d2fb31-5d86-4927-8bb2-e3e49e07c4f1" />
<Transcode startTime="3588" endTime="3997" complete="1" fileType="audio" variant="e3d2fb31-5d86-4927-8bb2-e3e49e07c4f1" />
</Timelines>
</Segment>
<Segment duration="10416" startOffset="266333" endOffset="276749">
<File name="chunk-stream0-00044.m4s" type="video">
<FileVariant size="43027831" variant="e3d2fb31-5d86-4927-8bb2-e3e49e07c4f1" />
</File>
<File name="chunk-stream1-00044.m4s" type="audio">
<FileVariant size="315057" variant="e3d2fb31-5d86-4927-8bb2-e3e49e07c4f1" />
</File>
<Timelines>
<Transcode startTime="3997" endTime="8033" complete="1" fileType="video" variant="e3d2fb31-5d86-4927-8bb2-e3e49e07c4f1" />
<Transcode startTime="3997" endTime="8033" complete="1" fileType="audio" variant="e3d2fb31-5d86-4927-8bb2-e3e49e07c4f1" />
</Timelines>
</Segment>
<Segment duration="10416" startOffset="276749" endOffset="287166">
<File name="chunk-stream0-00045.m4s" type="video">
<FileVariant size="39672123" variant="e3d2fb31-5d86-4927-8bb2-e3e49e07c4f1" />
</File>
<File name="chunk-stream1-00045.m4s" type="audio">
<FileVariant size="316034" variant="e3d2fb31-5d86-4927-8bb2-e3e49e07c4f1" />
</File>
<Timelines>
<Transcode startTime="8033" endTime="12582" complete="1" fileType="video" variant="e3d2fb31-5d86-4927-8bb2-e3e49e07c4f1" />
<Transcode startTime="8033" endTime="12582" complete="1" fileType="audio" variant="e3d2fb31-5d86-4927-8bb2-e3e49e07c4f1" />
</Timelines>
</Segment>
<Segment duration="10416" startOffset="287166" endOffset="297583">
<File name="chunk-stream0-00046.m4s" type="video">
<FileVariant size="19793711" variant="e3d2fb31-5d86-4927-8bb2-e3e49e07c4f1" />
</File>
<File name="chunk-stream1-00046.m4s" type="audio">
<FileVariant size="314733" variant="e3d2fb31-5d86-4927-8bb2-e3e49e07c4f1" />
</File>
<Timelines>
<Transcode startTime="12582" endTime="12953" complete="1" fileType="video" variant="e3d2fb31-5d86-4927-8bb2-e3e49e07c4f1" />
<Transcode startTime="12582" endTime="12953" complete="1" fileType="audio" variant="e3d2fb31-5d86-4927-8bb2-e3e49e07c4f1" />
</Timelines>
</Segment>
<Segment duration="10416" startOffset="297583" endOffset="307999">
<File name="chunk-stream0-00047.m4s" type="video">
<FileVariant size="16012043" variant="e3d2fb31-5d86-4927-8bb2-e3e49e07c4f1" />
</File>
<File name="chunk-stream1-00047.m4s" type="audio">
<FileVariant size="315182" variant="e3d2fb31-5d86-4927-8bb2-e3e49e07c4f1" />
</File>
<Timelines>
<Transcode startTime="12953" endTime="40283" complete="1" fileType="video" variant="e3d2fb31-5d86-4927-8bb2-e3e49e07c4f1" />
<Transcode startTime="12953" endTime="40283" complete="1" fileType="audio" variant="e3d2fb31-5d86-4927-8bb2-e3e49e07c4f1" />
</Timelines>
</Segment>
<Segment duration="10166" startOffset="307999" endOffset="318166">
<File name="chunk-stream0-00048.m4s" type="video">
<FileVariant size="50664627" variant="e3d2fb31-5d86-4927-8bb2-e3e49e07c4f1" />
</File>
<File name="chunk-stream1-00048.m4s" type="audio">
<FileVariant size="316221" variant="e3d2fb31-5d86-4927-8bb2-e3e49e07c4f1" />
</File>
<Timelines>
<Transcode startTime="40283" endTime="112317" complete="1" fileType="video" variant="e3d2fb31-5d86-4927-8bb2-e3e49e07c4f1" />
<Transcode startTime="40283" endTime="112317" complete="1" fileType="audio" variant="e3d2fb31-5d86-4927-8bb2-e3e49e07c4f1" />
</Timelines>
</Segment>
<Segment duration="10250" startOffset="318166" endOffset="328416">
<File name="chunk-stream0-00049.m4s" type="video">
<FileVariant size="36268221" variant="e3d2fb31-5d86-4927-8bb2-e3e49e07c4f1" />
</File>
<File name="chunk-stream1-00049.m4s" type="audio">
<FileVariant size="313178" variant="e3d2fb31-5d86-4927-8bb2-e3e49e07c4f1" />
</File>
<Timelines>
<Transcode startTime="112317" endTime="186439" complete="1" fileType="video" variant="e3d2fb31-5d86-4927-8bb2-e3e49e07c4f1" />
<Transcode startTime="112317" endTime="186439" complete="1" fileType="audio" variant="e3d2fb31-5d86-4927-8bb2-e3e49e07c4f1" />
</Timelines>
</Segment>
<Segment duration="5250" startOffset="328416" endOffset="333666">
<File name="chunk-stream0-00050.m4s" type="video">
<FileVariant size="15322592" variant="e3d2fb31-5d86-4927-8bb2-e3e49e07c4f1" />
</File>
<File name="chunk-stream1-00050.m4s" type="audio">
<FileVariant size="158571" variant="e3d2fb31-5d86-4927-8bb2-e3e49e07c4f1" />
</File>
<Timelines>
<Transcode startTime="186439" endTime="223151" complete="1" fileType="video" variant="e3d2fb31-5d86-4927-8bb2-e3e49e07c4f1" />
<Transcode startTime="186439" endTime="223151" complete="1" fileType="audio" variant="e3d2fb31-5d86-4927-8bb2-e3e49e07c4f1" />
</Timelines>
</Segment>
<Segment duration="10250" startOffset="333666" endOffset="343916">
<File name="chunk-stream0-00051.m4s" type="video">
<FileVariant size="43164445" variant="e3d2fb31-5d86-4927-8bb2-e3e49e07c4f1" />
</File>
<File name="chunk-stream1-00051.m4s" type="audio">
<FileVariant size="313924" variant="e3d2fb31-5d86-4927-8bb2-e3e49e07c4f1" />
</File>
<Timelines>
<Transcode startTime="223151" endTime="297300" complete="1" fileType="video" variant="e3d2fb31-5d86-4927-8bb2-e3e49e07c4f1" />
<Transcode startTime="223151" endTime="297300" complete="1" fileType="audio" variant="e3d2fb31-5d86-4927-8bb2-e3e49e07c4f1" />
</Timelines>
</Segment>
<Segment duration="2500" startOffset="343916" endOffset="346416">
<File name="chunk-stream0-00052.m4s" type="video">
<FileVariant size="10244073" variant="e3d2fb31-5d86-4927-8bb2-e3e49e07c4f1" />
</File>
<File name="chunk-stream1-00052.m4s" type="audio">
<FileVariant size="75934" variant="e3d2fb31-5d86-4927-8bb2-e3e49e07c4f1" />
</File>
<Timelines>
<Transcode startTime="297300" endTime="314461" complete="1" fileType="video" variant="e3d2fb31-5d86-4927-8bb2-e3e49e07c4f1" />
<Transcode startTime="297300" endTime="314461" complete="1" fileType="audio" variant="e3d2fb31-5d86-4927-8bb2-e3e49e07c4f1" />
</Timelines>
</Segment>
<Segment duration="10291" startOffset="346416" endOffset="356708">
<File name="chunk-stream0-00053.m4s" type="video">
<FileVariant size="50852719" variant="e3d2fb31-5d86-4927-8bb2-e3e49e07c4f1" />
</File>
<File name="chunk-stream1-00053.m4s" type="audio">
<FileVariant size="312306" variant="e3d2fb31-5d86-4927-8bb2-e3e49e07c4f1" />
</File>
<Timelines>
<Transcode startTime="314461" endTime="388674" complete="1" fileType="video" variant="e3d2fb31-5d86-4927-8bb2-e3e49e07c4f1" />
<Transcode startTime="314461" endTime="388674" complete="1" fileType="audio" variant="e3d2fb31-5d86-4927-8bb2-e3e49e07c4f1" />
</Timelines>
</Segment>
<Segment duration="8500" startOffset="356708" endOffset="365208">
<File name="chunk-stream0-00054.m4s" type="video">
<FileVariant size="38626271" variant="e3d2fb31-5d86-4927-8bb2-e3e49e07c4f1" />
</File>
<File name="chunk-stream1-00054.m4s" type="audio">
<FileVariant size="260558" variant="e3d2fb31-5d86-4927-8bb2-e3e49e07c4f1" />
</File>
<Timelines>
<Transcode startTime="388674" endTime="448961" complete="1" fileType="video" variant="e3d2fb31-5d86-4927-8bb2-e3e49e07c4f1" />
<Transcode startTime="388674" endTime="448961" complete="1" fileType="audio" variant="e3d2fb31-5d86-4927-8bb2-e3e49e07c4f1" />
</Timelines>
</Segment>
<Segment duration="8708" startOffset="365208" endOffset="373916">
<File name="chunk-stream0-00055.m4s" type="video">
<FileVariant size="39472944" variant="e3d2fb31-5d86-4927-8bb2-e3e49e07c4f1" />
</File>
<File name="chunk-stream1-00055.m4s" type="audio">
<FileVariant size="265447" variant="e3d2fb31-5d86-4927-8bb2-e3e49e07c4f1" />
</File>
<Timelines>
<Transcode startTime="448961" endTime="511325" complete="1" fileType="video" variant="e3d2fb31-5d86-4927-8bb2-e3e49e07c4f1" />
<Transcode startTime="448961" endTime="511325" complete="1" fileType="audio" variant="e3d2fb31-5d86-4927-8bb2-e3e49e07c4f1" />
</Timelines>
</Segment>
<Segment duration="10250" startOffset="373916" endOffset="384166">
<File name="chunk-stream0-00056.m4s" type="video">
<FileVariant size="30254888" variant="e3d2fb31-5d86-4927-8bb2-e3e49e07c4f1" />
</File>
<File name="chunk-stream1-00056.m4s" type="audio">
<FileVariant size="318947" variant="e3d2fb31-5d86-4927-8bb2-e3e49e07c4f1" />
</File>
<Timelines>
<Transcode startTime="511325" endTime="585610" complete="1" fileType="video" variant="e3d2fb31-5d86-4927-8bb2-e3e49e07c4f1" />
<Transcode startTime="511325" endTime="585610" complete="1" fileType="audio" variant="e3d2fb31-5d86-4927-8bb2-e3e49e07c4f1" />
</Timelines>
</Segment>
<Segment duration="10458" startOffset="384166" endOffset="394624">
<File name="chunk-stream0-00057.m4s" type="video">
<FileVariant size="38684365" variant="e3d2fb31-5d86-4927-8bb2-e3e49e07c4f1" />
</File>
<File name="chunk-stream1-00057.m4s" type="audio">
<FileVariant size="321179" variant="e3d2fb31-5d86-4927-8bb2-e3e49e07c4f1" />
</File>
<Timelines>
<Transcode startTime="585610" endTime="660279" complete="1" fileType="video" variant="e3d2fb31-5d86-4927-8bb2-e3e49e07c4f1" />
<Transcode startTime="585610" endTime="660279" complete="1" fileType="audio" variant="e3d2fb31-5d86-4927-8bb2-e3e49e07c4f1" />
</Timelines>
</Segment>
<Segment duration="10416" startOffset="394624" endOffset="405041">
<File name="chunk-stream0-00058.m4s" type="video">
<FileVariant size="34022304" variant="e3d2fb31-5d86-4927-8bb2-e3e49e07c4f1" />
</File>
<File name="chunk-stream1-00058.m4s" type="audio">
<FileVariant size="316495" variant="e3d2fb31-5d86-4927-8bb2-e3e49e07c4f1" />
</File>
<Timelines>
<Transcode startTime="660279" endTime="734886" complete="1" fileType="video" variant="e3d2fb31-5d86-4927-8bb2-e3e49e07c4f1" />
<Transcode startTime="660279" endTime="734886" complete="1" fileType="audio" variant="e3d2fb31-5d86-4927-8bb2-e3e49e07c4f1" />
</Timelines>
</Segment>
<Segment duration="1958" startOffset="405041" endOffset="406999">
<File name="chunk-stream0-00059.m4s" type="video">
<FileVariant size="4916789" variant="e3d2fb31-5d86-4927-8bb2-e3e49e07c4f1" />
</File>
<File name="chunk-stream1-00059.m4s" type="audio">
<FileVariant size="62120" variant="e3d2fb31-5d86-4927-8bb2-e3e49e07c4f1" />
</File>
<Timelines>
<Transcode startTime="734886" endTime="748328" complete="1" fileType="video" variant="e3d2fb31-5d86-4927-8bb2-e3e49e07c4f1" />
<Transcode startTime="734886" endTime="748328" complete="1" fileType="audio" variant="e3d2fb31-5d86-4927-8bb2-e3e49e07c4f1" />
</Timelines>
</Segment>
<Segment duration="3375" startOffset="406999" endOffset="410374">
<File name="chunk-stream0-00060.m4s" type="video">
<FileVariant size="9854112" variant="e3d2fb31-5d86-4927-8bb2-e3e49e07c4f1" />
</File>
<File name="chunk-stream1-00060.m4s" type="audio">
<FileVariant size="102228" variant="e3d2fb31-5d86-4927-8bb2-e3e49e07c4f1" />
</File>
<Timelines>
<Transcode startTime="748328" endTime="772440" complete="1" fileType="video" variant="e3d2fb31-5d86-4927-8bb2-e3e49e07c4f1" />
<Transcode startTime="748328" endTime="772440" complete="1" fileType="audio" variant="e3d2fb31-5d86-4927-8bb2-e3e49e07c4f1" />
</Timelines>
</Segment>
<Segment duration="10250" startOffset="410374" endOffset="420624">
<File name="chunk-stream0-00061.m4s" type="video">
<FileVariant size="37055962" variant="e3d2fb31-5d86-4927-8bb2-e3e49e07c4f1" />
</File>
<File name="chunk-stream1-00061.m4s" type="audio">
<FileVariant size="316956" variant="e3d2fb31-5d86-4927-8bb2-e3e49e07c4f1" />
</File>
<Timelines>
<Transcode startTime="772440" endTime="846620" complete="1" fileType="video" variant="e3d2fb31-5d86-4927-8bb2-e3e49e07c4f1" />
<Transcode startTime="772440" endTime="846620" complete="1" fileType="audio" variant="e3d2fb31-5d86-4927-8bb2-e3e49e07c4f1" />
</Timelines>
</Segment>
<Segment duration="10416" startOffset="420624" endOffset="431041">
<File name="chunk-stream0-00062.m4s" type="video">
<FileVariant size="35222066" variant="e3d2fb31-5d86-4927-8bb2-e3e49e07c4f1" />
</File>
<File name="chunk-stream1-00062.m4s" type="audio">
<FileVariant size="322724" variant="e3d2fb31-5d86-4927-8bb2-e3e49e07c4f1" />
</File>
<Timelines>
<Transcode startTime="846620" endTime="921180" complete="1" fileType="video" variant="e3d2fb31-5d86-4927-8bb2-e3e49e07c4f1" />
<Transcode startTime="846620" endTime="921180" complete="1" fileType="audio" variant="e3d2fb31-5d86-4927-8bb2-e3e49e07c4f1" />
</Timelines>
</Segment>
<Segment duration="10416" startOffset="431041" endOffset="441458">
<File name="chunk-stream0-00063.m4s" type="video">
<FileVariant size="27337611" variant="e3d2fb31-5d86-4927-8bb2-e3e49e07c4f1" />
</File>
<File name="chunk-stream1-00063.m4s" type="audio">
<FileVariant size="318879" variant="e3d2fb31-5d86-4927-8bb2-e3e49e07c4f1" />
</File>
<Timelines>
<Transcode startTime="921180" endTime="995772" complete="1" fileType="video" variant="e3d2fb31-5d86-4927-8bb2-e3e49e07c4f1" />
<Transcode startTime="921180" endTime="995772" complete="1" fileType="audio" variant="e3d2fb31-5d86-4927-8bb2-e3e49e07c4f1" />
</Timelines>
</Segment>
<Segment duration="10416" startOffset="441458" endOffset="451874">
<File name="chunk-stream0-00064.m4s" type="video">
<FileVariant size="21808852" variant="e3d2fb31-5d86-4927-8bb2-e3e49e07c4f1" />
</File>
<File name="chunk-stream1-00064.m4s" type="audio">
<FileVariant size="324058" variant="e3d2fb31-5d86-4927-8bb2-e3e49e07c4f1" />
</File>
<Timelines>
<Transcode startTime="995772" endTime="1070272" complete="1" fileType="video" variant="e3d2fb31-5d86-4927-8bb2-e3e49e07c4f1" />
<Transcode startTime="995772" endTime="1070272" complete="1" fileType="audio" variant="e3d2fb31-5d86-4927-8bb2-e3e49e07c4f1" />
</Timelines>
</Segment>
<Segment duration="10416" startOffset="451874" endOffset="462291">
<File name="chunk-stream0-00065.m4s" type="video">
<FileVariant size="22623788" variant="e3d2fb31-5d86-4927-8bb2-e3e49e07c4f1" />
</File>
<File name="chunk-stream1-00065.m4s" type="audio">
<FileVariant size="323452" variant="e3d2fb31-5d86-4927-8bb2-e3e49e07c4f1" />
</File>
<Timelines>
<Transcode startTime="1070272" endTime="1144771" complete="1" fileType="video" variant="e3d2fb31-5d86-4927-8bb2-e3e49e07c4f1" />
<Transcode startTime="1070272" endTime="1144771" complete="1" fileType="audio" variant="e3d2fb31-5d86-4927-8bb2-e3e49e07c4f1" />
</Timelines>
</Segment>
<Segment duration="10416" startOffset="462291" endOffset="472708">
<File name="chunk-stream0-00066.m4s" type="video">
<FileVariant size="23539500" variant="e3d2fb31-5d86-4927-8bb2-e3e49e07c4f1" />
</File>
<File name="chunk-stream1-00066.m4s" type="audio">
<FileVariant size="317264" variant="e3d2fb31-5d86-4927-8bb2-e3e49e07c4f1" />
</File>
<Timelines>
<Transcode startTime="1144771" endTime="1219366" complete="1" fileType="video" variant="e3d2fb31-5d86-4927-8bb2-e3e49e07c4f1" />
<Transcode startTime="1144771" endTime="1219367" complete="1" fileType="audio" variant="e3d2fb31-5d86-4927-8bb2-e3e49e07c4f1" />
</Timelines>
</Segment>
<Segment duration="1583" startOffset="472708" endOffset="474291">
<File name="chunk-stream0-00067.m4s" type="video">
<FileVariant size="1833613" variant="e3d2fb31-5d86-4927-8bb2-e3e49e07c4f1" />
</File>
<File name="chunk-stream1-00067.m4s" type="audio">
<FileVariant size="49155" variant="e3d2fb31-5d86-4927-8bb2-e3e49e07c4f1" />
</File>
<Timelines>
<Transcode startTime="1219366" endTime="1229864" complete="1" fileType="video" variant="e3d2fb31-5d86-4927-8bb2-e3e49e07c4f1" />
<Transcode startTime="1219367" endTime="1229864" complete="1" fileType="audio" variant="e3d2fb31-5d86-4927-8bb2-e3e49e07c4f1" />
</Timelines>
</Segment>
<Segment duration="10291" startOffset="474291" endOffset="484583">
<File name="chunk-stream0-00068.m4s" type="video">
<FileVariant size="19097344" variant="e3d2fb31-5d86-4927-8bb2-e3e49e07c4f1" />
</File>
<File name="chunk-stream1-00068.m4s" type="audio">
<FileVariant size="311687" variant="e3d2fb31-5d86-4927-8bb2-e3e49e07c4f1" />
</File>
<Timelines>
<Transcode startTime="1229864" endTime="1303963" complete="1" fileType="video" variant="e3d2fb31-5d86-4927-8bb2-e3e49e07c4f1" />
<Transcode startTime="1229864" endTime="1303963" complete="1" fileType="audio" variant="e3d2fb31-5d86-4927-8bb2-e3e49e07c4f1" />
</Timelines>
</Segment>
<Segment duration="1208" startOffset="484583" endOffset="485791">
<File name="chunk-stream0-00069.m4s" type="video">
<FileVariant size="2205305" variant="e3d2fb31-5d86-4927-8bb2-e3e49e07c4f1" />
</File>
<File name="chunk-stream1-00069.m4s" type="audio">
<FileVariant size="36122" variant="e3d2fb31-5d86-4927-8bb2-e3e49e07c4f1" />
</File>
<Timelines>
<Transcode startTime="1303963" endTime="1312023" complete="1" fileType="video" variant="e3d2fb31-5d86-4927-8bb2-e3e49e07c4f1" />
<Transcode startTime="1303963" endTime="1312023" complete="1" fileType="audio" variant="e3d2fb31-5d86-4927-8bb2-e3e49e07c4f1" />
</Timelines>
</Segment>
</SegmentList>
<PlaybackReports>
<Playback startTime="12653" endTime="22957" state="paused" progress="164000" />
<Playback startTime="22957" endTime="32937" state="paused" progress="164000" />
<Playback startTime="32937" endTime="42933" state="paused" progress="164000" />
<Playback startTime="42933" endTime="52934" state="paused" progress="164000" />
<Playback startTime="52934" endTime="62929" state="paused" progress="164000" />
<Playback startTime="62929" endTime="72909" state="paused" progress="164000" />
<Playback startTime="72909" endTime="182799" state="paused" progress="164000" />
<Playback startTime="182799" endTime="192636" state="paused" progress="164000" />
<Playback startTime="192636" endTime="202650" state="paused" progress="164000" />
<Playback startTime="202650" endTime="212658" state="paused" progress="164000" />
<Playback startTime="212658" endTime="222648" state="paused" progress="164000" />
<Playback startTime="222648" endTime="232650" state="paused" progress="164000" />
<Playback startTime="232650" endTime="242644" state="paused" progress="164000" />
<Playback startTime="242644" endTime="252644" state="paused" progress="164000" />
<Playback startTime="252644" endTime="262652" state="paused" progress="164000" />
<Playback startTime="262652" endTime="272657" state="paused" progress="164000" />
<Playback startTime="272657" endTime="282638" state="paused" progress="164000" />
<Playback startTime="282638" endTime="292641" state="paused" progress="164000" />
<Playback startTime="292641" endTime="302641" state="paused" progress="164000" />
<Playback startTime="302641" endTime="312640" state="paused" progress="164000" />
<Playback startTime="312640" endTime="322645" state="paused" progress="164000" />
<Playback startTime="322645" endTime="332653" state="paused" progress="164000" />
<Playback startTime="332653" endTime="342642" state="paused" progress="164000" />
<Playback startTime="342642" endTime="352647" state="paused" progress="164000" />
<Playback startTime="352647" endTime="362646" state="paused" progress="164000" />
<Playback startTime="362646" endTime="372650" state="paused" progress="164000" />
<Playback startTime="372650" endTime="382642" state="paused" progress="164000" />
<Playback startTime="382642" endTime="392645" state="paused" progress="164000" />
<Playback startTime="392645" endTime="402640" state="paused" progress="164000" />
<Playback startTime="402640" endTime="412638" state="paused" progress="164000" />
<Playback startTime="412638" endTime="422648" state="paused" progress="164000" />
<Playback startTime="422648" endTime="432664" state="paused" progress="164000" />
<Playback startTime="432664" endTime="442639" state="paused" progress="164000" />
<Playback startTime="442639" endTime="452679" state="paused" progress="164000" />
<Playback startTime="452679" endTime="462642" state="paused" progress="164000" />
<Playback startTime="462642" endTime="472644" state="paused" progress="164000" />
<Playback startTime="472644" endTime="482651" state="paused" progress="164000" />
<Playback startTime="482651" endTime="492684" state="paused" progress="164000" />
<Playback startTime="492684" endTime="502639" state="paused" progress="164000" />
<Playback startTime="502639" endTime="512642" state="paused" progress="164000" />
<Playback startTime="512642" endTime="522644" state="paused" progress="164000" />
<Playback startTime="522644" endTime="532649" state="paused" progress="164000" />
<Playback startTime="532649" endTime="542643" state="paused" progress="164000" />
<Playback startTime="542643" endTime="552647" state="paused" progress="164000" />
<Playback startTime="552647" endTime="562641" state="paused" progress="164000" />
<Playback startTime="562641" endTime="572642" state="paused" progress="164000" />
<Playback startTime="572642" endTime="582646" state="paused" progress="164000" />
<Playback startTime="582646" endTime="592648" state="paused" progress="164000" />
<Playback startTime="592648" endTime="602647" state="paused" progress="164000" />
<Playback startTime="602647" endTime="612642" state="paused" progress="164000" />
<Playback startTime="612642" endTime="622646" state="paused" progress="164000" />
<Playback startTime="622646" endTime="632650" state="paused" progress="164000" />
<Playback startTime="632650" endTime="642650" state="paused" progress="164000" />
<Playback startTime="642650" endTime="652644" state="paused" progress="164000" />
<Playback startTime="652644" endTime="662688" state="paused" progress="164000" />
<Playback startTime="662688" endTime="672663" state="paused" progress="164000" />
<Playback startTime="672663" endTime="682641" state="paused" progress="164000" />
<Playback startTime="682641" endTime="692652" state="paused" progress="164000" />
<Playback startTime="692652" endTime="702639" state="paused" progress="164000" />
<Playback startTime="702639" endTime="712644" state="paused" progress="164000" />
<Playback startTime="712644" endTime="722646" state="paused" progress="164000" />
<Playback startTime="722646" endTime="732641" state="paused" progress="164000" />
<Playback startTime="732641" endTime="742643" state="paused" progress="164000" />
<Playback startTime="742643" endTime="752644" state="paused" progress="164000" />
<Playback startTime="752644" endTime="762650" state="paused" progress="164000" />
<Playback startTime="762650" endTime="772640" state="paused" progress="164000" />
<Playback startTime="772640" endTime="782655" state="paused" progress="164000" />
<Playback startTime="782655" endTime="792642" state="paused" progress="164000" />
<Playback startTime="792642" endTime="802647" state="paused" progress="164000" />
<Playback startTime="802647" endTime="812645" state="paused" progress="164000" />
<Playback startTime="812645" endTime="822646" state="paused" progress="164000" />
<Playback startTime="822646" endTime="832645" state="paused" progress="164000" />
<Playback startTime="832645" endTime="842656" state="paused" progress="164000" />
<Playback startTime="842656" endTime="852642" state="paused" progress="164000" />
<Playback startTime="852642" endTime="862643" state="paused" progress="164000" />
<Playback startTime="862643" endTime="872651" state="paused" progress="164000" />
<Playback startTime="872651" endTime="882641" state="paused" progress="164000" />
<Playback startTime="882641" endTime="892651" state="paused" progress="164000" />
<Playback startTime="892651" endTime="902650" state="paused" progress="164000" />
<Playback startTime="902650" endTime="912643" state="paused" progress="164000" />
<Playback startTime="912643" endTime="922643" state="paused" progress="164000" />
<Playback startTime="922643" endTime="932643" state="paused" progress="164000" />
<Playback startTime="932643" endTime="942643" state="paused" progress="164000" />
<Playback startTime="942643" endTime="952644" state="paused" progress="164000" />
<Playback startTime="952644" endTime="962652" state="paused" progress="164000" />
<Playback startTime="962652" endTime="972644" state="paused" progress="164000" />
<Playback startTime="972644" endTime="982678" state="paused" progress="164000" />
<Playback startTime="982678" endTime="992646" state="paused" progress="164000" />
<Playback startTime="992646" endTime="1002647" state="paused" progress="164000" />
<Playback startTime="1002647" endTime="1012645" state="paused" progress="164000" />
<Playback startTime="1012645" endTime="1022647" state="paused" progress="164000" />
<Playback startTime="1022647" endTime="1032654" state="paused" progress="164000" />
<Playback startTime="1032654" endTime="1042650" state="paused" progress="164000" />
<Playback startTime="1042650" endTime="1052648" state="paused" progress="164000" />
<Playback startTime="1052648" endTime="1062645" state="paused" progress="164000" />
<Playback startTime="1062645" endTime="1072645" state="paused" progress="164000" />
<Playback startTime="1072645" endTime="1082646" state="paused" progress="164000" />
<Playback startTime="1082646" endTime="1092649" state="paused" progress="164000" />
<Playback startTime="1092649" endTime="1102645" state="paused" progress="164000" />
<Playback startTime="1102645" endTime="1112647" state="paused" progress="164000" />
<Playback startTime="1112647" endTime="1122915" state="paused" progress="164000" />
<Playback startTime="1122915" endTime="1132935" state="paused" progress="164000" />
<Playback startTime="1132935" endTime="1142924" state="paused" progress="164000" />
<Playback startTime="1142924" endTime="1152927" state="paused" progress="164000" />
<Playback startTime="1152927" endTime="1162915" state="paused" progress="164000" />
<Playback startTime="1162915" endTime="1173900" state="paused" progress="164000" />
<Playback startTime="1173900" endTime="1354898" state="paused" progress="164000" />
</PlaybackReports>
<StateReports />
<StateReports type="sloth">
<State startTime="4057" endTime="7694" slothMode="1" />
<State startTime="7694" endTime="8096" slothMode="0" />
<State startTime="8096" endTime="12254" slothMode="1" />
<State startTime="12254" endTime="13156" slothMode="0" />
<State startTime="13156" endTime="1354898" slothMode="1" />
</StateReports>
</SessionReport>
