Jun 07, 2025 02:03:38.976 [129262504749824] INFO - Plex Media Scanner v1.41.7.9823-59f304c16 - Docker Docker Container x86_64 - build: linux-x86_64 - GMT -04:00
Jun 07, 2025 02:03:38.976 [129262504749824] INFO - Linux version: 6.8.12-11-pve, language: en-US
Jun 07, 2025 02:03:38.976 [129262504749824] INFO - Processor: 16-core Intel(R) Xeon(R) CPU E5-2640 v3 @ 2.60GHz
Jun 07, 2025 02:03:38.976 [129262504749824] INFO - /usr/lib/plexmediaserver/Plex Media Scanner --generate --chapter-thumbs-only --item 59 --log-file-suffix  Chapter Thumbnails
Jun 07, 2025 02:03:38.976 [129262505250560] DEBUG - Opening 20 database sessions to library (com.plexapp.plugins.library), SQLite 3.39.4, threadsafe=1
Jun 07, 2025 02:03:39.065 [129262505250560] DEBUG - Created chapter thumbnail for metadata item 59, media item 153 for chapter number 1:0 at "/config/Library/Application Support/Plex Media Server/Media/localhost/f/5880a62f82bc5b4dfbfac4596022ab3ad17aa99.bundle/Contents/Chapters/chapter1.jpg"
Jun 07, 2025 02:03:39.065 [129262505250560] DEBUG - Created chapter thumbnail for metadata item 59, media item 153 for chapter number 2:206372 at "/config/Library/Application Support/Plex Media Server/Media/localhost/f/5880a62f82bc5b4dfbfac4596022ab3ad17aa99.bundle/Contents/Chapters/chapter2.jpg"
Jun 07, 2025 02:03:39.065 [129262505250560] DEBUG - Created chapter thumbnail for metadata item 59, media item 153 for chapter number 3:579412 at "/config/Library/Application Support/Plex Media Server/Media/localhost/f/5880a62f82bc5b4dfbfac4596022ab3ad17aa99.bundle/Contents/Chapters/chapter3.jpg"
Jun 07, 2025 02:03:39.065 [129262505250560] DEBUG - Created chapter thumbnail for metadata item 59, media item 153 for chapter number 4:774273 at "/config/Library/Application Support/Plex Media Server/Media/localhost/f/5880a62f82bc5b4dfbfac4596022ab3ad17aa99.bundle/Contents/Chapters/chapter4.jpg"
Jun 07, 2025 02:03:39.065 [129262505250560] DEBUG - Created chapter thumbnail for metadata item 59, media item 153 for chapter number 5:1010680 at "/config/Library/Application Support/Plex Media Server/Media/localhost/f/5880a62f82bc5b4dfbfac4596022ab3ad17aa99.bundle/Contents/Chapters/chapter5.jpg"
Jun 07, 2025 02:03:39.065 [129262505250560] DEBUG - Created chapter thumbnail for metadata item 59, media item 153 for chapter number 6:1316480 at "/config/Library/Application Support/Plex Media Server/Media/localhost/f/5880a62f82bc5b4dfbfac4596022ab3ad17aa99.bundle/Contents/Chapters/chapter6.jpg"
Jun 07, 2025 02:03:39.065 [129262505250560] DEBUG - Created chapter thumbnail for metadata item 59, media item 153 for chapter number 7:1557220 at "/config/Library/Application Support/Plex Media Server/Media/localhost/f/5880a62f82bc5b4dfbfac4596022ab3ad17aa99.bundle/Contents/Chapters/chapter7.jpg"
Jun 07, 2025 02:03:39.066 [129262505250560] DEBUG - Created chapter thumbnail for metadata item 59, media item 153 for chapter number 8:1706710 at "/config/Library/Application Support/Plex Media Server/Media/localhost/f/5880a62f82bc5b4dfbfac4596022ab3ad17aa99.bundle/Contents/Chapters/chapter8.jpg"
Jun 07, 2025 02:03:39.066 [129262505250560] DEBUG - Created chapter thumbnail for metadata item 59, media item 153 for chapter number 9:2024360 at "/config/Library/Application Support/Plex Media Server/Media/localhost/f/5880a62f82bc5b4dfbfac4596022ab3ad17aa99.bundle/Contents/Chapters/chapter9.jpg"
Jun 07, 2025 02:03:39.066 [129262505250560] DEBUG - Created chapter thumbnail for metadata item 59, media item 153 for chapter number 10:2219050 at "/config/Library/Application Support/Plex Media Server/Media/localhost/f/5880a62f82bc5b4dfbfac4596022ab3ad17aa99.bundle/Contents/Chapters/chapter10.jpg"
Jun 07, 2025 02:03:39.066 [129262505250560] DEBUG - Created chapter thumbnail for metadata item 59, media item 153 for chapter number 11:2577580 at "/config/Library/Application Support/Plex Media Server/Media/localhost/f/5880a62f82bc5b4dfbfac4596022ab3ad17aa99.bundle/Contents/Chapters/chapter11.jpg"
Jun 07, 2025 02:03:39.066 [129262505250560] DEBUG - Created chapter thumbnail for metadata item 59, media item 153 for chapter number 12:2939940 at "/config/Library/Application Support/Plex Media Server/Media/localhost/f/5880a62f82bc5b4dfbfac4596022ab3ad17aa99.bundle/Contents/Chapters/chapter12.jpg"
Jun 07, 2025 02:03:39.066 [129262505250560] DEBUG - Created chapter thumbnail for metadata item 59, media item 153 for chapter number 13:3333330 at "/config/Library/Application Support/Plex Media Server/Media/localhost/f/5880a62f82bc5b4dfbfac4596022ab3ad17aa99.bundle/Contents/Chapters/chapter13.jpg"
Jun 07, 2025 02:03:39.066 [129262505250560] DEBUG - Created chapter thumbnail for metadata item 59, media item 153 for chapter number 14:3775770 at "/config/Library/Application Support/Plex Media Server/Media/localhost/f/5880a62f82bc5b4dfbfac4596022ab3ad17aa99.bundle/Contents/Chapters/chapter14.jpg"
Jun 07, 2025 02:03:39.066 [129262505250560] DEBUG - Created chapter thumbnail for metadata item 59, media item 153 for chapter number 15:4126960 at "/config/Library/Application Support/Plex Media Server/Media/localhost/f/5880a62f82bc5b4dfbfac4596022ab3ad17aa99.bundle/Contents/Chapters/chapter15.jpg"
Jun 07, 2025 02:03:39.066 [129262505250560] DEBUG - Created chapter thumbnail for metadata item 59, media item 153 for chapter number 16:4270270 at "/config/Library/Application Support/Plex Media Server/Media/localhost/f/5880a62f82bc5b4dfbfac4596022ab3ad17aa99.bundle/Contents/Chapters/chapter16.jpg"
Jun 07, 2025 02:03:39.066 [129262505250560] DEBUG - Created chapter thumbnail for metadata item 59, media item 153 for chapter number 17:4653320 at "/config/Library/Application Support/Plex Media Server/Media/localhost/f/5880a62f82bc5b4dfbfac4596022ab3ad17aa99.bundle/Contents/Chapters/chapter17.jpg"
Jun 07, 2025 02:03:39.066 [129262505250560] DEBUG - Created chapter thumbnail for metadata item 59, media item 153 for chapter number 18:4889890 at "/config/Library/Application Support/Plex Media Server/Media/localhost/f/5880a62f82bc5b4dfbfac4596022ab3ad17aa99.bundle/Contents/Chapters/chapter18.jpg"
Jun 07, 2025 02:03:39.066 [129262505250560] DEBUG - Created chapter thumbnail for metadata item 59, media item 153 for chapter number 19:5227560 at "/config/Library/Application Support/Plex Media Server/Media/localhost/f/5880a62f82bc5b4dfbfac4596022ab3ad17aa99.bundle/Contents/Chapters/chapter19.jpg"
Jun 07, 2025 02:03:39.066 [129262505250560] DEBUG - Created chapter thumbnail for metadata item 59, media item 153 for chapter number 20:5403400 at "/config/Library/Application Support/Plex Media Server/Media/localhost/f/5880a62f82bc5b4dfbfac4596022ab3ad17aa99.bundle/Contents/Chapters/chapter20.jpg"
Jun 07, 2025 02:03:39.066 [129262505250560] DEBUG - Created chapter thumbnail for metadata item 59, media item 153 for chapter number 21:5659150 at "/config/Library/Application Support/Plex Media Server/Media/localhost/f/5880a62f82bc5b4dfbfac4596022ab3ad17aa99.bundle/Contents/Chapters/chapter21.jpg"
Jun 07, 2025 02:03:39.066 [129262505250560] DEBUG - Created chapter thumbnail for metadata item 59, media item 153 for chapter number 22:5801460 at "/config/Library/Application Support/Plex Media Server/Media/localhost/f/5880a62f82bc5b4dfbfac4596022ab3ad17aa99.bundle/Contents/Chapters/chapter22.jpg"
Jun 07, 2025 02:03:39.066 [129262505250560] DEBUG - Created chapter thumbnail for metadata item 59, media item 153 for chapter number 23:6016180 at "/config/Library/Application Support/Plex Media Server/Media/localhost/f/5880a62f82bc5b4dfbfac4596022ab3ad17aa99.bundle/Contents/Chapters/chapter23.jpg"
Jun 07, 2025 02:03:39.066 [129262505250560] DEBUG - Created chapter thumbnail for metadata item 59, media item 153 for chapter number 24:6299460 at "/config/Library/Application Support/Plex Media Server/Media/localhost/f/5880a62f82bc5b4dfbfac4596022ab3ad17aa99.bundle/Contents/Chapters/chapter24.jpg"
Jun 07, 2025 02:03:39.066 [129262505250560] DEBUG - Created chapter thumbnail for metadata item 59, media item 153 for chapter number 25:6509340 at "/config/Library/Application Support/Plex Media Server/Media/localhost/f/5880a62f82bc5b4dfbfac4596022ab3ad17aa99.bundle/Contents/Chapters/chapter25.jpg"
Jun 07, 2025 02:03:39.066 [129262505250560] DEBUG - Created chapter thumbnail for metadata item 59, media item 153 for chapter number 26:6805630 at "/config/Library/Application Support/Plex Media Server/Media/localhost/f/5880a62f82bc5b4dfbfac4596022ab3ad17aa99.bundle/Contents/Chapters/chapter26.jpg"
Jun 07, 2025 02:03:39.066 [129262505250560] DEBUG - Created chapter thumbnail for metadata item 59, media item 153 for chapter number 27:7164490 at "/config/Library/Application Support/Plex Media Server/Media/localhost/f/5880a62f82bc5b4dfbfac4596022ab3ad17aa99.bundle/Contents/Chapters/chapter27.jpg"
Jun 07, 2025 02:03:39.066 [129262505250560] DEBUG - Created chapter thumbnail for metadata item 59, media item 153 for chapter number 28:7373370 at "/config/Library/Application Support/Plex Media Server/Media/localhost/f/5880a62f82bc5b4dfbfac4596022ab3ad17aa99.bundle/Contents/Chapters/chapter28.jpg"
Jun 07, 2025 02:03:39.066 [129262505250560] DEBUG - Created chapter thumbnail for metadata item 59, media item 153 for chapter number 29:7589920 at "/config/Library/Application Support/Plex Media Server/Media/localhost/f/5880a62f82bc5b4dfbfac4596022ab3ad17aa99.bundle/Contents/Chapters/chapter29.jpg"
Jun 07, 2025 02:03:39.066 [129262505250560] DEBUG - Created chapter thumbnail for metadata item 59, media item 153 for chapter number 30:7758250 at "/config/Library/Application Support/Plex Media Server/Media/localhost/f/5880a62f82bc5b4dfbfac4596022ab3ad17aa99.bundle/Contents/Chapters/chapter30.jpg"
Jun 07, 2025 02:03:39.066 [129262505250560] DEBUG - Created chapter thumbnail for metadata item 59, media item 153 for chapter number 31:8101760 at "/config/Library/Application Support/Plex Media Server/Media/localhost/f/5880a62f82bc5b4dfbfac4596022ab3ad17aa99.bundle/Contents/Chapters/chapter31.jpg"
Jun 07, 2025 02:03:39.067 [129262505250560] DEBUG - Created chapter thumbnail for metadata item 59, media item 153 for chapter number 32:8222209 at "/config/Library/Application Support/Plex Media Server/Media/localhost/f/5880a62f82bc5b4dfbfac4596022ab3ad17aa99.bundle/Contents/Chapters/chapter32.jpg"
Jun 07, 2025 02:03:39.067 [129262505250560] DEBUG - Created chapter thumbnail for metadata item 59, media item 153 for chapter number 33:8465960 at "/config/Library/Application Support/Plex Media Server/Media/localhost/f/5880a62f82bc5b4dfbfac4596022ab3ad17aa99.bundle/Contents/Chapters/chapter33.jpg"
Jun 07, 2025 02:03:39.067 [129262505250560] DEBUG - Created chapter thumbnail for metadata item 59, media item 153 for chapter number 34:8550040 at "/config/Library/Application Support/Plex Media Server/Media/localhost/f/5880a62f82bc5b4dfbfac4596022ab3ad17aa99.bundle/Contents/Chapters/chapter34.jpg"
