Jun 05, 2025 19:28:38.770 [0x7ca3e179cb38] INFO - Plex Tuner Service v1.41.7.9823-59f304c16 - Docker Docker Container x86_64 - build: 
Jun 05, 2025 19:28:38.770 [0x7ca3e179cb38] INFO - Linux version: 6.8.12-11-pve (#1 SMP PREEMPT_DYNAMIC PMX 6.8.12-11 (2025-05-22T09:39Z)), language: en-US
Jun 05, 2025 19:28:38.770 [0x7ca3e179cb38] INFO - Processor Intel(R) Xeon(R) CPU E5-2640 v3 @ 2.60GHz
Jun 05, 2025 19:28:38.771 [0x7ca3e179cb38] INFO - /usr/lib/plexmediaserver/Plex Tuner Service /usr/lib/plexmediaserver/Resources/Tuner/Private /usr/lib/plexmediaserver/Resources/Tuner/Shared 1.41.7.9823-59f304c16 32600
Jun 05, 2025 19:28:38.770 [0x7ca3e330d808] INFO - [I] broker_t::start...
Jun 05, 2025 19:28:38.985 [0x7ca3e330d808] INFO - [I] device_manager_t::init.
Jun 05, 2025 19:28:38.985 [0x7ca3e330d808] INFO - [I] device_manager_t::init. Initialize provider manager
Jun 05, 2025 19:28:38.985 [0x7ca3e330d808] INFO - [I] device_manager_t::init. Initialize all device auxes
Jun 05, 2025 19:28:38.985 [0x7ca3e330d808] INFO - [I] dvb_device_factory_t::get_aux_list
Jun 05, 2025 19:28:38.985 [0x7ca3e330d808] INFO - [I] tvbutler_aux_t::init
Jun 05, 2025 19:28:38.989 [0x7ca3e330d808] INFO - [I] web_server_t::start. Starting web server on port 32600
Jun 05, 2025 19:28:39.681 [0x7ca3e1308b38] INFO - [I] web_service_t::process_device_discovery
Jun 05, 2025 19:28:39.681 [0x7ca3e1308b38] INFO - [I] device_reactor_t::get_device_list ()
Jun 05, 2025 19:28:41.686 [0x7ca3e1308b38] INFO - [I] SAT2IP - discover_satip_servers(): no servers found
Jun 05, 2025 19:28:42.106 [0x7ca3e1308b38] INFO - [I] v4l::DeviceGetList_impl. getting v4l device list
Jun 05, 2025 19:28:42.107 [0x7ca3e1308b38] INFO - [I] onetv_factory::DeviceGetListEx >>
Jun 05, 2025 19:28:42.108 [0x7ca3e1308b38] WARN - [W] onetv_factory::DeviceGetListEx. libusb_init returned an error -99
Jul 26, 2025 12:30:53.967 [0x7ca3e330d808] INFO - Received SIGINT: Interrupt from keyboard.
Jul 26, 2025 12:30:54.091 [0x7ca3e330d808] INFO - [I] device_manager_t::term
Jul 26, 2025 12:30:54.091 [0x7ca3e330d808] INFO - [I] device_manager_t::term. Stop all devices
Jul 26, 2025 12:30:54.157 [0x7ca3e330d808] INFO - [I] device_manager_t::term. Shut down all device auxes
Jul 26, 2025 12:30:54.279 [0x7ca3e330d808] INFO - [I] tvbutler_aux_t::term
Jul 26, 2025 12:30:54.527 [0x7ca3e330d808] INFO - [I] web_server_t::stop. Web server is stopped
Jul 26, 2025 12:30:54.527 [0x7ca3e330d808] INFO - [I] device_manager_t::term
Jul 26, 2025 12:30:54.527 [0x7ca3e330d808] INFO - [I] device_manager_t::term. Stop all devices
Jul 26, 2025 12:30:54.527 [0x7ca3e330d808] INFO - [I] device_manager_t::term. Shut down all device auxes
Jul 26, 2025 12:30:54.528 [0x7ca3e330d808] INFO - [I] broker_t::shutdown. Shutdown is completed.
