Jun 06, 2025 02:12:16.202 [127643254868736] INFO - Plex Media Scanner v1.41.7.9823-59f304c16 - Docker Docker Container x86_64 - build: linux-x86_64 - GMT -04:00
Jun 06, 2025 02:12:16.202 [127643254868736] INFO - Linux version: 6.8.12-11-pve, language: en-US
Jun 06, 2025 02:12:16.202 [127643254868736] INFO - Processor: 16-core Intel(R) Xeon(R) CPU E5-2640 v3 @ 2.60GHz
Jun 06, 2025 02:12:16.202 [127643254868736] INFO - /usr/lib/plexmediaserver/Plex Media Scanner --analyze-deeply --item 59 --log-file-suffix  Deep Analysis
Jun 06, 2025 02:12:16.203 [127643255369472] DEBUG - Opening 20 database sessions to library (com.plexapp.plugins.library), SQLite 3.39.4, threadsafe=1
Jun 06, 2025 02:12:16.287 [127643255369472] DEBUG - [MI] Opening input file: "/data/movies/The Assassination of Jesse James by the Coward Robert Ford (2007)/The Assassination of Jesse James by the Coward Robert Ford (2007) BDRip 1080p.mkv"
Jun 06, 2025 02:12:16.287 [127643255369472] DEBUG - [FFMPEG] - Opening '/data/movies/The Assassination of Jesse James by the Coward Robert Ford (2007)/The Assassination of Jesse James by the Coward Robert Ford (2007) BDRip 1080p.mkv' for reading
Jun 06, 2025 02:12:16.287 [127643255369472] DEBUG - [FFMPEG] - Setting default whitelist 'file,crypto,data'
Jun 06, 2025 02:12:16.288 [127643255369472] DEBUG - [FFMPEG] - Format matroska,webm probed with size=2048 and score=100
Jun 06, 2025 02:12:16.288 [127643255369472] DEBUG - [FFMPEG] - st:0 removing common factor 1000000 from timebase
Jun 06, 2025 02:12:16.288 [127643255369472] DEBUG - [FFMPEG] - st:1 removing common factor 1000000 from timebase
Jun 06, 2025 02:12:16.288 [127643255369472] DEBUG - [FFMPEG] - st:2 removing common factor 1000000 from timebase
Jun 06, 2025 02:12:16.288 [127643255369472] DEBUG - [FFMPEG] - st:3 removing common factor 1000000 from timebase
Jun 06, 2025 02:12:16.288 [127643255369472] DEBUG - [FFMPEG] - st:4 removing common factor 1000000 from timebase
Jun 06, 2025 02:12:16.288 [127643255369472] DEBUG - [FFMPEG] - st:5 removing common factor 1000000 from timebase
Jun 06, 2025 02:12:16.288 [127643255369472] DEBUG - [FFMPEG] - st:6 removing common factor 1000000 from timebase
Jun 06, 2025 02:12:16.288 [127643255369472] DEBUG - [FFMPEG] - st:7 removing common factor 1000000 from timebase
Jun 06, 2025 02:12:16.288 [127643255369472] DEBUG - [FFMPEG] - Before avformat_find_stream_info() pos: 120460 bytes read:151081 seeks:0 nb_streams:9
Jun 06, 2025 02:12:16.289 [127643255369472] DEBUG - [FFMPEG] - nal_unit_type: 7(SPS), nal_ref_idc: 3
Jun 06, 2025 02:12:16.289 [127643255369472] DEBUG - [FFMPEG] - nal_unit_type: 8(PPS), nal_ref_idc: 3
Jun 06, 2025 02:12:16.289 [127643255369472] DEBUG - [FFMPEG] - marker=d8 avail_size_in_buf=112104
Jun 06, 2025 02:12:16.289 [127643255369472] DEBUG - [FFMPEG] - marker parser used 0 bytes (0 bits)
Jun 06, 2025 02:12:16.289 [127643255369472] DEBUG - [FFMPEG] - marker=e0 avail_size_in_buf=112102
Jun 06, 2025 02:12:16.289 [127643255369472] DEBUG - [FFMPEG] - marker parser used 16 bytes (128 bits)
Jun 06, 2025 02:12:16.289 [127643255369472] DEBUG - [FFMPEG] - marker=e1 avail_size_in_buf=112084
Jun 06, 2025 02:12:16.289 [127643255369472] DEBUG - [FFMPEG] - marker parser used 101 bytes (808 bits)
Jun 06, 2025 02:12:16.289 [127643255369472] DEBUG - [FFMPEG] - marker=db avail_size_in_buf=111980
Jun 06, 2025 02:12:16.289 [127643255369472] DEBUG - [FFMPEG] - index=0
Jun 06, 2025 02:12:16.289 [127643255369472] DEBUG - [FFMPEG] - qscale[0]: 0
Jun 06, 2025 02:12:16.289 [127643255369472] DEBUG - [FFMPEG] - marker parser used 67 bytes (536 bits)
Jun 06, 2025 02:12:16.289 [127643255369472] DEBUG - [FFMPEG] - marker=db avail_size_in_buf=111911
Jun 06, 2025 02:12:16.289 [127643255369472] DEBUG - [FFMPEG] - index=1
Jun 06, 2025 02:12:16.289 [127643255369472] DEBUG - [FFMPEG] - qscale[1]: 1
Jun 06, 2025 02:12:16.289 [127643255369472] DEBUG - [FFMPEG] - marker parser used 67 bytes (536 bits)
Jun 06, 2025 02:12:16.289 [127643255369472] DEBUG - [FFMPEG] - marker=c0 avail_size_in_buf=111842
Jun 06, 2025 02:12:16.289 [127643255369472] DEBUG - [FFMPEG] - Changing bps from 0 to 8
Jun 06, 2025 02:12:16.289 [127643255369472] DEBUG - [FFMPEG] - sof0: picture: 389x500
Jun 06, 2025 02:12:16.289 [127643255369472] DEBUG - [FFMPEG] - component 0 2:2 id: 0 quant:0
Jun 06, 2025 02:12:16.289 [127643255369472] DEBUG - [FFMPEG] - component 1 1:1 id: 1 quant:1
Jun 06, 2025 02:12:16.289 [127643255369472] DEBUG - [FFMPEG] - component 2 1:1 id: 2 quant:1
Jun 06, 2025 02:12:16.289 [127643255369472] DEBUG - [FFMPEG] - pix fmt id 22111100
Jun 06, 2025 02:12:16.289 [127643255369472] DEBUG - [FFMPEG] - Format yuvj420p chosen by get_format().
Jun 06, 2025 02:12:16.289 [127643255369472] DEBUG - [FFMPEG] - marker parser used 17 bytes (136 bits)
Jun 06, 2025 02:12:16.289 [127643255369472] DEBUG - [FFMPEG] - marker=c4 avail_size_in_buf=111823
Jun 06, 2025 02:12:16.289 [127643255369472] DEBUG - [FFMPEG] - marker parser used 0 bytes (0 bits)
Jun 06, 2025 02:12:16.289 [127643255369472] DEBUG - [FFMPEG] - marker=c4 avail_size_in_buf=111790
Jun 06, 2025 02:12:16.289 [127643255369472] DEBUG - [FFMPEG] - marker parser used 0 bytes (0 bits)
Jun 06, 2025 02:12:16.289 [127643255369472] DEBUG - [FFMPEG] - marker=c4 avail_size_in_buf=111607
Jun 06, 2025 02:12:16.289 [127643255369472] DEBUG - [FFMPEG] - marker parser used 0 bytes (0 bits)
Jun 06, 2025 02:12:16.289 [127643255369472] DEBUG - [FFMPEG] - marker=c4 avail_size_in_buf=111574
Jun 06, 2025 02:12:16.289 [127643255369472] DEBUG - [FFMPEG] - marker parser used 0 bytes (0 bits)
Jun 06, 2025 02:12:16.289 [127643255369472] DEBUG - [FFMPEG] - escaping removed 1116 bytes
Jun 06, 2025 02:12:16.289 [127643255369472] DEBUG - [FFMPEG] - marker=da avail_size_in_buf=111391
Jun 06, 2025 02:12:16.289 [127643255369472] DEBUG - [FFMPEG] - marker parser used 110275 bytes (882200 bits)
Jun 06, 2025 02:12:16.289 [127643255369472] DEBUG - [FFMPEG] - marker=d9 avail_size_in_buf=0
Jun 06, 2025 02:12:16.289 [127643255369472] DEBUG - [FFMPEG] - decode frame unused 0 bytes
Jun 06, 2025 02:12:16.289 [127643255369472] DEBUG - [FFMPEG] - nal_unit_type: 7(SPS), nal_ref_idc: 3
Jun 06, 2025 02:12:16.289 [127643255369472] DEBUG - [FFMPEG] - nal_unit_type: 8(PPS), nal_ref_idc: 3
Jun 06, 2025 02:12:16.289 [127643255369472] DEBUG - [FFMPEG] - nal_unit_type: 6(SEI), nal_ref_idc: 0
Jun 06, 2025 02:12:16.289 [127643255369472] DEBUG - [FFMPEG] - nal_unit_type: 5(IDR), nal_ref_idc: 3
Jun 06, 2025 02:12:16.289 [127643255369472] DEBUG - [FFMPEG] - Format yuv420p chosen by get_format().
Jun 06, 2025 02:12:16.291 [127643255369472] DEBUG - [FFMPEG] - no picture 
Jun 06, 2025 02:12:16.293 [127643255369472] DEBUG - [FFMPEG] - nal_unit_type: 1(Coded slice of a non-IDR picture), nal_ref_idc: 2
Jun 06, 2025 02:12:16.295 [127643255369472] DEBUG - [FFMPEG] - no picture 
Jun 06, 2025 02:12:16.296 [127643255369472] DEBUG - [FFMPEG] - nal_unit_type: 1(Coded slice of a non-IDR picture), nal_ref_idc: 2
Jun 06, 2025 02:12:16.299 [127643255369472] DEBUG - [FFMPEG] - nal_unit_type: 1(Coded slice of a non-IDR picture), nal_ref_idc: 0
Jun 06, 2025 02:12:16.302 [127643255369472] DEBUG - [FFMPEG] - nal_unit_type: 1(Coded slice of a non-IDR picture), nal_ref_idc: 0
Jun 06, 2025 02:12:16.305 [127643255369472] DEBUG - [FFMPEG] - nal_unit_type: 1(Coded slice of a non-IDR picture), nal_ref_idc: 0
Jun 06, 2025 02:12:16.307 [127643255369472] DEBUG - [FFMPEG] - nal_unit_type: 1(Coded slice of a non-IDR picture), nal_ref_idc: 0
Jun 06, 2025 02:12:16.309 [127643255369472] DEBUG - [FFMPEG] - nal_unit_type: 1(Coded slice of a non-IDR picture), nal_ref_idc: 0
Jun 06, 2025 02:12:16.310 [127643255369472] DEBUG - [FFMPEG] - nal_unit_type: 1(Coded slice of a non-IDR picture), nal_ref_idc: 0
Jun 06, 2025 02:12:16.312 [127643255369472] DEBUG - [FFMPEG] - All info found
Jun 06, 2025 02:12:16.313 [127643255369472] DEBUG - [FFMPEG] - After avformat_find_stream_info() pos: 361946 bytes read:380457 seeks:0 frames:126
Jun 06, 2025 02:12:16.673 [127643255369472] DEBUG - Deep Analysis: Read 10000 packets at 55.456000
Jun 06, 2025 02:12:17.312 [127643255369472] DEBUG - Deep Analysis: Read 20000 packets at 110.816000
Jun 06, 2025 02:12:17.978 [127643255369472] DEBUG - Deep Analysis: Read 30000 packets at 166.080000
Jun 06, 2025 02:12:18.261 [127643255369472] DEBUG - Deep Analysis: Read 40000 packets at 221.536000
Jun 06, 2025 02:12:18.742 [127643255369472] DEBUG - Deep Analysis: Read 50000 packets at 276.928000
Jun 06, 2025 02:12:19.245 [127643255369472] DEBUG - Deep Analysis: Read 60000 packets at 332.256000
Jun 06, 2025 02:12:19.656 [127643255369472] DEBUG - Deep Analysis: Read 70000 packets at 387.456000
Jun 06, 2025 02:12:20.103 [127643255369472] DEBUG - Deep Analysis: Read 80000 packets at 443.072000
Jun 06, 2025 02:12:20.520 [127643255369472] DEBUG - Deep Analysis: Read 90000 packets at 498.464000
Jun 06, 2025 02:12:20.996 [127643255369472] DEBUG - Deep Analysis: Read 100000 packets at 553.568000
Jun 06, 2025 02:12:21.437 [127643255369472] DEBUG - Deep Analysis: Read 110000 packets at 608.858000
Jun 06, 2025 02:12:21.836 [127643255369472] DEBUG - Deep Analysis: Read 120000 packets at 664.416000
Jun 06, 2025 02:12:22.171 [127643255369472] DEBUG - Deep Analysis: Read 130000 packets at 719.552000
Jun 06, 2025 02:12:22.504 [127643255369472] DEBUG - Deep Analysis: Read 140000 packets at 774.880000
Jun 06, 2025 02:12:23.024 [127643255369472] DEBUG - Deep Analysis: Read 150000 packets at 830.240000
Jun 06, 2025 02:12:23.341 [127643255369472] DEBUG - Deep Analysis: Read 160000 packets at 885.635000
Jun 06, 2025 02:12:23.582 [127643255369472] DEBUG - Deep Analysis: Read 170000 packets at 941.248000
Jun 06, 2025 02:12:24.097 [127643255369472] DEBUG - Deep Analysis: Read 180000 packets at 996.736000
Jun 06, 2025 02:12:24.692 [127643255369472] DEBUG - Deep Analysis: Read 190000 packets at 1052.160000
Jun 06, 2025 02:12:25.188 [127643255369472] DEBUG - Deep Analysis: Read 200000 packets at 1107.648000
Jun 06, 2025 02:12:25.818 [127643255369472] DEBUG - Deep Analysis: Read 210000 packets at 1162.816000
Jun 06, 2025 02:12:26.102 [127643255369472] DEBUG - Deep Analysis: Read 220000 packets at 1218.272000
Jun 06, 2025 02:12:26.441 [127643255369472] DEBUG - Deep Analysis: Read 230000 packets at 1273.568000
Jun 06, 2025 02:12:26.836 [127643255369472] DEBUG - Deep Analysis: Read 240000 packets at 1329.056000
Jun 06, 2025 02:12:27.159 [127643255369472] DEBUG - Deep Analysis: Read 250000 packets at 1384.512000
Jun 06, 2025 02:12:27.445 [127643255369472] DEBUG - Deep Analysis: Read 260000 packets at 1440.032000
Jun 06, 2025 02:12:27.785 [127643255369472] DEBUG - Deep Analysis: Read 270000 packets at 1495.232000
Jun 06, 2025 02:12:28.084 [127643255369472] DEBUG - Deep Analysis: Read 280000 packets at 1550.592000
Jun 06, 2025 02:12:28.537 [127643255369472] DEBUG - Deep Analysis: Read 290000 packets at 1605.984000
Jun 06, 2025 02:12:28.915 [127643255369472] DEBUG - Deep Analysis: Read 300000 packets at 1661.312000
Jun 06, 2025 02:12:29.296 [127643255369472] DEBUG - Deep Analysis: Read 310000 packets at 1716.608000
Jun 06, 2025 02:12:29.737 [127643255369472] DEBUG - Deep Analysis: Read 320000 packets at 1772.064000
Jun 06, 2025 02:12:30.087 [127643255369472] DEBUG - Deep Analysis: Read 330000 packets at 1827.616000
Jun 06, 2025 02:12:30.504 [127643255369472] DEBUG - Deep Analysis: Read 340000 packets at 1882.848000
Jun 06, 2025 02:12:30.879 [127643255369472] DEBUG - Deep Analysis: Read 350000 packets at 1938.080000
Jun 06, 2025 02:12:31.268 [127643255369472] DEBUG - Deep Analysis: Read 360000 packets at 1993.568000
Jun 06, 2025 02:12:31.731 [127643255369472] DEBUG - Deep Analysis: Read 370000 packets at 2048.768000
Jun 06, 2025 02:12:32.341 [127643255369472] DEBUG - Deep Analysis: Read 380000 packets at 2104.320000
Jun 06, 2025 02:12:32.844 [127643255369472] DEBUG - Deep Analysis: Read 390000 packets at 2159.424000
Jun 06, 2025 02:12:33.440 [127643255369472] DEBUG - Deep Analysis: Read 400000 packets at 2215.040000
Jun 06, 2025 02:12:34.103 [127643255369472] DEBUG - Deep Analysis: Read 410000 packets at 2270.059000
Jun 06, 2025 02:12:34.541 [127643255369472] DEBUG - Deep Analysis: Read 420000 packets at 2325.664000
Jun 06, 2025 02:12:34.930 [127643255369472] DEBUG - Deep Analysis: Read 430000 packets at 2381.120000
Jun 06, 2025 02:12:35.454 [127643255369472] DEBUG - Deep Analysis: Read 440000 packets at 2436.416000
Jun 06, 2025 02:12:36.094 [127643255369472] DEBUG - Deep Analysis: Read 450000 packets at 2491.712000
Jun 06, 2025 02:12:36.601 [127643255369472] DEBUG - Deep Analysis: Read 460000 packets at 2547.200000
Jun 06, 2025 02:12:37.065 [127643255369472] DEBUG - Deep Analysis: Read 470000 packets at 2602.464000
Jun 06, 2025 02:12:37.429 [127643255369472] DEBUG - Deep Analysis: Read 480000 packets at 2657.888000
Jun 06, 2025 02:12:37.764 [127643255369472] DEBUG - Deep Analysis: Read 490000 packets at 2713.085000
Jun 06, 2025 02:12:38.157 [127643255369472] DEBUG - Deep Analysis: Read 500000 packets at 2768.800000
Jun 06, 2025 02:12:38.559 [127643255369472] DEBUG - Deep Analysis: Read 510000 packets at 2824.192000
Jun 06, 2025 02:12:38.957 [127643255369472] DEBUG - Deep Analysis: Read 520000 packets at 2879.584000
Jun 06, 2025 02:12:39.461 [127643255369472] DEBUG - Deep Analysis: Read 530000 packets at 2934.752000
Jun 06, 2025 02:12:39.842 [127643255369472] DEBUG - Deep Analysis: Read 540000 packets at 2990.432000
Jun 06, 2025 02:12:40.206 [127643255369472] DEBUG - Deep Analysis: Read 550000 packets at 3045.888000
Jun 06, 2025 02:12:40.481 [127643255369472] DEBUG - Deep Analysis: Read 560000 packets at 3101.184000
Jun 06, 2025 02:12:40.793 [127643255369472] DEBUG - Deep Analysis: Read 570000 packets at 3156.640000
Jun 06, 2025 02:12:41.127 [127643255369472] DEBUG - Deep Analysis: Read 580000 packets at 3211.808000
Jun 06, 2025 02:12:41.478 [127643255369472] DEBUG - Deep Analysis: Read 590000 packets at 3267.222000
Jun 06, 2025 02:12:42.059 [127643255369472] DEBUG - Deep Analysis: Read 600000 packets at 3322.624000
Jun 06, 2025 02:12:42.501 [127643255369472] DEBUG - Deep Analysis: Read 610000 packets at 3378.400000
Jun 06, 2025 02:12:42.798 [127643255369472] DEBUG - Deep Analysis: Read 620000 packets at 3433.856000
Jun 06, 2025 02:12:43.253 [127643255369472] DEBUG - Deep Analysis: Read 630000 packets at 3488.902000
Jun 06, 2025 02:12:43.610 [127643255369472] DEBUG - Deep Analysis: Read 640000 packets at 3544.512000
Jun 06, 2025 02:12:44.015 [127643255369472] DEBUG - Deep Analysis: Read 650000 packets at 3599.936000
Jun 06, 2025 02:12:44.411 [127643255369472] DEBUG - Deep Analysis: Read 660000 packets at 3655.264000
Jun 06, 2025 02:12:44.838 [127643255369472] DEBUG - Deep Analysis: Read 670000 packets at 3710.582000
Jun 06, 2025 02:12:45.265 [127643255369472] DEBUG - Deep Analysis: Read 680000 packets at 3766.016000
Jun 06, 2025 02:12:46.347 [127643255369472] DEBUG - Deep Analysis: Read 690000 packets at 3821.440000
Jun 06, 2025 02:12:46.552 [127643255369472] DEBUG - Deep Analysis: Read 700000 packets at 3876.896000
Jun 06, 2025 02:12:47.222 [127643255369472] DEBUG - Deep Analysis: Read 710000 packets at 3932.160000
Jun 06, 2025 02:12:47.941 [127643255369472] DEBUG - Deep Analysis: Read 720000 packets at 3987.744000
Jun 06, 2025 02:12:48.524 [127643255369472] DEBUG - Deep Analysis: Read 730000 packets at 4042.997000
Jun 06, 2025 02:12:49.025 [127643255369472] DEBUG - Deep Analysis: Read 740000 packets at 4098.720000
Jun 06, 2025 02:12:49.468 [127643255369472] DEBUG - Deep Analysis: Read 750000 packets at 4153.816000
Jun 06, 2025 02:12:50.283 [127643255369472] DEBUG - Deep Analysis: Read 760000 packets at 4209.248000
Jun 06, 2025 02:12:50.752 [127643255369472] DEBUG - Deep Analysis: Read 770000 packets at 4264.761000
Jun 06, 2025 02:12:51.073 [127643255369472] DEBUG - Deep Analysis: Read 780000 packets at 4320.352000
Jun 06, 2025 02:12:51.540 [127643255369472] DEBUG - Deep Analysis: Read 790000 packets at 4375.488000
Jun 06, 2025 02:12:51.954 [127643255369472] DEBUG - Deep Analysis: Read 800000 packets at 4431.072000
Jun 06, 2025 02:12:52.353 [127643255369472] DEBUG - Deep Analysis: Read 810000 packets at 4486.336000
Jun 06, 2025 02:12:52.807 [127643255369472] DEBUG - Deep Analysis: Read 820000 packets at 4541.760000
Jun 06, 2025 02:12:53.320 [127643255369472] DEBUG - Deep Analysis: Read 830000 packets at 4597.056000
Jun 06, 2025 02:12:53.891 [127643255369472] DEBUG - Deep Analysis: Read 840000 packets at 4652.544000
Jun 06, 2025 02:12:54.318 [127643255369472] DEBUG - Deep Analysis: Read 850000 packets at 4707.904000
Jun 06, 2025 02:12:54.768 [127643255369472] DEBUG - Deep Analysis: Read 860000 packets at 4763.232000
Jun 06, 2025 02:12:55.246 [127643255369472] DEBUG - Deep Analysis: Read 870000 packets at 4818.592000
Jun 06, 2025 02:12:55.713 [127643255369472] DEBUG - Deep Analysis: Read 880000 packets at 4873.920000
Jun 06, 2025 02:12:56.201 [127643255369472] DEBUG - Deep Analysis: Read 890000 packets at 4929.376000
Jun 06, 2025 02:12:56.600 [127643255369472] DEBUG - Deep Analysis: Read 900000 packets at 4984.992000
Jun 06, 2025 02:12:56.934 [127643255369472] DEBUG - Deep Analysis: Read 910000 packets at 5040.160000
Jun 06, 2025 02:12:57.256 [127643255369472] DEBUG - Deep Analysis: Read 920000 packets at 5095.584000
Jun 06, 2025 02:12:57.519 [127643255369472] DEBUG - Deep Analysis: Read 930000 packets at 5150.562000
Jun 06, 2025 02:12:57.750 [127643255369472] DEBUG - Deep Analysis: Read 940000 packets at 5206.400000
Jun 06, 2025 02:12:58.102 [127643255369472] DEBUG - Deep Analysis: Read 950000 packets at 5261.824000
Jun 06, 2025 02:12:58.813 [127643255369472] DEBUG - Deep Analysis: Read 960000 packets at 5316.937000
Jun 06, 2025 02:12:58.926 [127643255369472] DEBUG - Deep Analysis: Read 970000 packets at 5372.704000
Jun 06, 2025 02:12:59.191 [127643255369472] DEBUG - Deep Analysis: Read 980000 packets at 5427.968000
Jun 06, 2025 02:12:59.586 [127643255369472] DEBUG - Deep Analysis: Read 990000 packets at 5483.228000
Jun 06, 2025 02:13:00.069 [127643255369472] DEBUG - Deep Analysis: Read 1000000 packets at 5538.649000
Jun 06, 2025 02:13:00.492 [127643255369472] DEBUG - Deep Analysis: Read 1010000 packets at 5593.920000
Jun 06, 2025 02:13:01.047 [127643255369472] DEBUG - Deep Analysis: Read 1020000 packets at 5649.144000
Jun 06, 2025 02:13:01.456 [127643255369472] DEBUG - Deep Analysis: Read 1030000 packets at 5704.896000
Jun 06, 2025 02:13:01.815 [127643255369472] DEBUG - Deep Analysis: Read 1040000 packets at 5760.096000
Jun 06, 2025 02:13:02.242 [127643255369472] DEBUG - Deep Analysis: Read 1050000 packets at 5815.226000
Jun 06, 2025 02:13:02.833 [127643255369472] DEBUG - Deep Analysis: Read 1060000 packets at 5871.008000
Jun 06, 2025 02:13:03.231 [127643255369472] DEBUG - Deep Analysis: Read 1070000 packets at 5926.208000
Jun 06, 2025 02:13:03.629 [127643255369472] DEBUG - Deep Analysis: Read 1080000 packets at 5981.696000
Jun 06, 2025 02:13:04.004 [127643255369472] DEBUG - Deep Analysis: Read 1090000 packets at 6036.928000
Jun 06, 2025 02:13:04.543 [127643255369472] DEBUG - Deep Analysis: Read 1100000 packets at 6092.352000
Jun 06, 2025 02:13:05.387 [127643255369472] DEBUG - Deep Analysis: Read 1110000 packets at 6147.648000
Jun 06, 2025 02:13:05.842 [127643255369472] DEBUG - Deep Analysis: Read 1120000 packets at 6203.168000
Jun 06, 2025 02:13:06.328 [127643255369472] DEBUG - Deep Analysis: Read 1130000 packets at 6258.377000
Jun 06, 2025 02:13:06.825 [127643255369472] DEBUG - Deep Analysis: Read 1140000 packets at 6313.888000
Jun 06, 2025 02:13:07.522 [127643255369472] DEBUG - Deep Analysis: Read 1150000 packets at 6369.376000
Jun 06, 2025 02:13:08.163 [127643255369472] DEBUG - Deep Analysis: Read 1160000 packets at 6424.800000
Jun 06, 2025 02:13:08.693 [127643255369472] DEBUG - Deep Analysis: Read 1170000 packets at 6480.224000
Jun 06, 2025 02:13:09.267 [127643255369472] DEBUG - Deep Analysis: Read 1180000 packets at 6535.584000
Jun 06, 2025 02:13:09.723 [127643255369472] DEBUG - Deep Analysis: Read 1190000 packets at 6591.040000
Jun 06, 2025 02:13:10.260 [127643255369472] DEBUG - Deep Analysis: Read 1200000 packets at 6646.140000
Jun 06, 2025 02:13:10.670 [127643255369472] DEBUG - Deep Analysis: Read 1210000 packets at 6701.792000
Jun 06, 2025 02:13:11.242 [127643255369472] DEBUG - Deep Analysis: Read 1220000 packets at 6757.280000
Jun 06, 2025 02:13:11.844 [127643255369472] DEBUG - Deep Analysis: Read 1230000 packets at 6812.512000
Jun 06, 2025 02:13:12.256 [127643255369472] DEBUG - Deep Analysis: Read 1240000 packets at 6867.968000
Jun 06, 2025 02:13:12.684 [127643255369472] DEBUG - Deep Analysis: Read 1250000 packets at 6923.424000
Jun 06, 2025 02:13:13.210 [127643255369472] DEBUG - Deep Analysis: Read 1260000 packets at 6978.720000
Jun 06, 2025 02:13:13.804 [127643255369472] DEBUG - Deep Analysis: Read 1270000 packets at 7033.952000
Jun 06, 2025 02:13:14.395 [127643255369472] DEBUG - Deep Analysis: Read 1280000 packets at 7089.408000
Jun 06, 2025 02:13:15.169 [127643255369472] DEBUG - Deep Analysis: Read 1290000 packets at 7144.704000
Jun 06, 2025 02:13:15.895 [127643255369472] DEBUG - Deep Analysis: Read 1300000 packets at 7200.192000
Jun 06, 2025 02:13:16.252 [127643255369472] DEBUG - Deep Analysis: Read 1310000 packets at 7255.520000
Jun 06, 2025 02:13:16.669 [127643255369472] DEBUG - Deep Analysis: Read 1320000 packets at 7311.008000
Jun 06, 2025 02:13:17.033 [127643255369472] DEBUG - Deep Analysis: Read 1330000 packets at 7366.464000
Jun 06, 2025 02:13:17.512 [127643255369472] DEBUG - Deep Analysis: Read 1340000 packets at 7422.016000
Jun 06, 2025 02:13:18.055 [127643255369472] DEBUG - Deep Analysis: Read 1350000 packets at 7477.472000
Jun 06, 2025 02:13:18.592 [127643255369472] DEBUG - Deep Analysis: Read 1360000 packets at 7532.576000
Jun 06, 2025 02:13:19.240 [127643255369472] DEBUG - Deep Analysis: Read 1370000 packets at 7588.128000
Jun 06, 2025 02:13:19.788 [127643255369472] DEBUG - Deep Analysis: Read 1380000 packets at 7643.520000
Jun 06, 2025 02:13:20.394 [127643255369472] DEBUG - Deep Analysis: Read 1390000 packets at 7698.976000
Jun 06, 2025 02:13:21.030 [127643255369472] DEBUG - Deep Analysis: Read 1400000 packets at 7754.247000
Jun 06, 2025 02:13:21.721 [127643255369472] DEBUG - Deep Analysis: Read 1410000 packets at 7809.984000
Jun 06, 2025 02:13:22.341 [127643255369472] DEBUG - Deep Analysis: Read 1420000 packets at 7865.280000
Jun 06, 2025 02:13:22.993 [127643255369472] DEBUG - Deep Analysis: Read 1430000 packets at 7920.672000
Jun 06, 2025 02:13:24.036 [127643255369472] DEBUG - Deep Analysis: Read 1440000 packets at 7976.288000
Jun 06, 2025 02:13:24.409 [127643255369472] DEBUG - Deep Analysis: Read 1450000 packets at 8031.357000
Jun 06, 2025 02:13:24.972 [127643255369472] DEBUG - Deep Analysis: Read 1460000 packets at 8087.136000
Jun 06, 2025 02:13:25.345 [127643255369472] DEBUG - Deep Analysis: Read 1470000 packets at 8142.528000
Jun 06, 2025 02:13:25.697 [127643255369472] DEBUG - Deep Analysis: Read 1480000 packets at 8197.888000
Jun 06, 2025 02:13:26.083 [127643255369472] DEBUG - Deep Analysis: Read 1490000 packets at 8253.248000
Jun 06, 2025 02:13:26.609 [127643255369472] DEBUG - Deep Analysis: Read 1500000 packets at 8308.512000
Jun 06, 2025 02:13:27.071 [127643255369472] DEBUG - Deep Analysis: Read 1510000 packets at 8363.968000
Jun 06, 2025 02:13:27.639 [127643255369472] DEBUG - Deep Analysis: Read 1520000 packets at 8418.994000
Jun 06, 2025 02:13:28.031 [127643255369472] DEBUG - Deep Analysis: Read 1530000 packets at 8474.752000
Jun 06, 2025 02:13:28.446 [127643255369472] DEBUG - Deep Analysis: Read 1540000 packets at 8530.016000
Jun 06, 2025 02:13:28.839 [127643255369472] DEBUG - Deep Analysis: Read 1550000 packets at 8585.696000
Jun 06, 2025 02:13:29.249 [127643255369472] DEBUG - Deep Analysis: Read 1560000 packets at 8640.896000
Jun 06, 2025 02:13:29.903 [127643255369472] DEBUG - Deep Analysis: Read 1570000 packets at 8696.062000
Jun 06, 2025 02:13:30.018 [127643255369472] DEBUG - Deep Analysis: Read 1580000 packets at 8751.576000
Jun 06, 2025 02:13:30.573 [127643255369472] DEBUG - Deep Analysis: Read 1590000 packets at 8807.072000
Jun 06, 2025 02:13:30.961 [127643255369472] DEBUG - Deep Analysis: Read 1600000 packets at 8862.688000
Jun 06, 2025 02:13:31.334 [127643255369472] DEBUG - Deep Analysis: Read 1610000 packets at 8918.048000
Jun 06, 2025 02:13:31.820 [127643255369472] DEBUG - Deep Analysis: Read 1620000 packets at 8973.408000
Jun 06, 2025 02:13:32.322 [127643255369472] DEBUG - Deep Analysis: Read 1630000 packets at 9028.704000
Jun 06, 2025 02:13:32.832 [127643255369472] DEBUG - Deep Analysis: Read 1640000 packets at 9084.224000
Jun 06, 2025 02:13:33.447 [127643255369472] DEBUG - Deep Analysis: Read 1650000 packets at 9138.963000
Jun 06, 2025 02:13:33.546 [127643255369472] DEBUG - Deep Analysis: Read 1660000 packets at 9195.040000
Jun 06, 2025 02:13:33.643 [127643255369472] DEBUG - Deep Analysis: Read 1670000 packets at 9250.116000
Jun 06, 2025 02:13:33.743 [127643255369472] DEBUG - Deep Analysis: Read 1680000 packets at 9305.856000
Jun 06, 2025 02:13:33.907 [127643255369472] DEBUG - Deep Analysis: Read 1690000 packets at 9361.472000
Jun 06, 2025 02:13:34.146 [127643255369472] DEBUG - Deep Analysis: Read 1700000 packets at 9416.896000
Jun 06, 2025 02:13:34.393 [127643255369472] DEBUG - Deep Analysis: Read 1710000 packets at 9472.213000
Jun 06, 2025 02:13:34.626 [127643255369472] DEBUG - Deep Analysis: Read 1720000 packets at 9527.560000
Jun 06, 2025 02:13:34.827 [127643255369472] DEBUG - Deep Analysis: Sorting packets
Jun 06, 2025 02:13:34.915 [127643255369472] DEBUG - Deep Analysis: Performing file bitrate analysis
Jun 06, 2025 02:13:35.247 [127643255369472] DEBUG - Deep Analysis: Performing stream bitrate analysis on stream 0
Jun 06, 2025 02:13:35.306 [127643255369472] DEBUG - Deep Analysis: Performing stream bitrate analysis on stream 1
Jun 06, 2025 02:13:35.324 [127643255369472] DEBUG - Deep Analysis: Performing stream bitrate analysis on stream 2
Jun 06, 2025 02:13:35.343 [127643255369472] DEBUG - Deep Analysis: Performing stream bitrate analysis on stream 3
Jun 06, 2025 02:13:35.361 [127643255369472] DEBUG - Deep Analysis: Performing stream bitrate analysis on stream 4
Jun 06, 2025 02:13:35.384 [127643255369472] DEBUG - Deep Analysis: Performing stream bitrate analysis on stream 5
Jun 06, 2025 02:13:35.407 [127643255369472] DEBUG - Deep Analysis: Performing stream bitrate analysis on stream 6
Jun 06, 2025 02:13:35.409 [127643255369472] DEBUG - Deep Analysis: Performing stream bitrate analysis on stream 7
Jun 06, 2025 02:13:35.411 [127643255369472] DEBUG - Deep Analysis: Performing stream bitrate analysis on stream 8
Jun 06, 2025 02:13:35.415 [127643255369472] DEBUG - Deep Analysis: Saving GoP analysis for stream 0
Jun 06, 2025 02:13:35.416 [127643255369472] DEBUG - Deep Analysis: Saving GoP analysis for stream 8
Jun 06, 2025 02:13:35.416 [127643255369472] DEBUG - Deep Analysis: Saving bitrate analysis
Jun 06, 2025 02:13:35.416 [127643255369472] DEBUG - Updating part with ID=153 [/data/movies/The Assassination of Jesse James by the Coward Robert Ford (2007)/The Assassination of Jesse James by the Coward Robert Ford (2007) BDRip 1080p.mkv]
Jun 06, 2025 02:13:35.417 [127643255369472] DEBUG - [MI] Closing input file: "/data/movies/The Assassination of Jesse James by the Coward Robert Ford (2007)/The Assassination of Jesse James by the Coward Robert Ford (2007) BDRip 1080p.mkv"
Jun 06, 2025 02:13:35.418 [127643255369472] DEBUG - Updating media item 153, size=14160219576, metadata_item_id=59
Jun 06, 2025 02:13:35.418 [127643255369472] DEBUG - Updating part with ID=153 [/data/movies/The Assassination of Jesse James by the Coward Robert Ford (2007)/The Assassination of Jesse James by the Coward Robert Ford (2007) BDRip 1080p.mkv]
