Aug 28, 2025 03:43:29.353 [129803705195264] INFO - Plex Media Scanner v1.41.7.9823-59f304c16 - Docker Docker Container x86_64 - build: linux-x86_64 - GMT -04:00
Aug 28, 2025 03:43:29.353 [129803705195264] INFO - Linux version: 6.8.12-11-pve, language: en-US
Aug 28, 2025 03:43:29.353 [129803705195264] INFO - Processor: 16-core Intel(R) Xeon(R) CPU E5-2640 v3 @ 2.60GHz
Aug 28, 2025 03:43:29.353 [129803705195264] INFO - /usr/lib/plexmediaserver/Plex Media Scanner --match --type 1 --log-file-suffix  Matcher --item 98
Aug 28, 2025 03:43:29.354 [129803705696000] DEBUG - Opening 20 database sessions to library (com.plexapp.plugins.library), SQLite 3.39.4, threadsafe=1
Aug 28, 2025 03:43:29.444 [129803705696000] DEBUG - Matcher: found 0 auxiliary files for La La Land
Aug 28, 2025 03:43:29.444 [129803705696000] DEBUG - [MI] Opening input file: "/data/movies/La La Land (2016)/La.La.Land.2016.1080p.BluRay.x265-RARBG.mp4"
Aug 28, 2025 03:43:29.444 [129803705696000] DEBUG - [FFMPEG] - Opening '/data/movies/La La Land (2016)/La.La.Land.2016.1080p.BluRay.x265-RARBG.mp4' for reading
Aug 28, 2025 03:43:29.444 [129803705696000] DEBUG - [FFMPEG] - Setting default whitelist 'file,crypto,data'
Aug 28, 2025 03:43:29.476 [129803705696000] DEBUG - [FFMPEG] - Format mov,mp4,m4a,3gp,3g2,mj2 probed with size=2048 and score=100
Aug 28, 2025 03:43:29.476 [129803705696000] DEBUG - [FFMPEG] - ISO: File Type Major Brand: isom
Aug 28, 2025 03:43:29.485 [129803705696000] DEBUG - [FFMPEG] - Unknown dref type 0x206c7275 size 12
Aug 28, 2025 03:43:29.500 [129803705696000] DEBUG - [FFMPEG] - Processing st: 0, edit list 0 - media time: 100099, duration: 9201568800
Aug 28, 2025 03:43:29.500 [129803705696000] DEBUG - [FFMPEG] - drop a frame at curr_cts: 0 @ 0
Aug 28, 2025 03:43:29.500 [129803705696000] DEBUG - [FFMPEG] - drop a frame at curr_cts: 50049 @ 1
Aug 28, 2025 03:43:29.504 [129803705696000] DEBUG - [FFMPEG] - Unknown dref type 0x206c7275 size 12
Aug 28, 2025 03:43:29.529 [129803705696000] DEBUG - [FFMPEG] - Processing st: 1, edit list 0 - media time: 2048, duration: 368071680
Aug 28, 2025 03:43:29.529 [129803705696000] DEBUG - [FFMPEG] - drop a frame at curr_cts: 0 @ 0
Aug 28, 2025 03:43:29.529 [129803705696000] DEBUG - [FFMPEG] - drop a frame at curr_cts: 1024 @ 1
Aug 28, 2025 03:43:29.537 [129803705696000] DEBUG - [FFMPEG] - rfps: 23.916667 0.004936
Aug 28, 2025 03:43:29.537 [129803705696000] DEBUG - [FFMPEG] - rfps: 23.916667 0.004936
Aug 28, 2025 03:43:29.537 [129803705696000] DEBUG - [FFMPEG] - rfps: 24.000000 0.000788
Aug 28, 2025 03:43:29.537 [129803705696000] DEBUG - [FFMPEG] - rfps: 24.000000 0.000788
Aug 28, 2025 03:43:29.537 [129803705696000] DEBUG - [FFMPEG] - rfps: 24.083333 0.015973
Aug 28, 2025 03:43:29.537 [129803705696000] DEBUG - [FFMPEG] - rfps: 24.083333 0.015973
Aug 28, 2025 03:43:29.537 [129803705696000] DEBUG - [FFMPEG] - rfps: 48.000000 0.003150
Aug 28, 2025 03:43:29.537 [129803705696000] DEBUG - [FFMPEG] - rfps: 48.000000 0.003150
Aug 28, 2025 03:43:29.537 [129803705696000] DEBUG - [FFMPEG] - rfps: 120.000000 0.019688
Aug 28, 2025 03:43:29.537 [129803705696000] DEBUG - [FFMPEG] - rfps: 120.000000 0.019688
Aug 28, 2025 03:43:29.537 [129803705696000] DEBUG - [FFMPEG] - rfps: 23.976024 0.000000
Aug 28, 2025 03:43:29.537 [129803705696000] DEBUG - [FFMPEG] - rfps: 23.976024 0.000000
Aug 28, 2025 03:43:29.537 [129803705696000] DEBUG - [FFMPEG] - rfps: 47.952048 0.000000
Aug 28, 2025 03:43:29.537 [129803705696000] DEBUG - [FFMPEG] - rfps: 47.952048 0.000000
Aug 28, 2025 03:43:29.537 [129803705696000] DEBUG - [FFMPEG] - Before avformat_find_stream_info() pos: 2137576090 bytes read:6446839 seeks:1 nb_streams:2
Aug 28, 2025 03:43:29.538 [129803705696000] DEBUG - [FFMPEG] - nal_unit_type: 32(VPS), nuh_layer_id: 0, temporal_id: 0
Aug 28, 2025 03:43:29.538 [129803705696000] DEBUG - [FFMPEG] - Decoding VPS
Aug 28, 2025 03:43:29.538 [129803705696000] DEBUG - [FFMPEG] - Main 10 profile bitstream
Aug 28, 2025 03:43:29.538 [129803705696000] DEBUG - [FFMPEG] - nal_unit_type: 33(SPS), nuh_layer_id: 0, temporal_id: 0
Aug 28, 2025 03:43:29.538 [129803705696000] DEBUG - [FFMPEG] - Decoding SPS
Aug 28, 2025 03:43:29.538 [129803705696000] DEBUG - [FFMPEG] - Main 10 profile bitstream
Aug 28, 2025 03:43:29.538 [129803705696000] DEBUG - [FFMPEG] - Decoding VUI
Aug 28, 2025 03:43:29.538 [129803705696000] DEBUG - [FFMPEG] - nal_unit_type: 34(PPS), nuh_layer_id: 0, temporal_id: 0
Aug 28, 2025 03:43:29.538 [129803705696000] DEBUG - [FFMPEG] - Decoding PPS
Aug 28, 2025 03:43:29.541 [129803705696000] DEBUG - [FFMPEG] - demuxer injecting skip 2048 / discard 0
Aug 28, 2025 03:43:29.541 [129803705696000] DEBUG - [FFMPEG] - skip 2048 / discard 0 samples due to side data
Aug 28, 2025 03:43:29.541 [129803705696000] DEBUG - [FFMPEG] - All info found
Aug 28, 2025 03:43:29.541 [129803705696000] DEBUG - [FFMPEG] - After avformat_find_stream_info() pos: 3412 bytes read:6479607 seeks:2 frames:2
Aug 28, 2025 03:43:29.542 [129803705696000] DEBUG - [FFMPEG] - nal_unit_type: 32(VPS), nuh_layer_id: 0, temporal_id: 0
Aug 28, 2025 03:43:29.542 [129803705696000] DEBUG - [FFMPEG] - Decoding VPS
Aug 28, 2025 03:43:29.542 [129803705696000] DEBUG - [FFMPEG] - Main 10 profile bitstream
Aug 28, 2025 03:43:29.542 [129803705696000] DEBUG - [FFMPEG] - nal_unit_type: 33(SPS), nuh_layer_id: 0, temporal_id: 0
Aug 28, 2025 03:43:29.542 [129803705696000] DEBUG - [FFMPEG] - Decoding SPS
Aug 28, 2025 03:43:29.542 [129803705696000] DEBUG - [FFMPEG] - Main 10 profile bitstream
Aug 28, 2025 03:43:29.542 [129803705696000] DEBUG - [FFMPEG] - Decoding VUI
Aug 28, 2025 03:43:29.542 [129803705696000] DEBUG - [FFMPEG] - nal_unit_type: 34(PPS), nuh_layer_id: 0, temporal_id: 0
Aug 28, 2025 03:43:29.542 [129803705696000] DEBUG - [FFMPEG] - Decoding PPS
Aug 28, 2025 03:43:29.542 [129803705696000] DEBUG - [MI] Closing input file: "/data/movies/La La Land (2016)/La.La.Land.2016.1080p.BluRay.x265-RARBG.mp4"
Aug 28, 2025 03:43:29.543 [129803705696000] DEBUG - Matcher: no sidecar subtitle files found for /data/movies/La La Land (2016)/La.La.Land.2016.1080p.BluRay.x265-RARBG.mp4
