Jun 07, 2025 02:03:39.089 [126302392625920] INFO - Plex Media Scanner v1.41.7.9823-59f304c16 - Docker Docker Container x86_64 - build: linux-x86_64 - GMT -04:00
Jun 07, 2025 02:03:39.089 [126302392625920] INFO - Linux version: 6.8.12-11-pve, language: en-US
Jun 07, 2025 02:03:39.089 [126302392625920] INFO - Processor: 16-core Intel(R) Xeon(R) CPU E5-2640 v3 @ 2.60GHz
Jun 07, 2025 02:03:39.089 [126302392625920] INFO - /usr/lib/plexmediaserver/Plex Media Scanner --generate --chapter-thumbs-only --item 61 --log-file-suffix  Chapter Thumbnails
Jun 07, 2025 02:03:39.090 [126302393126656] DEBUG - Opening 20 database sessions to library (com.plexapp.plugins.library), SQLite 3.39.4, threadsafe=1
Jun 07, 2025 02:03:39.178 [126302393126656] DEBUG - Created chapter thumbnail for metadata item 61, media item 157 for chapter number 1:0 at "/config/Library/Application Support/Plex Media Server/Media/localhost/3/e34e04abf85c29405276c851e664e96031e6b42.bundle/Contents/Chapters/chapter1.jpg"
Jun 07, 2025 02:03:39.178 [126302393126656] DEBUG - Created chapter thumbnail for metadata item 61, media item 157 for chapter number 2:225349 at "/config/Library/Application Support/Plex Media Server/Media/localhost/3/e34e04abf85c29405276c851e664e96031e6b42.bundle/Contents/Chapters/chapter2.jpg"
Jun 07, 2025 02:03:39.178 [126302393126656] DEBUG - Created chapter thumbnail for metadata item 61, media item 157 for chapter number 3:572697 at "/config/Library/Application Support/Plex Media Server/Media/localhost/3/e34e04abf85c29405276c851e664e96031e6b42.bundle/Contents/Chapters/chapter3.jpg"
Jun 07, 2025 02:03:39.178 [126302393126656] DEBUG - Created chapter thumbnail for metadata item 61, media item 157 for chapter number 4:832874 at "/config/Library/Application Support/Plex Media Server/Media/localhost/3/e34e04abf85c29405276c851e664e96031e6b42.bundle/Contents/Chapters/chapter4.jpg"
Jun 07, 2025 02:03:39.178 [126302393126656] DEBUG - Created chapter thumbnail for metadata item 61, media item 157 for chapter number 5:979937 at "/config/Library/Application Support/Plex Media Server/Media/localhost/3/e34e04abf85c29405276c851e664e96031e6b42.bundle/Contents/Chapters/chapter5.jpg"
Jun 07, 2025 02:03:39.178 [126302393126656] DEBUG - Created chapter thumbnail for metadata item 61, media item 157 for chapter number 6:1276530 at "/config/Library/Application Support/Plex Media Server/Media/localhost/3/e34e04abf85c29405276c851e664e96031e6b42.bundle/Contents/Chapters/chapter6.jpg"
Jun 07, 2025 02:03:39.178 [126302393126656] DEBUG - Created chapter thumbnail for metadata item 61, media item 157 for chapter number 7:1533490 at "/config/Library/Application Support/Plex Media Server/Media/localhost/3/e34e04abf85c29405276c851e664e96031e6b42.bundle/Contents/Chapters/chapter7.jpg"
Jun 07, 2025 02:03:39.178 [126302393126656] DEBUG - Created chapter thumbnail for metadata item 61, media item 157 for chapter number 8:1788950 at "/config/Library/Application Support/Plex Media Server/Media/localhost/3/e34e04abf85c29405276c851e664e96031e6b42.bundle/Contents/Chapters/chapter8.jpg"
Jun 07, 2025 02:03:39.178 [126302393126656] DEBUG - Created chapter thumbnail for metadata item 61, media item 157 for chapter number 9:2176130 at "/config/Library/Application Support/Plex Media Server/Media/localhost/3/e34e04abf85c29405276c851e664e96031e6b42.bundle/Contents/Chapters/chapter9.jpg"
Jun 07, 2025 02:03:39.178 [126302393126656] DEBUG - Created chapter thumbnail for metadata item 61, media item 157 for chapter number 10:2488150 at "/config/Library/Application Support/Plex Media Server/Media/localhost/3/e34e04abf85c29405276c851e664e96031e6b42.bundle/Contents/Chapters/chapter10.jpg"
Jun 07, 2025 02:03:39.178 [126302393126656] DEBUG - Created chapter thumbnail for metadata item 61, media item 157 for chapter number 11:2789200 at "/config/Library/Application Support/Plex Media Server/Media/localhost/3/e34e04abf85c29405276c851e664e96031e6b42.bundle/Contents/Chapters/chapter11.jpg"
Jun 07, 2025 02:03:39.178 [126302393126656] DEBUG - Created chapter thumbnail for metadata item 61, media item 157 for chapter number 12:3172040 at "/config/Library/Application Support/Plex Media Server/Media/localhost/3/e34e04abf85c29405276c851e664e96031e6b42.bundle/Contents/Chapters/chapter12.jpg"
Jun 07, 2025 02:03:39.178 [126302393126656] DEBUG - Created chapter thumbnail for metadata item 61, media item 157 for chapter number 13:3518640 at "/config/Library/Application Support/Plex Media Server/Media/localhost/3/e34e04abf85c29405276c851e664e96031e6b42.bundle/Contents/Chapters/chapter13.jpg"
Jun 07, 2025 02:03:39.178 [126302393126656] DEBUG - Created chapter thumbnail for metadata item 61, media item 157 for chapter number 14:3731560 at "/config/Library/Application Support/Plex Media Server/Media/localhost/3/e34e04abf85c29405276c851e664e96031e6b42.bundle/Contents/Chapters/chapter14.jpg"
Jun 07, 2025 02:03:39.178 [126302393126656] DEBUG - Created chapter thumbnail for metadata item 61, media item 157 for chapter number 15:4040240 at "/config/Library/Application Support/Plex Media Server/Media/localhost/3/e34e04abf85c29405276c851e664e96031e6b42.bundle/Contents/Chapters/chapter15.jpg"
Jun 07, 2025 02:03:39.179 [126302393126656] DEBUG - Created chapter thumbnail for metadata item 61, media item 157 for chapter number 16:4463000 at "/config/Library/Application Support/Plex Media Server/Media/localhost/3/e34e04abf85c29405276c851e664e96031e6b42.bundle/Contents/Chapters/chapter16.jpg"
Jun 07, 2025 02:03:39.179 [126302393126656] DEBUG - Created chapter thumbnail for metadata item 61, media item 157 for chapter number 17:4714500 at "/config/Library/Application Support/Plex Media Server/Media/localhost/3/e34e04abf85c29405276c851e664e96031e6b42.bundle/Contents/Chapters/chapter17.jpg"
Jun 07, 2025 02:03:39.179 [126302393126656] DEBUG - Created chapter thumbnail for metadata item 61, media item 157 for chapter number 18:4941310 at "/config/Library/Application Support/Plex Media Server/Media/localhost/3/e34e04abf85c29405276c851e664e96031e6b42.bundle/Contents/Chapters/chapter18.jpg"
Jun 07, 2025 02:03:39.179 [126302393126656] DEBUG - Created chapter thumbnail for metadata item 61, media item 157 for chapter number 19:5362270 at "/config/Library/Application Support/Plex Media Server/Media/localhost/3/e34e04abf85c29405276c851e664e96031e6b42.bundle/Contents/Chapters/chapter19.jpg"
