Oct 06, 2025 15:14:27.496 [0x758245fcfb38] INFO - Plex Tuner Service v1.41.7.9823-59f304c16 - Docker Docker Container x86_64 - build: 
Oct 06, 2025 15:14:27.496 [0x758245fcfb38] INFO - Linux version: 6.8.12-11-pve (#1 SMP PREEMPT_DYNAMIC PMX 6.8.12-11 (2025-05-22T09:39Z)), language: en-US
Oct 06, 2025 15:14:27.496 [0x758245fcfb38] INFO - Processor Intel(R) Xeon(R) CPU E5-2640 v3 @ 2.60GHz
Oct 06, 2025 15:14:27.496 [0x758245fcfb38] INFO - /usr/lib/plexmediaserver/Plex Tuner Service /usr/lib/plexmediaserver/Resources/Tuner/Private /usr/lib/plexmediaserver/Resources/Tuner/Shared 1.41.7.9823-59f304c16 32600
Oct 06, 2025 15:14:27.495 [0x758247b40808] INFO - [I] broker_t::start...
Oct 06, 2025 15:14:27.599 [0x758247b40808] INFO - [I] device_manager_t::init.
Oct 06, 2025 15:14:27.599 [0x758247b40808] INFO - [I] device_manager_t::init. Initialize provider manager
Oct 06, 2025 15:14:27.599 [0x758247b40808] INFO - [I] device_manager_t::init. Initialize all device auxes
Oct 06, 2025 15:14:27.599 [0x758247b40808] INFO - [I] dvb_device_factory_t::get_aux_list
Oct 06, 2025 15:14:27.599 [0x758247b40808] INFO - [I] tvbutler_aux_t::init
Oct 06, 2025 15:14:27.603 [0x758247b40808] INFO - [I] web_server_t::start. Starting web server on port 32600
Oct 06, 2025 15:14:35.960 [0x758245c40b38] INFO - [I] web_service_t::process_device_discovery
Oct 06, 2025 15:14:35.960 [0x758245c40b38] INFO - [I] device_reactor_t::get_device_list ()
Oct 06, 2025 15:14:37.964 [0x758245c40b38] INFO - [I] SAT2IP - discover_satip_servers(): no servers found
Oct 06, 2025 15:14:38.384 [0x758245c40b38] INFO - [I] v4l::DeviceGetList_impl. getting v4l device list
Oct 06, 2025 15:14:38.386 [0x758245c40b38] INFO - [I] onetv_factory::DeviceGetListEx >>
Oct 06, 2025 15:14:38.386 [0x758245c40b38] WARN - [W] onetv_factory::DeviceGetListEx. libusb_init returned an error -99
Oct 06, 2025 15:15:53.813 [0x758247b40808] INFO - Received SIGINT: Interrupt from keyboard.
Oct 06, 2025 15:15:53.816 [0x758247b40808] INFO - [I] device_manager_t::term
Oct 06, 2025 15:15:53.816 [0x758247b40808] INFO - [I] device_manager_t::term. Stop all devices
Oct 06, 2025 15:15:53.816 [0x758247b40808] INFO - [I] device_manager_t::term. Shut down all device auxes
Oct 06, 2025 15:15:53.816 [0x758247b40808] INFO - [I] tvbutler_aux_t::term
Oct 06, 2025 15:15:53.821 [0x758247b40808] INFO - [I] web_server_t::stop. Web server is stopped
Oct 06, 2025 15:15:53.821 [0x758247b40808] INFO - [I] device_manager_t::term
Oct 06, 2025 15:15:53.821 [0x758247b40808] INFO - [I] device_manager_t::term. Stop all devices
Oct 06, 2025 15:15:53.821 [0x758247b40808] INFO - [I] device_manager_t::term. Shut down all device auxes
Oct 06, 2025 15:15:53.822 [0x758247b40808] INFO - [I] broker_t::shutdown. Shutdown is completed.
