Jun 07, 2025 02:03:38.866 [128751732509440] INFO - Plex Media Scanner v1.41.7.9823-59f304c16 - Docker Docker Container x86_64 - build: linux-x86_64 - GMT -04:00
Jun 07, 2025 02:03:38.867 [128751732509440] INFO - Linux version: 6.8.12-11-pve, language: en-US
Jun 07, 2025 02:03:38.867 [128751732509440] INFO - Processor: 16-core Intel(R) Xeon(R) CPU E5-2640 v3 @ 2.60GHz
Jun 07, 2025 02:03:38.867 [128751732509440] INFO - /usr/lib/plexmediaserver/Plex Media Scanner --generate --chapter-thumbs-only --item 58 --log-file-suffix  Chapter Thumbnails
Jun 07, 2025 02:03:38.867 [128751733010176] DEBUG - Opening 20 database sessions to library (com.plexapp.plugins.library), SQLite 3.39.4, threadsafe=1
Jun 07, 2025 02:03:38.953 [128751733010176] DEBUG - Created chapter thumbnail for metadata item 58, media item 152 for chapter number 1:0 at "/config/Library/Application Support/Plex Media Server/Media/localhost/b/a5c3a741c9e6a7aee8749cf0cc5f4b85a50a214.bundle/Contents/Chapters/chapter1.jpg"
Jun 07, 2025 02:03:38.953 [128751733010176] DEBUG - Created chapter thumbnail for metadata item 58, media item 152 for chapter number 2:222239 at "/config/Library/Application Support/Plex Media Server/Media/localhost/b/a5c3a741c9e6a7aee8749cf0cc5f4b85a50a214.bundle/Contents/Chapters/chapter2.jpg"
Jun 07, 2025 02:03:38.953 [128751733010176] DEBUG - Created chapter thumbnail for metadata item 58, media item 152 for chapter number 3:629813 at "/config/Library/Application Support/Plex Media Server/Media/localhost/b/a5c3a741c9e6a7aee8749cf0cc5f4b85a50a214.bundle/Contents/Chapters/chapter3.jpg"
Jun 07, 2025 02:03:38.953 [128751733010176] DEBUG - Created chapter thumbnail for metadata item 58, media item 152 for chapter number 4:804153 at "/config/Library/Application Support/Plex Media Server/Media/localhost/b/a5c3a741c9e6a7aee8749cf0cc5f4b85a50a214.bundle/Contents/Chapters/chapter4.jpg"
Jun 07, 2025 02:03:38.953 [128751733010176] DEBUG - Created chapter thumbnail for metadata item 58, media item 152 for chapter number 5:1056190 at "/config/Library/Application Support/Plex Media Server/Media/localhost/b/a5c3a741c9e6a7aee8749cf0cc5f4b85a50a214.bundle/Contents/Chapters/chapter5.jpg"
Jun 07, 2025 02:03:38.953 [128751733010176] DEBUG - Created chapter thumbnail for metadata item 58, media item 152 for chapter number 6:1173770 at "/config/Library/Application Support/Plex Media Server/Media/localhost/b/a5c3a741c9e6a7aee8749cf0cc5f4b85a50a214.bundle/Contents/Chapters/chapter6.jpg"
Jun 07, 2025 02:03:38.953 [128751733010176] DEBUG - Created chapter thumbnail for metadata item 58, media item 152 for chapter number 7:1510690 at "/config/Library/Application Support/Plex Media Server/Media/localhost/b/a5c3a741c9e6a7aee8749cf0cc5f4b85a50a214.bundle/Contents/Chapters/chapter7.jpg"
Jun 07, 2025 02:03:38.953 [128751733010176] DEBUG - Created chapter thumbnail for metadata item 58, media item 152 for chapter number 8:1679360 at "/config/Library/Application Support/Plex Media Server/Media/localhost/b/a5c3a741c9e6a7aee8749cf0cc5f4b85a50a214.bundle/Contents/Chapters/chapter8.jpg"
Jun 07, 2025 02:03:38.953 [128751733010176] DEBUG - Created chapter thumbnail for metadata item 58, media item 152 for chapter number 9:2107290 at "/config/Library/Application Support/Plex Media Server/Media/localhost/b/a5c3a741c9e6a7aee8749cf0cc5f4b85a50a214.bundle/Contents/Chapters/chapter9.jpg"
Jun 07, 2025 02:03:38.953 [128751733010176] DEBUG - Created chapter thumbnail for metadata item 58, media item 152 for chapter number 10:2585270 at "/config/Library/Application Support/Plex Media Server/Media/localhost/b/a5c3a741c9e6a7aee8749cf0cc5f4b85a50a214.bundle/Contents/Chapters/chapter10.jpg"
Jun 07, 2025 02:03:38.953 [128751733010176] DEBUG - Created chapter thumbnail for metadata item 58, media item 152 for chapter number 11:2967650 at "/config/Library/Application Support/Plex Media Server/Media/localhost/b/a5c3a741c9e6a7aee8749cf0cc5f4b85a50a214.bundle/Contents/Chapters/chapter11.jpg"
Jun 07, 2025 02:03:38.953 [128751733010176] DEBUG - Created chapter thumbnail for metadata item 58, media item 152 for chapter number 12:3132480 at "/config/Library/Application Support/Plex Media Server/Media/localhost/b/a5c3a741c9e6a7aee8749cf0cc5f4b85a50a214.bundle/Contents/Chapters/chapter12.jpg"
Jun 07, 2025 02:03:38.954 [128751733010176] DEBUG - Created chapter thumbnail for metadata item 58, media item 152 for chapter number 13:3563310 at "/config/Library/Application Support/Plex Media Server/Media/localhost/b/a5c3a741c9e6a7aee8749cf0cc5f4b85a50a214.bundle/Contents/Chapters/chapter13.jpg"
Jun 07, 2025 02:03:38.954 [128751733010176] DEBUG - Created chapter thumbnail for metadata item 58, media item 152 for chapter number 14:3772020 at "/config/Library/Application Support/Plex Media Server/Media/localhost/b/a5c3a741c9e6a7aee8749cf0cc5f4b85a50a214.bundle/Contents/Chapters/chapter14.jpg"
Jun 07, 2025 02:03:38.954 [128751733010176] DEBUG - Created chapter thumbnail for metadata item 58, media item 152 for chapter number 15:4549130 at "/config/Library/Application Support/Plex Media Server/Media/localhost/b/a5c3a741c9e6a7aee8749cf0cc5f4b85a50a214.bundle/Contents/Chapters/chapter15.jpg"
Jun 07, 2025 02:03:38.954 [128751733010176] DEBUG - Created chapter thumbnail for metadata item 58, media item 152 for chapter number 16:4887130 at "/config/Library/Application Support/Plex Media Server/Media/localhost/b/a5c3a741c9e6a7aee8749cf0cc5f4b85a50a214.bundle/Contents/Chapters/chapter16.jpg"
Jun 07, 2025 02:03:38.954 [128751733010176] DEBUG - Created chapter thumbnail for metadata item 58, media item 152 for chapter number 17:5061310 at "/config/Library/Application Support/Plex Media Server/Media/localhost/b/a5c3a741c9e6a7aee8749cf0cc5f4b85a50a214.bundle/Contents/Chapters/chapter17.jpg"
Jun 07, 2025 02:03:38.954 [128751733010176] DEBUG - Created chapter thumbnail for metadata item 58, media item 152 for chapter number 18:5503920 at "/config/Library/Application Support/Plex Media Server/Media/localhost/b/a5c3a741c9e6a7aee8749cf0cc5f4b85a50a214.bundle/Contents/Chapters/chapter18.jpg"
Jun 07, 2025 02:03:38.954 [128751733010176] DEBUG - Created chapter thumbnail for metadata item 58, media item 152 for chapter number 19:5751160 at "/config/Library/Application Support/Plex Media Server/Media/localhost/b/a5c3a741c9e6a7aee8749cf0cc5f4b85a50a214.bundle/Contents/Chapters/chapter19.jpg"
