<SessionReport version="2" startTime="0" startTimestamp="Jun 05, 2025 03:12:51.371" key="/library/metadata/56" session="3tbud9kobz3wi7y6dknduqkt" transcode="tblw5bm8l5r30skp8friv5z4">
<User id="1" thumb="https://plex.tv/users/5042b28252a57686/avatar?c=1749106353" title="shawnjacobsen" />
<Player address="10.0.0.122" device="Windows" machineIdentifier="zhokrppeafn9frj1udundnc8" model="bundled" platform="Chrome" platformVersion="135.0" playbackId="48ca92e4-4637-413e-816f-a41b673883e9" playbackSessionId="e322bf9c-e850-46b8-8c05-978db64204c1" product="Plex Web" remotePublicAddress="73.134.64.98" title="Chrome" version="4.146.0" local="1" relayed="0" secure="1" userID="1" />
<Variants>
<Variant id="6948af99-b6bb-4ba6-b975-c64ea483f29b" targetBitrate="38766" context="streaming" sourceVideoCodec="hevc" sourceAudioCodec="aac" videoDecision="copy" audioDecision="transcode" protocol="dash" container="mp4" videoCodec="hevc" audioCodec="aac" audioChannels="2" transcodeHwRequested="0" transcodeHwFullPipeline="0">
<Media audioProfile="lc" id="150" videoProfile="main 10" audioChannels="2" audioCodec="aac" bitrate="18588" container="mp4" duration="5900393" height="2076" optimizedForStreaming="1" protocol="dash" videoCodec="hevc" videoFrameRate="24p" videoResolution="4K" width="3840" selected="1">
<Part audioProfile="lc" id="150" videoProfile="main 10" bitrate="18588" container="mp4" duration="5900393" height="2076" optimizedForStreaming="1" protocol="dash" width="3840" decision="transcode" selected="1">
<Stream bitDepth="10" bitrate="18332" chromaLocation="left" chromaSubsampling="4:2:0" codec="hevc" codedHeight="2080" codedWidth="3840" colorPrimaries="bt2020" colorRange="tv" colorSpace="bt2020nc" colorTrc="smpte2084" default="1" displayTitle="4K HDR10" extendedDisplayTitle="4K HDR10 (HEVC Main 10)" frameRate="24" height="2076" id="330" level="150" profile="main 10" refFrames="1" streamType="1" width="3840" decision="copy" location="segments-video" />
<Stream bitrate="256" bitrateMode="cbr" channels="2" codec="aac" default="1" displayTitle="Fran&#231;ais (AAC 5.1)" extendedDisplayTitle="Fran&#231;ais (AAC 5.1)" id="331" language="Fran&#231;ais" languageCode="fra" languageTag="fr" selected="1" streamType="2" decision="transcode" location="segments-audio" />
</Part>
</Media>
</Variant>
<Variant id="23a75893-5350-43ef-8b89-e771492c7504" targetBitrate="38766" context="streaming" sourceVideoCodec="hevc" sourceAudioCodec="aac" videoDecision="copy" audioDecision="transcode" protocol="dash" container="mp4" videoCodec="hevc" audioCodec="aac" audioChannels="2" width="3840" height="2076" transcodeHwRequested="0" transcodeHwFullPipeline="0">
<Media audioProfile="lc" id="150" videoProfile="main 10" audioChannels="2" audioCodec="aac" bitrate="18588" container="mp4" duration="5900393" height="2076" optimizedForStreaming="1" protocol="dash" videoCodec="hevc" videoFrameRate="24p" videoResolution="4K" width="3840" selected="1">
<Part audioProfile="lc" id="150" videoProfile="main 10" bitrate="18588" container="mp4" duration="5900393" height="2076" optimizedForStreaming="1" protocol="dash" width="3840" decision="transcode" selected="1">
<Stream bitDepth="10" bitrate="18332" chromaLocation="left" chromaSubsampling="4:2:0" codec="hevc" codedHeight="2080" codedWidth="3840" colorPrimaries="bt2020" colorRange="tv" colorSpace="bt2020nc" colorTrc="smpte2084" default="1" displayTitle="4K HDR10" extendedDisplayTitle="4K HDR10 (HEVC Main 10)" frameRate="24" height="2076" id="330" level="150" profile="main 10" refFrames="1" streamType="1" width="3840" decision="copy" location="segments-video" />
<Stream bitrate="256" bitrateMode="cbr" channels="2" codec="aac" default="1" displayTitle="Fran&#231;ais (AAC 5.1)" extendedDisplayTitle="Fran&#231;ais (AAC 5.1)" id="331" language="Fran&#231;ais" languageCode="fra" languageTag="fr" selected="1" streamType="2" decision="transcode" location="segments-audio" />
</Part>
</Media>
</Variant>
</Variants>
<SegmentList>
<Segment duration="10249" startOffset="0" endOffset="10249">
<File name="chunk-stream0-00001.m4s" type="video">
<FileVariant size="438315" variant="6948af99-b6bb-4ba6-b975-c64ea483f29b" />
</File>
<File name="chunk-stream1-00001.m4s" type="audio">
<FileVariant size="285261" variant="6948af99-b6bb-4ba6-b975-c64ea483f29b" />
</File>
<Timelines>
<Transcode startTime="957" endTime="1223" complete="1" fileType="video" variant="6948af99-b6bb-4ba6-b975-c64ea483f29b" />
<Transcode startTime="957" endTime="1223" complete="1" fileType="audio" variant="6948af99-b6bb-4ba6-b975-c64ea483f29b" />
<Download startTime="1267" endTime="1332" complete="1" fileType="video" variant="6948af99-b6bb-4ba6-b975-c64ea483f29b" />
<Download startTime="1271" endTime="1323" complete="1" fileType="audio" variant="6948af99-b6bb-4ba6-b975-c64ea483f29b" />
</Timelines>
</Segment>
<Segment duration="10458" startOffset="10249" endOffset="20708">
<File name="chunk-stream0-00002.m4s" type="video">
<FileVariant size="642894" variant="6948af99-b6bb-4ba6-b975-c64ea483f29b" />
</File>
<File name="chunk-stream1-00002.m4s" type="audio">
<FileVariant size="127515" variant="6948af99-b6bb-4ba6-b975-c64ea483f29b" />
</File>
<Timelines>
<Download startTime="1428" endTime="1529" complete="1" fileType="audio" variant="6948af99-b6bb-4ba6-b975-c64ea483f29b">
<Pause type="segmentWait" startTime="1428" endTime="1528" />
</Download>
<Download startTime="1428" endTime="1530" complete="1" fileType="video" variant="6948af99-b6bb-4ba6-b975-c64ea483f29b">
<Pause type="segmentWait" startTime="1428" endTime="1528" />
</Download>
<Transcode startTime="1223" endTime="1450" complete="1" fileType="video" variant="6948af99-b6bb-4ba6-b975-c64ea483f29b" />
<Transcode startTime="1223" endTime="1450" complete="1" fileType="audio" variant="6948af99-b6bb-4ba6-b975-c64ea483f29b" />
</Timelines>
</Segment>
<Segment duration="9791" startOffset="20708" endOffset="30499">
<File name="chunk-stream0-00003.m4s" type="video">
<FileVariant size="394073" variant="6948af99-b6bb-4ba6-b975-c64ea483f29b" />
</File>
<File name="chunk-stream1-00003.m4s" type="audio">
<FileVariant size="295482" variant="6948af99-b6bb-4ba6-b975-c64ea483f29b" />
</File>
<Timelines>
<Download startTime="1668" endTime="1769" complete="1" fileType="audio" variant="6948af99-b6bb-4ba6-b975-c64ea483f29b">
<Pause type="segmentWait" startTime="1668" endTime="1768" />
</Download>
<Transcode startTime="1450" endTime="1694" complete="1" fileType="video" variant="6948af99-b6bb-4ba6-b975-c64ea483f29b" />
<Transcode startTime="1450" endTime="1694" complete="1" fileType="audio" variant="6948af99-b6bb-4ba6-b975-c64ea483f29b" />
<Download startTime="1852" endTime="1853" complete="1" fileType="video" variant="6948af99-b6bb-4ba6-b975-c64ea483f29b" />
</Timelines>
</Segment>
<Segment duration="10250" startOffset="30499" endOffset="40749">
<File name="chunk-stream0-00004.m4s" type="video">
<FileVariant size="264362" variant="6948af99-b6bb-4ba6-b975-c64ea483f29b" />
</File>
<File name="chunk-stream1-00004.m4s" type="audio">
<FileVariant size="313091" variant="6948af99-b6bb-4ba6-b975-c64ea483f29b" />
</File>
<Timelines>
<Transcode startTime="1694" endTime="1931" complete="1" fileType="video" variant="6948af99-b6bb-4ba6-b975-c64ea483f29b" />
<Transcode startTime="1694" endTime="1931" complete="1" fileType="audio" variant="6948af99-b6bb-4ba6-b975-c64ea483f29b" />
<Download startTime="2082" endTime="2082" complete="1" fileType="audio" variant="6948af99-b6bb-4ba6-b975-c64ea483f29b" />
<Download startTime="2082" endTime="2082" complete="1" fileType="video" variant="6948af99-b6bb-4ba6-b975-c64ea483f29b" />
</Timelines>
</Segment>
<Segment duration="10458" startOffset="40749" endOffset="51208">
<File name="chunk-stream0-00005.m4s" type="video">
<FileVariant size="1008445" variant="6948af99-b6bb-4ba6-b975-c64ea483f29b" />
</File>
<File name="chunk-stream1-00005.m4s" type="audio">
<FileVariant size="342729" variant="6948af99-b6bb-4ba6-b975-c64ea483f29b" />
</File>
<Timelines>
<Transcode startTime="1931" endTime="2182" complete="1" fileType="video" variant="6948af99-b6bb-4ba6-b975-c64ea483f29b" />
<Transcode startTime="1931" endTime="2182" complete="1" fileType="audio" variant="6948af99-b6bb-4ba6-b975-c64ea483f29b" />
<Download startTime="2210" endTime="2211" complete="1" fileType="video" variant="6948af99-b6bb-4ba6-b975-c64ea483f29b" />
<Download startTime="2248" endTime="2248" complete="1" fileType="audio" variant="6948af99-b6bb-4ba6-b975-c64ea483f29b" />
</Timelines>
</Segment>
<Segment duration="10375" startOffset="51208" endOffset="61583">
<File name="chunk-stream0-00006.m4s" type="video">
<FileVariant size="756319" variant="6948af99-b6bb-4ba6-b975-c64ea483f29b" />
</File>
<File name="chunk-stream1-00006.m4s" type="audio">
<FileVariant size="334552" variant="6948af99-b6bb-4ba6-b975-c64ea483f29b" />
</File>
<Timelines>
<Transcode startTime="2182" endTime="2465" complete="1" fileType="video" variant="6948af99-b6bb-4ba6-b975-c64ea483f29b" />
<Transcode startTime="2182" endTime="2465" complete="1" fileType="audio" variant="6948af99-b6bb-4ba6-b975-c64ea483f29b" />
<Download startTime="2499" endTime="2500" complete="1" fileType="audio" variant="6948af99-b6bb-4ba6-b975-c64ea483f29b" />
<Download startTime="2536" endTime="2537" complete="1" fileType="video" variant="6948af99-b6bb-4ba6-b975-c64ea483f29b" />
</Timelines>
</Segment>
<Segment duration="4750" startOffset="61583" endOffset="66333">
<File name="chunk-stream0-00007.m4s" type="video">
<FileVariant size="720922" variant="6948af99-b6bb-4ba6-b975-c64ea483f29b" />
</File>
<File name="chunk-stream1-00007.m4s" type="audio">
<FileVariant size="153579" variant="6948af99-b6bb-4ba6-b975-c64ea483f29b" />
</File>
<Timelines>
<Transcode startTime="2465" endTime="2588" complete="1" fileType="video" variant="6948af99-b6bb-4ba6-b975-c64ea483f29b" />
<Transcode startTime="2465" endTime="2588" complete="1" fileType="audio" variant="6948af99-b6bb-4ba6-b975-c64ea483f29b" />
<Download startTime="2661" endTime="2661" complete="1" fileType="audio" variant="6948af99-b6bb-4ba6-b975-c64ea483f29b" />
<Download startTime="2759" endTime="2760" complete="1" fileType="video" variant="6948af99-b6bb-4ba6-b975-c64ea483f29b" />
</Timelines>
</Segment>
<Segment duration="10250" startOffset="66333" endOffset="76583">
<File name="chunk-stream0-00008.m4s" type="video">
<FileVariant size="18991283" variant="6948af99-b6bb-4ba6-b975-c64ea483f29b" />
</File>
<File name="chunk-stream1-00008.m4s" type="audio">
<FileVariant size="344334" variant="6948af99-b6bb-4ba6-b975-c64ea483f29b" />
</File>
<Timelines>
<Download startTime="2781" endTime="2982" complete="1" fileType="audio" variant="6948af99-b6bb-4ba6-b975-c64ea483f29b">
<Pause type="segmentWait" startTime="2781" endTime="2981" />
</Download>
<Download startTime="2936" endTime="5905" complete="1" fileType="video" variant="6948af99-b6bb-4ba6-b975-c64ea483f29b">
<Pause type="segmentWait" startTime="2936" endTime="3036" />
</Download>
<Transcode startTime="2588" endTime="2947" complete="1" fileType="video" variant="6948af99-b6bb-4ba6-b975-c64ea483f29b" />
<Transcode startTime="2588" endTime="2947" complete="1" fileType="audio" variant="6948af99-b6bb-4ba6-b975-c64ea483f29b" />
</Timelines>
</Segment>
<Segment duration="10500" startOffset="76583" endOffset="87083">
<File name="chunk-stream0-00009.m4s" type="video">
<FileVariant size="46730038" variant="6948af99-b6bb-4ba6-b975-c64ea483f29b" />
</File>
<File name="chunk-stream1-00009.m4s" type="audio">
<FileVariant size="323598" variant="6948af99-b6bb-4ba6-b975-c64ea483f29b" />
</File>
<Timelines>
<Transcode startTime="2947" endTime="3324" complete="1" fileType="video" variant="6948af99-b6bb-4ba6-b975-c64ea483f29b" />
<Transcode startTime="2947" endTime="3324" complete="1" fileType="audio" variant="6948af99-b6bb-4ba6-b975-c64ea483f29b" />
<Download startTime="7842" endTime="8407" complete="1" fileType="video" variant="6948af99-b6bb-4ba6-b975-c64ea483f29b" />
<Download startTime="8113" endTime="8114" complete="1" fileType="audio" variant="6948af99-b6bb-4ba6-b975-c64ea483f29b" />
</Timelines>
</Segment>
<Segment duration="10333" startOffset="87083" endOffset="97416">
<File name="chunk-stream0-00010.m4s" type="video">
<FileVariant size="46410282" variant="6948af99-b6bb-4ba6-b975-c64ea483f29b" />
</File>
<File name="chunk-stream1-00010.m4s" type="audio">
<FileVariant size="323020" variant="6948af99-b6bb-4ba6-b975-c64ea483f29b" />
</File>
<Timelines>
<Transcode startTime="3324" endTime="3696" complete="1" fileType="video" variant="6948af99-b6bb-4ba6-b975-c64ea483f29b" />
<Transcode startTime="3324" endTime="3696" complete="1" fileType="audio" variant="6948af99-b6bb-4ba6-b975-c64ea483f29b" />
</Timelines>
</Segment>
<Segment duration="10458" startOffset="97416" endOffset="107874">
<File name="chunk-stream0-00011.m4s" type="video">
<FileVariant size="45504090" variant="6948af99-b6bb-4ba6-b975-c64ea483f29b" />
</File>
<File name="chunk-stream1-00011.m4s" type="audio">
<FileVariant size="335596" variant="6948af99-b6bb-4ba6-b975-c64ea483f29b" />
</File>
<Timelines>
<Transcode startTime="3696" endTime="4056" complete="1" fileType="video" variant="6948af99-b6bb-4ba6-b975-c64ea483f29b" />
<Transcode startTime="3696" endTime="4056" complete="1" fileType="audio" variant="6948af99-b6bb-4ba6-b975-c64ea483f29b" />
</Timelines>
</Segment>
<Segment duration="10375" startOffset="107874" endOffset="118249">
<File name="chunk-stream0-00012.m4s" type="video">
<FileVariant size="37031142" variant="6948af99-b6bb-4ba6-b975-c64ea483f29b" />
</File>
<File name="chunk-stream1-00012.m4s" type="audio">
<FileVariant size="326132" variant="6948af99-b6bb-4ba6-b975-c64ea483f29b" />
</File>
<Timelines>
<Transcode startTime="4056" endTime="4398" complete="1" fileType="video" variant="6948af99-b6bb-4ba6-b975-c64ea483f29b" />
<Transcode startTime="4056" endTime="4398" complete="1" fileType="audio" variant="6948af99-b6bb-4ba6-b975-c64ea483f29b" />
</Timelines>
</Segment>
<Segment duration="7500" startOffset="118249" endOffset="125749">
<File name="chunk-stream0-00013.m4s" type="video">
<FileVariant size="23302592" variant="6948af99-b6bb-4ba6-b975-c64ea483f29b" />
</File>
<File name="chunk-stream1-00013.m4s" type="audio">
<FileVariant size="238411" variant="6948af99-b6bb-4ba6-b975-c64ea483f29b" />
</File>
<Timelines>
<Transcode startTime="4398" endTime="4627" complete="1" fileType="video" variant="6948af99-b6bb-4ba6-b975-c64ea483f29b" />
<Transcode startTime="4398" endTime="4627" complete="1" fileType="audio" variant="6948af99-b6bb-4ba6-b975-c64ea483f29b" />
</Timelines>
</Segment>
<Segment duration="10250" startOffset="125749" endOffset="135999">
<File name="chunk-stream0-00014.m4s" type="video">
<FileVariant size="6378037" variant="6948af99-b6bb-4ba6-b975-c64ea483f29b" />
</File>
<File name="chunk-stream1-00014.m4s" type="audio">
<FileVariant size="323284" variant="6948af99-b6bb-4ba6-b975-c64ea483f29b" />
</File>
<Timelines>
<Transcode startTime="4627" endTime="4872" complete="1" fileType="video" variant="6948af99-b6bb-4ba6-b975-c64ea483f29b" />
<Transcode startTime="4627" endTime="4872" complete="1" fileType="audio" variant="6948af99-b6bb-4ba6-b975-c64ea483f29b" />
</Timelines>
</Segment>
<Segment duration="6208" startOffset="135999" endOffset="142208">
<File name="chunk-stream0-00015.m4s" type="video">
<FileVariant size="4075493" variant="6948af99-b6bb-4ba6-b975-c64ea483f29b" />
</File>
<File name="chunk-stream1-00015.m4s" type="audio">
<FileVariant size="194747" variant="6948af99-b6bb-4ba6-b975-c64ea483f29b" />
</File>
<Timelines>
<Transcode startTime="4872" endTime="5026" complete="1" fileType="video" variant="6948af99-b6bb-4ba6-b975-c64ea483f29b" />
<Transcode startTime="4872" endTime="5026" complete="1" fileType="audio" variant="6948af99-b6bb-4ba6-b975-c64ea483f29b" />
</Timelines>
</Segment>
<Segment duration="6375" startOffset="142208" endOffset="148583">
<File name="chunk-stream0-00016.m4s" type="video">
<FileVariant size="15656158" variant="6948af99-b6bb-4ba6-b975-c64ea483f29b" />
</File>
<File name="chunk-stream1-00016.m4s" type="audio">
<FileVariant size="198422" variant="6948af99-b6bb-4ba6-b975-c64ea483f29b" />
</File>
<Timelines>
<Transcode startTime="5026" endTime="5227" complete="1" fileType="video" variant="6948af99-b6bb-4ba6-b975-c64ea483f29b" />
<Transcode startTime="5026" endTime="5227" complete="1" fileType="audio" variant="6948af99-b6bb-4ba6-b975-c64ea483f29b" />
</Timelines>
</Segment>
<Segment duration="7332" startOffset="118416" endOffset="125749">
<File name="chunk-stream0-00025.m4s" type="video">
<FileVariant size="23302592" variant="23a75893-5350-43ef-8b89-e771492c7504" />
</File>
<File name="chunk-stream1-00025.m4s" type="audio">
<FileVariant size="227984" variant="23a75893-5350-43ef-8b89-e771492c7504" />
</File>
<Timelines>
<Download startTime="8527" endTime="8835" complete="1" fileType="video" variant="23a75893-5350-43ef-8b89-e771492c7504">
<Pause type="segmentWait" startTime="8527" endTime="8827" />
</Download>
<Download startTime="8527" endTime="8837" complete="1" fileType="audio" variant="23a75893-5350-43ef-8b89-e771492c7504">
<Pause type="segmentWait" startTime="8527" endTime="8828" />
</Download>
<Transcode startTime="8527" endTime="8807" complete="1" fileType="video" variant="23a75893-5350-43ef-8b89-e771492c7504" />
<Transcode startTime="8527" endTime="8808" complete="1" fileType="audio" variant="23a75893-5350-43ef-8b89-e771492c7504" />
</Timelines>
</Segment>
</SegmentList>
<PlaybackReports />
<StateReports />
<StateReports type="sloth">
<State startTime="5461" endTime="8547" slothMode="1" />
<State startTime="8547" endTime="8837" slothMode="0" />
</StateReports>
</SessionReport>
