Jun 06, 2025 02:16:07.754 [138933311548160] INFO - Plex Media Scanner v1.41.7.9823-59f304c16 - Docker Docker Container x86_64 - build: linux-x86_64 - GMT -04:00
Jun 06, 2025 02:16:07.754 [138933311548160] INFO - Linux version: 6.8.12-11-pve, language: en-US
Jun 06, 2025 02:16:07.754 [138933311548160] INFO - Processor: 16-core Intel(R) Xeon(R) CPU E5-2640 v3 @ 2.60GHz
Jun 06, 2025 02:16:07.754 [138933311548160] INFO - /usr/lib/plexmediaserver/Plex Media Scanner --analyze-deeply --item 1 --log-file-suffix  Deep Analysis
Jun 06, 2025 02:16:07.753 [138933312048896] DEBUG - Opening 20 database sessions to library (com.plexapp.plugins.library), SQLite 3.39.4, threadsafe=1
Jun 06, 2025 02:16:07.836 [138933312048896] DEBUG - [MI] Opening input file: "/data/movies/Children of Men (2006)/Children.of.Men.2006.1080p.BrRip.x264.BOKUTOX.YIFY.mp4"
Jun 06, 2025 02:16:07.836 [138933312048896] DEBUG - [FFMPEG] - Opening '/data/movies/Children of Men (2006)/Children.of.Men.2006.1080p.BrRip.x264.BOKUTOX.YIFY.mp4' for reading
Jun 06, 2025 02:16:07.836 [138933312048896] DEBUG - [FFMPEG] - Setting default whitelist 'file,crypto,data'
Jun 06, 2025 02:16:07.850 [138933312048896] DEBUG - [FFMPEG] - Format mov,mp4,m4a,3gp,3g2,mj2 probed with size=2048 and score=100
Jun 06, 2025 02:16:07.850 [138933312048896] DEBUG - [FFMPEG] - ISO: File Type Major Brand: isom
Jun 06, 2025 02:16:07.850 [138933312048896] DEBUG - [FFMPEG] - Unknown dref type 0x206c7275 size 12
Jun 06, 2025 02:16:07.876 [138933312048896] DEBUG - [FFMPEG] - Setting codecpar->delay to 2 for stream st: 0
Jun 06, 2025 02:16:07.876 [138933312048896] DEBUG - [FFMPEG] - Unknown dref type 0x206c7275 size 12
Jun 06, 2025 02:16:07.916 [138933312048896] DEBUG - [FFMPEG] - Before avformat_find_stream_info() pos: 1612825726 bytes read:3376681 seeks:1 nb_streams:2
Jun 06, 2025 02:16:07.917 [138933312048896] DEBUG - [FFMPEG] - nal_unit_type: 7(SPS), nal_ref_idc: 3
Jun 06, 2025 02:16:07.917 [138933312048896] DEBUG - [FFMPEG] - nal_unit_type: 8(PPS), nal_ref_idc: 3
Jun 06, 2025 02:16:07.918 [138933312048896] DEBUG - [FFMPEG] - nal_unit_type: 7(SPS), nal_ref_idc: 3
Jun 06, 2025 02:16:07.918 [138933312048896] DEBUG - [FFMPEG] - nal_unit_type: 8(PPS), nal_ref_idc: 3
Jun 06, 2025 02:16:07.918 [138933312048896] DEBUG - [FFMPEG] - nal_unit_type: 6(SEI), nal_ref_idc: 0
Jun 06, 2025 02:16:07.918 [138933312048896] DEBUG - [FFMPEG] - nal_unit_type: 5(IDR), nal_ref_idc: 3
Jun 06, 2025 02:16:07.918 [138933312048896] DEBUG - [FFMPEG] - Format yuv420p chosen by get_format().
Jun 06, 2025 02:16:07.921 [138933312048896] DEBUG - [FFMPEG] - no picture 
Jun 06, 2025 02:16:07.925 [138933312048896] DEBUG - [FFMPEG] - nal_unit_type: 1(Coded slice of a non-IDR picture), nal_ref_idc: 2
Jun 06, 2025 02:16:07.927 [138933312048896] DEBUG - [FFMPEG] - no picture 
Jun 06, 2025 02:16:07.929 [138933312048896] DEBUG - [FFMPEG] - nal_unit_type: 1(Coded slice of a non-IDR picture), nal_ref_idc: 2
Jun 06, 2025 02:16:07.934 [138933312048896] DEBUG - [FFMPEG] - nal_unit_type: 1(Coded slice of a non-IDR picture), nal_ref_idc: 0
Jun 06, 2025 02:16:07.938 [138933312048896] DEBUG - [FFMPEG] - nal_unit_type: 1(Coded slice of a non-IDR picture), nal_ref_idc: 2
Jun 06, 2025 02:16:07.942 [138933312048896] DEBUG - [FFMPEG] - nal_unit_type: 1(Coded slice of a non-IDR picture), nal_ref_idc: 0
Jun 06, 2025 02:16:07.945 [138933312048896] DEBUG - [FFMPEG] - nal_unit_type: 1(Coded slice of a non-IDR picture), nal_ref_idc: 2
Jun 06, 2025 02:16:07.947 [138933312048896] DEBUG - [FFMPEG] - nal_unit_type: 1(Coded slice of a non-IDR picture), nal_ref_idc: 2
Jun 06, 2025 02:16:07.949 [138933312048896] DEBUG - [FFMPEG] - nal_unit_type: 1(Coded slice of a non-IDR picture), nal_ref_idc: 0
Jun 06, 2025 02:16:07.952 [138933312048896] DEBUG - [FFMPEG] - All info found
Jun 06, 2025 02:16:07.954 [138933312048896] DEBUG - [FFMPEG] - After avformat_find_stream_info() pos: 3381647 bytes read:3409449 seeks:2 frames:13
Jun 06, 2025 02:16:08.154 [138933312048896] DEBUG - Deep Analysis: Read 10000 packets at 141.248000
Jun 06, 2025 02:16:08.412 [138933312048896] DEBUG - Deep Analysis: Read 20000 packets at 282.304000
Jun 06, 2025 02:16:08.817 [138933312048896] DEBUG - Deep Analysis: Read 30000 packets at 423.172750
Jun 06, 2025 02:16:08.984 [138933312048896] DEBUG - Deep Analysis: Read 40000 packets at 564.650667
Jun 06, 2025 02:16:09.159 [138933312048896] DEBUG - Deep Analysis: Read 50000 packets at 705.706667
Jun 06, 2025 02:16:09.421 [138933312048896] DEBUG - Deep Analysis: Read 60000 packets at 846.512333
Jun 06, 2025 02:16:09.635 [138933312048896] DEBUG - Deep Analysis: Read 70000 packets at 988.053333
Jun 06, 2025 02:16:09.870 [138933312048896] DEBUG - Deep Analysis: Read 80000 packets at 1129.044583
Jun 06, 2025 02:16:10.030 [138933312048896] DEBUG - Deep Analysis: Read 90000 packets at 1270.400000
Jun 06, 2025 02:16:10.291 [138933312048896] DEBUG - Deep Analysis: Read 100000 packets at 1411.456000
Jun 06, 2025 02:16:10.577 [138933312048896] DEBUG - Deep Analysis: Read 110000 packets at 1552.384167
Jun 06, 2025 02:16:10.955 [138933312048896] DEBUG - Deep Analysis: Read 120000 packets at 1693.802667
Jun 06, 2025 02:16:11.288 [138933312048896] DEBUG - Deep Analysis: Read 130000 packets at 1834.858667
Jun 06, 2025 02:16:11.496 [138933312048896] DEBUG - Deep Analysis: Read 140000 packets at 1975.723750
Jun 06, 2025 02:16:11.663 [138933312048896] DEBUG - Deep Analysis: Read 150000 packets at 2117.205333
Jun 06, 2025 02:16:11.833 [138933312048896] DEBUG - Deep Analysis: Read 160000 packets at 2258.261333
Jun 06, 2025 02:16:11.985 [138933312048896] DEBUG - Deep Analysis: Read 170000 packets at 2399.063333
Jun 06, 2025 02:16:12.139 [138933312048896] DEBUG - Deep Analysis: Read 180000 packets at 2540.608000
Jun 06, 2025 02:16:12.315 [138933312048896] DEBUG - Deep Analysis: Read 190000 packets at 2681.595583
Jun 06, 2025 02:16:12.596 [138933312048896] DEBUG - Deep Analysis: Read 200000 packets at 2822.954667
Jun 06, 2025 02:16:12.884 [138933312048896] DEBUG - Deep Analysis: Read 210000 packets at 2964.010667
Jun 06, 2025 02:16:13.069 [138933312048896] DEBUG - Deep Analysis: Read 220000 packets at 3104.935167
Jun 06, 2025 02:16:13.312 [138933312048896] DEBUG - Deep Analysis: Read 230000 packets at 3246.357333
Jun 06, 2025 02:16:13.474 [138933312048896] DEBUG - Deep Analysis: Read 240000 packets at 3387.413333
Jun 06, 2025 02:16:13.667 [138933312048896] DEBUG - Deep Analysis: Read 250000 packets at 3528.274750
Jun 06, 2025 02:16:13.877 [138933312048896] DEBUG - Deep Analysis: Read 260000 packets at 3669.760000
Jun 06, 2025 02:16:14.116 [138933312048896] DEBUG - Deep Analysis: Read 270000 packets at 3810.816000
Jun 06, 2025 02:16:14.364 [138933312048896] DEBUG - Deep Analysis: Read 280000 packets at 3951.614333
Jun 06, 2025 02:16:14.650 [138933312048896] DEBUG - Deep Analysis: Read 290000 packets at 4093.162667
Jun 06, 2025 02:16:15.326 [138933312048896] DEBUG - Deep Analysis: Read 300000 packets at 4234.146583
Jun 06, 2025 02:16:15.410 [138933312048896] DEBUG - Deep Analysis: Read 310000 packets at 4375.509333
Jun 06, 2025 02:16:15.511 [138933312048896] DEBUG - Deep Analysis: Read 320000 packets at 4516.565333
Jun 06, 2025 02:16:15.692 [138933312048896] DEBUG - Deep Analysis: Read 330000 packets at 4657.486167
Jun 06, 2025 02:16:15.909 [138933312048896] DEBUG - Deep Analysis: Read 340000 packets at 4798.912000
Jun 06, 2025 02:16:16.215 [138933312048896] DEBUG - Deep Analysis: Read 350000 packets at 4939.968000
Jun 06, 2025 02:16:16.455 [138933312048896] DEBUG - Deep Analysis: Read 360000 packets at 5080.825750
Jun 06, 2025 02:16:16.730 [138933312048896] DEBUG - Deep Analysis: Read 370000 packets at 5222.314667
Jun 06, 2025 02:16:17.004 [138933312048896] DEBUG - Deep Analysis: Read 380000 packets at 5363.370667
Jun 06, 2025 02:16:17.189 [138933312048896] DEBUG - Deep Analysis: Read 390000 packets at 5504.165333
Jun 06, 2025 02:16:17.432 [138933312048896] DEBUG - Deep Analysis: Read 400000 packets at 5645.717333
Jun 06, 2025 02:16:17.608 [138933312048896] DEBUG - Deep Analysis: Read 410000 packets at 5786.697583
Jun 06, 2025 02:16:17.801 [138933312048896] DEBUG - Deep Analysis: Read 420000 packets at 5928.064000
Jun 06, 2025 02:16:17.926 [138933312048896] DEBUG - Deep Analysis: Read 430000 packets at 6069.120000
Jun 06, 2025 02:16:17.964 [138933312048896] DEBUG - Deep Analysis: Read 440000 packets at 6210.037167
Jun 06, 2025 02:16:18.035 [138933312048896] DEBUG - Deep Analysis: Read 450000 packets at 6351.466667
Jun 06, 2025 02:16:18.158 [138933312048896] DEBUG - Deep Analysis: Sorting packets
Jun 06, 2025 02:16:18.176 [138933312048896] DEBUG - Deep Analysis: Performing file bitrate analysis
Jun 06, 2025 02:16:18.238 [138933312048896] DEBUG - Deep Analysis: Performing stream bitrate analysis on stream 0
Jun 06, 2025 02:16:18.261 [138933312048896] DEBUG - Deep Analysis: Performing stream bitrate analysis on stream 1
Jun 06, 2025 02:16:18.289 [138933312048896] DEBUG - Deep Analysis: Saving GoP analysis for stream 0
Jun 06, 2025 02:16:18.290 [138933312048896] DEBUG - Deep Analysis: Saving bitrate analysis
Jun 06, 2025 02:16:18.290 [138933312048896] DEBUG - Updating part with ID=1 [/data/movies/Children of Men (2006)/Children.of.Men.2006.1080p.BrRip.x264.BOKUTOX.YIFY.mp4]
Jun 06, 2025 02:16:18.291 [138933312048896] DEBUG - [MI] Closing input file: "/data/movies/Children of Men (2006)/Children.of.Men.2006.1080p.BrRip.x264.BOKUTOX.YIFY.mp4"
Jun 06, 2025 02:16:18.292 [138933312048896] DEBUG - Updating media item 1, size=1612825757, metadata_item_id=1
Jun 06, 2025 02:16:18.292 [138933312048896] DEBUG - Updating part with ID=1 [/data/movies/Children of Men (2006)/Children.of.Men.2006.1080p.BrRip.x264.BOKUTOX.YIFY.mp4]
