Jun 06, 2025 02:15:08.645 [130277657074432] INFO - Plex Media Scanner v1.41.7.9823-59f304c16 - Docker Docker Container x86_64 - build: linux-x86_64 - GMT -04:00
Jun 06, 2025 02:15:08.645 [130277657074432] INFO - Linux version: 6.8.12-11-pve, language: en-US
Jun 06, 2025 02:15:08.645 [130277657074432] INFO - Processor: 16-core Intel(R) Xeon(R) CPU E5-2640 v3 @ 2.60GHz
Jun 06, 2025 02:15:08.645 [130277657074432] INFO - /usr/lib/plexmediaserver/Plex Media Scanner --analyze-deeply --item 2 --log-file-suffix  Deep Analysis
Jun 06, 2025 02:15:08.646 [130277657575168] DEBUG - Opening 20 database sessions to library (com.plexapp.plugins.library), SQLite 3.39.4, threadsafe=1
Jun 06, 2025 02:15:08.752 [130277657575168] DEBUG - [MI] Opening input file: "/data/movies/Arrival (2016)/Arrival.2016.UHD.2160p.BluRay.x265.HDR.DTS-HFMA.7.1-DTOne.mkv"
Jun 06, 2025 02:15:08.752 [130277657575168] DEBUG - [FFMPEG] - Opening '/data/movies/Arrival (2016)/Arrival.2016.UHD.2160p.BluRay.x265.HDR.DTS-HFMA.7.1-DTOne.mkv' for reading
Jun 06, 2025 02:15:08.752 [130277657575168] DEBUG - [FFMPEG] - Setting default whitelist 'file,crypto,data'
Jun 06, 2025 02:15:08.752 [130277657575168] DEBUG - [FFMPEG] - Format matroska,webm probed with size=2048 and score=100
Jun 06, 2025 02:15:08.754 [130277657575168] DEBUG - [FFMPEG] - st:0 removing common factor 1000000 from timebase
Jun 06, 2025 02:15:08.754 [130277657575168] DEBUG - [FFMPEG] - st:1 removing common factor 1000000 from timebase
Jun 06, 2025 02:15:08.754 [130277657575168] DEBUG - [FFMPEG] - st:2 removing common factor 1000000 from timebase
Jun 06, 2025 02:15:08.754 [130277657575168] DEBUG - [FFMPEG] - st:3 removing common factor 1000000 from timebase
Jun 06, 2025 02:15:08.754 [130277657575168] DEBUG - [FFMPEG] - st:4 removing common factor 1000000 from timebase
Jun 06, 2025 02:15:08.754 [130277657575168] DEBUG - [FFMPEG] - st:5 removing common factor 1000000 from timebase
Jun 06, 2025 02:15:08.754 [130277657575168] DEBUG - [FFMPEG] - st:6 removing common factor 1000000 from timebase
Jun 06, 2025 02:15:08.754 [130277657575168] DEBUG - [FFMPEG] - st:7 removing common factor 1000000 from timebase
Jun 06, 2025 02:15:08.754 [130277657575168] DEBUG - [FFMPEG] - st:8 removing common factor 1000000 from timebase
Jun 06, 2025 02:15:08.754 [130277657575168] DEBUG - [FFMPEG] - st:9 removing common factor 1000000 from timebase
Jun 06, 2025 02:15:08.754 [130277657575168] DEBUG - [FFMPEG] - st:10 removing common factor 1000000 from timebase
Jun 06, 2025 02:15:08.754 [130277657575168] DEBUG - [FFMPEG] - st:11 removing common factor 1000000 from timebase
Jun 06, 2025 02:15:08.754 [130277657575168] DEBUG - [FFMPEG] - st:12 removing common factor 1000000 from timebase
Jun 06, 2025 02:15:08.754 [130277657575168] DEBUG - [FFMPEG] - st:13 removing common factor 1000000 from timebase
Jun 06, 2025 02:15:08.754 [130277657575168] DEBUG - [FFMPEG] - st:14 removing common factor 1000000 from timebase
Jun 06, 2025 02:15:08.754 [130277657575168] DEBUG - [FFMPEG] - st:15 removing common factor 1000000 from timebase
Jun 06, 2025 02:15:08.754 [130277657575168] DEBUG - [FFMPEG] - st:16 removing common factor 1000000 from timebase
Jun 06, 2025 02:15:08.754 [130277657575168] DEBUG - [FFMPEG] - st:17 removing common factor 1000000 from timebase
Jun 06, 2025 02:15:08.754 [130277657575168] DEBUG - [FFMPEG] - st:18 removing common factor 1000000 from timebase
Jun 06, 2025 02:15:08.754 [130277657575168] DEBUG - [FFMPEG] - st:19 removing common factor 1000000 from timebase
Jun 06, 2025 02:15:08.754 [130277657575168] DEBUG - [FFMPEG] - st:20 removing common factor 1000000 from timebase
Jun 06, 2025 02:15:08.754 [130277657575168] DEBUG - [FFMPEG] - st:21 removing common factor 1000000 from timebase
Jun 06, 2025 02:15:08.754 [130277657575168] DEBUG - [FFMPEG] - st:22 removing common factor 1000000 from timebase
Jun 06, 2025 02:15:08.754 [130277657575168] DEBUG - [FFMPEG] - st:23 removing common factor 1000000 from timebase
Jun 06, 2025 02:15:08.754 [130277657575168] DEBUG - [FFMPEG] - st:24 removing common factor 1000000 from timebase
Jun 06, 2025 02:15:08.754 [130277657575168] DEBUG - [FFMPEG] - st:25 removing common factor 1000000 from timebase
Jun 06, 2025 02:15:08.754 [130277657575168] DEBUG - [FFMPEG] - st:26 removing common factor 1000000 from timebase
Jun 06, 2025 02:15:08.754 [130277657575168] DEBUG - [FFMPEG] - st:27 removing common factor 1000000 from timebase
Jun 06, 2025 02:15:08.754 [130277657575168] DEBUG - [FFMPEG] - st:28 removing common factor 1000000 from timebase
Jun 06, 2025 02:15:08.754 [130277657575168] DEBUG - [FFMPEG] - st:29 removing common factor 1000000 from timebase
Jun 06, 2025 02:15:08.754 [130277657575168] DEBUG - [FFMPEG] - st:30 removing common factor 1000000 from timebase
Jun 06, 2025 02:15:08.754 [130277657575168] DEBUG - [FFMPEG] - st:31 removing common factor 1000000 from timebase
Jun 06, 2025 02:15:08.755 [130277657575168] DEBUG - [FFMPEG] - Before avformat_find_stream_info() pos: 11634 bytes read:45069 seeks:2 nb_streams:32
Jun 06, 2025 02:15:08.755 [130277657575168] DEBUG - [FFMPEG] - nal_unit_type: 32(VPS), nuh_layer_id: 0, temporal_id: 0
Jun 06, 2025 02:15:08.755 [130277657575168] DEBUG - [FFMPEG] - Decoding VPS
Jun 06, 2025 02:15:08.755 [130277657575168] DEBUG - [FFMPEG] - Main 10 profile bitstream
Jun 06, 2025 02:15:08.755 [130277657575168] DEBUG - [FFMPEG] - nal_unit_type: 33(SPS), nuh_layer_id: 0, temporal_id: 0
Jun 06, 2025 02:15:08.755 [130277657575168] DEBUG - [FFMPEG] - Decoding SPS
Jun 06, 2025 02:15:08.755 [130277657575168] DEBUG - [FFMPEG] - Main 10 profile bitstream
Jun 06, 2025 02:15:08.755 [130277657575168] DEBUG - [FFMPEG] - Decoding VUI
Jun 06, 2025 02:15:08.755 [130277657575168] DEBUG - [FFMPEG] - nal_unit_type: 34(PPS), nuh_layer_id: 0, temporal_id: 0
Jun 06, 2025 02:15:08.755 [130277657575168] DEBUG - [FFMPEG] - Decoding PPS
Jun 06, 2025 02:15:08.755 [130277657575168] DEBUG - [FFMPEG] - nal_unit_type: 39(SEI_PREFIX), nuh_layer_id: 0, temporal_id: 0
Jun 06, 2025 02:15:08.755 [130277657575168] DEBUG - [FFMPEG] - Decoding SEI
Jun 06, 2025 02:15:08.756 [130277657575168] DEBUG - [FFMPEG] - first_dts 0 not matching first dts NOPTS (pts 0, duration 41) in the queue
Jun 06, 2025 02:15:08.778 [130277657575168] WARN - [FFMPEG] - Could not find codec parameters for stream 2 (Subtitle: hdmv_pgs_subtitle (pgssub)): unspecified size
Consider increasing the value for the 'analyzeduration' (20000000) and 'probesize' (20000000) options
Jun 06, 2025 02:15:08.778 [130277657575168] WARN - [FFMPEG] - Could not find codec parameters for stream 3 (Subtitle: hdmv_pgs_subtitle (pgssub)): unspecified size
Consider increasing the value for the 'analyzeduration' (20000000) and 'probesize' (20000000) options
Jun 06, 2025 02:15:08.778 [130277657575168] WARN - [FFMPEG] - Could not find codec parameters for stream 4 (Subtitle: hdmv_pgs_subtitle (pgssub)): unspecified size
Consider increasing the value for the 'analyzeduration' (20000000) and 'probesize' (20000000) options
Jun 06, 2025 02:15:08.778 [130277657575168] WARN - [FFMPEG] - Could not find codec parameters for stream 5 (Subtitle: hdmv_pgs_subtitle (pgssub)): unspecified size
Consider increasing the value for the 'analyzeduration' (20000000) and 'probesize' (20000000) options
Jun 06, 2025 02:15:08.778 [130277657575168] WARN - [FFMPEG] - Could not find codec parameters for stream 6 (Subtitle: hdmv_pgs_subtitle (pgssub)): unspecified size
Consider increasing the value for the 'analyzeduration' (20000000) and 'probesize' (20000000) options
Jun 06, 2025 02:15:08.778 [130277657575168] WARN - [FFMPEG] - Could not find codec parameters for stream 7 (Subtitle: hdmv_pgs_subtitle (pgssub)): unspecified size
Consider increasing the value for the 'analyzeduration' (20000000) and 'probesize' (20000000) options
Jun 06, 2025 02:15:08.778 [130277657575168] WARN - [FFMPEG] - Could not find codec parameters for stream 8 (Subtitle: hdmv_pgs_subtitle (pgssub)): unspecified size
Consider increasing the value for the 'analyzeduration' (20000000) and 'probesize' (20000000) options
Jun 06, 2025 02:15:08.778 [130277657575168] WARN - [FFMPEG] - Could not find codec parameters for stream 9 (Subtitle: hdmv_pgs_subtitle (pgssub)): unspecified size
Consider increasing the value for the 'analyzeduration' (20000000) and 'probesize' (20000000) options
Jun 06, 2025 02:15:08.778 [130277657575168] WARN - [FFMPEG] - Could not find codec parameters for stream 10 (Subtitle: hdmv_pgs_subtitle (pgssub)): unspecified size
Consider increasing the value for the 'analyzeduration' (20000000) and 'probesize' (20000000) options
Jun 06, 2025 02:15:08.778 [130277657575168] WARN - [FFMPEG] - Could not find codec parameters for stream 11 (Subtitle: hdmv_pgs_subtitle (pgssub)): unspecified size
Consider increasing the value for the 'analyzeduration' (20000000) and 'probesize' (20000000) options
Jun 06, 2025 02:15:08.778 [130277657575168] WARN - [FFMPEG] - Could not find codec parameters for stream 12 (Subtitle: hdmv_pgs_subtitle (pgssub)): unspecified size
Consider increasing the value for the 'analyzeduration' (20000000) and 'probesize' (20000000) options
Jun 06, 2025 02:15:08.778 [130277657575168] WARN - [FFMPEG] - Could not find codec parameters for stream 13 (Subtitle: hdmv_pgs_subtitle (pgssub)): unspecified size
Consider increasing the value for the 'analyzeduration' (20000000) and 'probesize' (20000000) options
Jun 06, 2025 02:15:08.778 [130277657575168] WARN - [FFMPEG] - Could not find codec parameters for stream 14 (Subtitle: hdmv_pgs_subtitle (pgssub)): unspecified size
Consider increasing the value for the 'analyzeduration' (20000000) and 'probesize' (20000000) options
Jun 06, 2025 02:15:08.778 [130277657575168] WARN - [FFMPEG] - Could not find codec parameters for stream 15 (Subtitle: hdmv_pgs_subtitle (pgssub)): unspecified size
Consider increasing the value for the 'analyzeduration' (20000000) and 'probesize' (20000000) options
Jun 06, 2025 02:15:08.778 [130277657575168] WARN - [FFMPEG] - Could not find codec parameters for stream 16 (Subtitle: hdmv_pgs_subtitle (pgssub)): unspecified size
Consider increasing the value for the 'analyzeduration' (20000000) and 'probesize' (20000000) options
Jun 06, 2025 02:15:08.778 [130277657575168] WARN - [FFMPEG] - Could not find codec parameters for stream 17 (Subtitle: hdmv_pgs_subtitle (pgssub)): unspecified size
Consider increasing the value for the 'analyzeduration' (20000000) and 'probesize' (20000000) options
Jun 06, 2025 02:15:08.778 [130277657575168] WARN - [FFMPEG] - Could not find codec parameters for stream 18 (Subtitle: hdmv_pgs_subtitle (pgssub)): unspecified size
Consider increasing the value for the 'analyzeduration' (20000000) and 'probesize' (20000000) options
Jun 06, 2025 02:15:08.778 [130277657575168] WARN - [FFMPEG] - Could not find codec parameters for stream 19 (Subtitle: hdmv_pgs_subtitle (pgssub)): unspecified size
Consider increasing the value for the 'analyzeduration' (20000000) and 'probesize' (20000000) options
Jun 06, 2025 02:15:08.778 [130277657575168] WARN - [FFMPEG] - Could not find codec parameters for stream 20 (Subtitle: hdmv_pgs_subtitle (pgssub)): unspecified size
Consider increasing the value for the 'analyzeduration' (20000000) and 'probesize' (20000000) options
Jun 06, 2025 02:15:08.778 [130277657575168] WARN - [FFMPEG] - Could not find codec parameters for stream 21 (Subtitle: hdmv_pgs_subtitle (pgssub)): unspecified size
Consider increasing the value for the 'analyzeduration' (20000000) and 'probesize' (20000000) options
Jun 06, 2025 02:15:08.778 [130277657575168] WARN - [FFMPEG] - Could not find codec parameters for stream 22 (Subtitle: hdmv_pgs_subtitle (pgssub)): unspecified size
Consider increasing the value for the 'analyzeduration' (20000000) and 'probesize' (20000000) options
Jun 06, 2025 02:15:08.778 [130277657575168] WARN - [FFMPEG] - Could not find codec parameters for stream 23 (Subtitle: hdmv_pgs_subtitle (pgssub)): unspecified size
Consider increasing the value for the 'analyzeduration' (20000000) and 'probesize' (20000000) options
Jun 06, 2025 02:15:08.778 [130277657575168] WARN - [FFMPEG] - Could not find codec parameters for stream 24 (Subtitle: hdmv_pgs_subtitle (pgssub)): unspecified size
Consider increasing the value for the 'analyzeduration' (20000000) and 'probesize' (20000000) options
Jun 06, 2025 02:15:08.778 [130277657575168] WARN - [FFMPEG] - Could not find codec parameters for stream 25 (Subtitle: hdmv_pgs_subtitle (pgssub)): unspecified size
Consider increasing the value for the 'analyzeduration' (20000000) and 'probesize' (20000000) options
Jun 06, 2025 02:15:08.778 [130277657575168] WARN - [FFMPEG] - Could not find codec parameters for stream 26 (Subtitle: hdmv_pgs_subtitle (pgssub)): unspecified size
Consider increasing the value for the 'analyzeduration' (20000000) and 'probesize' (20000000) options
Jun 06, 2025 02:15:08.778 [130277657575168] WARN - [FFMPEG] - Could not find codec parameters for stream 27 (Subtitle: hdmv_pgs_subtitle (pgssub)): unspecified size
Consider increasing the value for the 'analyzeduration' (20000000) and 'probesize' (20000000) options
Jun 06, 2025 02:15:08.778 [130277657575168] WARN - [FFMPEG] - Could not find codec parameters for stream 28 (Subtitle: hdmv_pgs_subtitle (pgssub)): unspecified size
Consider increasing the value for the 'analyzeduration' (20000000) and 'probesize' (20000000) options
Jun 06, 2025 02:15:08.778 [130277657575168] WARN - [FFMPEG] - Could not find codec parameters for stream 29 (Subtitle: hdmv_pgs_subtitle (pgssub)): unspecified size
Consider increasing the value for the 'analyzeduration' (20000000) and 'probesize' (20000000) options
Jun 06, 2025 02:15:08.778 [130277657575168] WARN - [FFMPEG] - Could not find codec parameters for stream 30 (Subtitle: hdmv_pgs_subtitle (pgssub)): unspecified size
Consider increasing the value for the 'analyzeduration' (20000000) and 'probesize' (20000000) options
Jun 06, 2025 02:15:08.778 [130277657575168] WARN - [FFMPEG] - Could not find codec parameters for stream 31 (Subtitle: hdmv_pgs_subtitle (pgssub)): unspecified size
Consider increasing the value for the 'analyzeduration' (20000000) and 'probesize' (20000000) options
Jun 06, 2025 02:15:08.778 [130277657575168] DEBUG - [FFMPEG] - After avformat_find_stream_info() pos: 17090823 bytes read:17140830 seeks:2 frames:2371
Jun 06, 2025 02:15:09.353 [130277657575168] DEBUG - Deep Analysis: Read 10000 packets at 89.716000
Jun 06, 2025 02:15:10.140 [130277657575168] DEBUG - Deep Analysis: Read 20000 packets at 172.053000
Jun 06, 2025 02:15:11.269 [130277657575168] DEBUG - Deep Analysis: Read 30000 packets at 252.714000
Jun 06, 2025 02:15:11.947 [130277657575168] DEBUG - Deep Analysis: Read 40000 packets at 331.135000
Jun 06, 2025 02:15:12.679 [130277657575168] DEBUG - Deep Analysis: Read 50000 packets at 409.610000
Jun 06, 2025 02:15:13.426 [130277657575168] DEBUG - Deep Analysis: Read 60000 packets at 489.088000
Jun 06, 2025 02:15:14.079 [130277657575168] DEBUG - Deep Analysis: Read 70000 packets at 565.109000
Jun 06, 2025 02:15:15.086 [130277657575168] DEBUG - Deep Analysis: Read 80000 packets at 646.794000
Jun 06, 2025 02:15:15.885 [130277657575168] DEBUG - Deep Analysis: Read 90000 packets at 722.688000
Jun 06, 2025 02:15:16.793 [130277657575168] DEBUG - Deep Analysis: Read 100000 packets at 798.741000
Jun 06, 2025 02:15:17.802 [130277657575168] DEBUG - Deep Analysis: Read 110000 packets at 874.582000
Jun 06, 2025 02:15:18.500 [130277657575168] DEBUG - Deep Analysis: Read 120000 packets at 954.474000
Jun 06, 2025 02:15:19.221 [130277657575168] DEBUG - Deep Analysis: Read 130000 packets at 1030.571000
Jun 06, 2025 02:15:19.874 [130277657575168] DEBUG - Deep Analysis: Read 140000 packets at 1111.902000
Jun 06, 2025 02:15:20.536 [130277657575168] DEBUG - Deep Analysis: Read 150000 packets at 1195.620000
Jun 06, 2025 02:15:21.273 [130277657575168] DEBUG - Deep Analysis: Read 160000 packets at 1270.603000
Jun 06, 2025 02:15:22.047 [130277657575168] DEBUG - Deep Analysis: Read 170000 packets at 1344.863000
Jun 06, 2025 02:15:22.879 [130277657575168] DEBUG - Deep Analysis: Read 180000 packets at 1419.071000
Jun 06, 2025 02:15:23.472 [130277657575168] DEBUG - Deep Analysis: Read 190000 packets at 1500.917000
Jun 06, 2025 02:15:24.108 [130277657575168] DEBUG - Deep Analysis: Read 200000 packets at 1580.330000
Jun 06, 2025 02:15:25.040 [130277657575168] DEBUG - Deep Analysis: Read 210000 packets at 1661.259000
Jun 06, 2025 02:15:26.363 [130277657575168] DEBUG - Deep Analysis: Read 220000 packets at 1740.735000
Jun 06, 2025 02:15:27.746 [130277657575168] DEBUG - Deep Analysis: Read 230000 packets at 1817.920000
Jun 06, 2025 02:15:28.507 [130277657575168] DEBUG - Deep Analysis: Read 240000 packets at 1901.333000
Jun 06, 2025 02:15:29.069 [130277657575168] DEBUG - Deep Analysis: Read 250000 packets at 1984.096000
Jun 06, 2025 02:15:30.033 [130277657575168] DEBUG - Deep Analysis: Read 260000 packets at 2066.133000
Jun 06, 2025 02:15:31.043 [130277657575168] DEBUG - Deep Analysis: Read 270000 packets at 2154.079000
Jun 06, 2025 02:15:32.052 [130277657575168] DEBUG - Deep Analysis: Read 280000 packets at 2245.493000
Jun 06, 2025 02:15:32.758 [130277657575168] DEBUG - Deep Analysis: Read 290000 packets at 2339.337000
Jun 06, 2025 02:15:33.837 [130277657575168] DEBUG - Deep Analysis: Read 300000 packets at 2426.808000
Jun 06, 2025 02:15:34.741 [130277657575168] DEBUG - Deep Analysis: Read 310000 packets at 2514.623000
Jun 06, 2025 02:15:35.502 [130277657575168] DEBUG - Deep Analysis: Read 320000 packets at 2600.565000
Jun 06, 2025 02:15:36.311 [130277657575168] DEBUG - Deep Analysis: Read 330000 packets at 2689.045000
Jun 06, 2025 02:15:37.192 [130277657575168] DEBUG - Deep Analysis: Read 340000 packets at 2781.386000
Jun 06, 2025 02:15:38.032 [130277657575168] DEBUG - Deep Analysis: Read 350000 packets at 2874.463000
Jun 06, 2025 02:15:38.908 [130277657575168] DEBUG - Deep Analysis: Read 360000 packets at 2965.796000
Jun 06, 2025 02:15:39.889 [130277657575168] DEBUG - Deep Analysis: Read 370000 packets at 3056.831000
Jun 06, 2025 02:15:40.662 [130277657575168] DEBUG - Deep Analysis: Read 380000 packets at 3149.877000
Jun 06, 2025 02:15:41.486 [130277657575168] DEBUG - Deep Analysis: Read 390000 packets at 3236.490000
Jun 06, 2025 02:15:42.490 [130277657575168] DEBUG - Deep Analysis: Read 400000 packets at 3324.413000
Jun 06, 2025 02:15:43.256 [130277657575168] DEBUG - Deep Analysis: Read 410000 packets at 3411.988000
Jun 06, 2025 02:15:44.036 [130277657575168] DEBUG - Deep Analysis: Read 420000 packets at 3498.286000
Jun 06, 2025 02:15:44.526 [130277657575168] DEBUG - Deep Analysis: Read 430000 packets at 3588.725000
Jun 06, 2025 02:15:45.099 [130277657575168] DEBUG - Deep Analysis: Read 440000 packets at 3678.517000
Jun 06, 2025 02:15:45.689 [130277657575168] DEBUG - Deep Analysis: Read 450000 packets at 3769.354000
Jun 06, 2025 02:15:46.289 [130277657575168] DEBUG - Deep Analysis: Read 460000 packets at 3857.983000
Jun 06, 2025 02:15:47.177 [130277657575168] DEBUG - Deep Analysis: Read 470000 packets at 3945.354000
Jun 06, 2025 02:15:47.773 [130277657575168] DEBUG - Deep Analysis: Read 480000 packets at 4037.000000
Jun 06, 2025 02:15:48.436 [130277657575168] DEBUG - Deep Analysis: Read 490000 packets at 4121.034000
Jun 06, 2025 02:15:49.105 [130277657575168] DEBUG - Deep Analysis: Read 500000 packets at 4199.654000
Jun 06, 2025 02:15:49.576 [130277657575168] DEBUG - Deep Analysis: Read 510000 packets at 4284.280000
Jun 06, 2025 02:15:50.142 [130277657575168] DEBUG - Deep Analysis: Read 520000 packets at 4366.821000
Jun 06, 2025 02:15:50.742 [130277657575168] DEBUG - Deep Analysis: Read 530000 packets at 4452.843000
Jun 06, 2025 02:15:51.398 [130277657575168] DEBUG - Deep Analysis: Read 540000 packets at 4543.104000
Jun 06, 2025 02:15:51.952 [130277657575168] DEBUG - Deep Analysis: Read 550000 packets at 4628.596000
Jun 06, 2025 02:15:52.463 [130277657575168] DEBUG - Deep Analysis: Read 560000 packets at 4711.498000
Jun 06, 2025 02:15:53.090 [130277657575168] DEBUG - Deep Analysis: Read 570000 packets at 4792.000000
Jun 06, 2025 02:15:53.678 [130277657575168] DEBUG - Deep Analysis: Read 580000 packets at 4875.872000
Jun 06, 2025 02:15:54.225 [130277657575168] DEBUG - Deep Analysis: Read 590000 packets at 4956.650000
Jun 06, 2025 02:15:54.856 [130277657575168] DEBUG - Deep Analysis: Read 600000 packets at 5035.978000
Jun 06, 2025 02:15:55.463 [130277657575168] DEBUG - Deep Analysis: Read 610000 packets at 5114.243000
Jun 06, 2025 02:15:55.888 [130277657575168] DEBUG - Deep Analysis: Read 620000 packets at 5202.667000
Jun 06, 2025 02:15:56.408 [130277657575168] DEBUG - Deep Analysis: Read 630000 packets at 5293.728000
Jun 06, 2025 02:15:57.093 [130277657575168] DEBUG - Deep Analysis: Read 640000 packets at 5382.752000
Jun 06, 2025 02:15:57.761 [130277657575168] DEBUG - Deep Analysis: Read 650000 packets at 5468.427000
Jun 06, 2025 02:15:58.373 [130277657575168] DEBUG - Deep Analysis: Read 660000 packets at 5556.437000
Jun 06, 2025 02:15:58.867 [130277657575168] DEBUG - Deep Analysis: Read 670000 packets at 5637.951000
Jun 06, 2025 02:15:59.496 [130277657575168] DEBUG - Deep Analysis: Read 680000 packets at 5720.590000
Jun 06, 2025 02:16:00.171 [130277657575168] DEBUG - Deep Analysis: Read 690000 packets at 5804.970000
Jun 06, 2025 02:16:00.828 [130277657575168] DEBUG - Deep Analysis: Read 700000 packets at 5887.818000
Jun 06, 2025 02:16:01.344 [130277657575168] DEBUG - Deep Analysis: Read 710000 packets at 5973.059000
Jun 06, 2025 02:16:01.839 [130277657575168] DEBUG - Deep Analysis: Read 720000 packets at 6055.040000
Jun 06, 2025 02:16:02.555 [130277657575168] DEBUG - Deep Analysis: Read 730000 packets at 6139.029000
Jun 06, 2025 02:16:03.281 [130277657575168] DEBUG - Deep Analysis: Read 740000 packets at 6223.253000
Jun 06, 2025 02:16:03.821 [130277657575168] DEBUG - Deep Analysis: Read 750000 packets at 6307.509000
Jun 06, 2025 02:16:04.306 [130277657575168] DEBUG - Deep Analysis: Read 760000 packets at 6396.117000
Jun 06, 2025 02:16:04.795 [130277657575168] DEBUG - Deep Analysis: Read 770000 packets at 6480.015000
Jun 06, 2025 02:16:05.261 [130277657575168] DEBUG - Deep Analysis: Read 780000 packets at 6566.560000
Jun 06, 2025 02:16:05.941 [130277657575168] DEBUG - Deep Analysis: Read 790000 packets at 6656.277000
Jun 06, 2025 02:16:06.309 [130277657575168] DEBUG - Deep Analysis: Read 800000 packets at 6747.755000
Jun 06, 2025 02:16:06.702 [130277657575168] DEBUG - Deep Analysis: Read 810000 packets at 6838.954000
Jun 06, 2025 02:16:07.144 [130277657575168] DEBUG - Deep Analysis: Read 820000 packets at 6930.624000
Jun 06, 2025 02:16:07.360 [130277657575168] DEBUG - Deep Analysis: Sorting packets
Jun 06, 2025 02:16:07.393 [130277657575168] DEBUG - Deep Analysis: Performing file bitrate analysis
Jun 06, 2025 02:16:07.600 [130277657575168] DEBUG - Deep Analysis: Performing stream bitrate analysis on stream 0
Jun 06, 2025 02:16:07.632 [130277657575168] DEBUG - Deep Analysis: Performing stream bitrate analysis on stream 1
Jun 06, 2025 02:16:07.696 [130277657575168] DEBUG - Deep Analysis: Performing stream bitrate analysis on stream 2
Jun 06, 2025 02:16:07.697 [130277657575168] DEBUG - Deep Analysis: Performing stream bitrate analysis on stream 3
Jun 06, 2025 02:16:07.698 [130277657575168] DEBUG - Deep Analysis: Performing stream bitrate analysis on stream 4
Jun 06, 2025 02:16:07.699 [130277657575168] DEBUG - Deep Analysis: Performing stream bitrate analysis on stream 5
Jun 06, 2025 02:16:07.700 [130277657575168] DEBUG - Deep Analysis: Performing stream bitrate analysis on stream 6
Jun 06, 2025 02:16:07.701 [130277657575168] DEBUG - Deep Analysis: Performing stream bitrate analysis on stream 7
Jun 06, 2025 02:16:07.702 [130277657575168] DEBUG - Deep Analysis: Performing stream bitrate analysis on stream 8
Jun 06, 2025 02:16:07.702 [130277657575168] DEBUG - Deep Analysis: Performing stream bitrate analysis on stream 9
Jun 06, 2025 02:16:07.703 [130277657575168] DEBUG - Deep Analysis: Performing stream bitrate analysis on stream 10
Jun 06, 2025 02:16:07.704 [130277657575168] DEBUG - Deep Analysis: Performing stream bitrate analysis on stream 11
Jun 06, 2025 02:16:07.705 [130277657575168] DEBUG - Deep Analysis: Performing stream bitrate analysis on stream 12
Jun 06, 2025 02:16:07.706 [130277657575168] DEBUG - Deep Analysis: Performing stream bitrate analysis on stream 13
Jun 06, 2025 02:16:07.706 [130277657575168] DEBUG - Deep Analysis: Performing stream bitrate analysis on stream 14
Jun 06, 2025 02:16:07.707 [130277657575168] DEBUG - Deep Analysis: Performing stream bitrate analysis on stream 15
Jun 06, 2025 02:16:07.708 [130277657575168] DEBUG - Deep Analysis: Performing stream bitrate analysis on stream 16
Jun 06, 2025 02:16:07.708 [130277657575168] DEBUG - Deep Analysis: Performing stream bitrate analysis on stream 17
Jun 06, 2025 02:16:07.709 [130277657575168] DEBUG - Deep Analysis: Performing stream bitrate analysis on stream 18
Jun 06, 2025 02:16:07.710 [130277657575168] DEBUG - Deep Analysis: Performing stream bitrate analysis on stream 19
Jun 06, 2025 02:16:07.711 [130277657575168] DEBUG - Deep Analysis: Performing stream bitrate analysis on stream 20
Jun 06, 2025 02:16:07.711 [130277657575168] DEBUG - Deep Analysis: Performing stream bitrate analysis on stream 21
Jun 06, 2025 02:16:07.712 [130277657575168] DEBUG - Deep Analysis: Performing stream bitrate analysis on stream 22
Jun 06, 2025 02:16:07.713 [130277657575168] DEBUG - Deep Analysis: Performing stream bitrate analysis on stream 23
Jun 06, 2025 02:16:07.714 [130277657575168] DEBUG - Deep Analysis: Performing stream bitrate analysis on stream 24
Jun 06, 2025 02:16:07.715 [130277657575168] DEBUG - Deep Analysis: Performing stream bitrate analysis on stream 25
Jun 06, 2025 02:16:07.715 [130277657575168] DEBUG - Deep Analysis: Performing stream bitrate analysis on stream 26
Jun 06, 2025 02:16:07.716 [130277657575168] DEBUG - Deep Analysis: Performing stream bitrate analysis on stream 27
Jun 06, 2025 02:16:07.717 [130277657575168] DEBUG - Deep Analysis: Performing stream bitrate analysis on stream 28
Jun 06, 2025 02:16:07.717 [130277657575168] DEBUG - Deep Analysis: Performing stream bitrate analysis on stream 29
Jun 06, 2025 02:16:07.718 [130277657575168] DEBUG - Deep Analysis: Performing stream bitrate analysis on stream 30
Jun 06, 2025 02:16:07.719 [130277657575168] DEBUG - Deep Analysis: Performing stream bitrate analysis on stream 31
Jun 06, 2025 02:16:07.721 [130277657575168] DEBUG - Deep Analysis: Saving GoP analysis for stream 0
Jun 06, 2025 02:16:07.728 [130277657575168] DEBUG - Deep Analysis: Saving bitrate analysis
Jun 06, 2025 02:16:07.728 [130277657575168] DEBUG - Updating part with ID=2 [/data/movies/Arrival (2016)/Arrival.2016.UHD.2160p.BluRay.x265.HDR.DTS-HFMA.7.1-DTOne.mkv]
Jun 06, 2025 02:16:07.731 [130277657575168] DEBUG - [MI] Closing input file: "/data/movies/Arrival (2016)/Arrival.2016.UHD.2160p.BluRay.x265.HDR.DTS-HFMA.7.1-DTOne.mkv"
Jun 06, 2025 02:16:07.731 [130277657575168] DEBUG - Updating media item 2, size=9005906118, metadata_item_id=2
Jun 06, 2025 02:16:07.731 [130277657575168] DEBUG - Updating part with ID=2 [/data/movies/Arrival (2016)/Arrival.2016.UHD.2160p.BluRay.x265.HDR.DTS-HFMA.7.1-DTOne.mkv]
