Jun 07, 2025 02:03:38.751 [135965185837824] INFO - Plex Media Scanner v1.41.7.9823-59f304c16 - Docker Docker Container x86_64 - build: linux-x86_64 - GMT -04:00
Jun 07, 2025 02:03:38.752 [135965185837824] INFO - Linux version: 6.8.12-11-pve, language: en-US
Jun 07, 2025 02:03:38.752 [135965185837824] INFO - Processor: 16-core Intel(R) Xeon(R) CPU E5-2640 v3 @ 2.60GHz
Jun 07, 2025 02:03:38.752 [135965185837824] INFO - /usr/lib/plexmediaserver/Plex Media Scanner --generate --chapter-thumbs-only --item 56 --log-file-suffix  Chapter Thumbnails
Jun 07, 2025 02:03:38.753 [135965186338560] DEBUG - Opening 20 database sessions to library (com.plexapp.plugins.library), SQLite 3.39.4, threadsafe=1
Jun 07, 2025 02:03:38.840 [135965186338560] DEBUG - Created chapter thumbnail for metadata item 56, media item 150 for chapter number 1:0 at "/config/Library/Application Support/Plex Media Server/Media/localhost/9/e8d05a946416ed4603bc37fa11e65019c844dbd.bundle/Contents/Chapters/chapter1.jpg"
Jun 07, 2025 02:03:38.840 [135965186338560] DEBUG - Created chapter thumbnail for metadata item 56, media item 150 for chapter number 2:225416 at "/config/Library/Application Support/Plex Media Server/Media/localhost/9/e8d05a946416ed4603bc37fa11e65019c844dbd.bundle/Contents/Chapters/chapter2.jpg"
Jun 07, 2025 02:03:38.841 [135965186338560] DEBUG - Created chapter thumbnail for metadata item 56, media item 150 for chapter number 3:769790 at "/config/Library/Application Support/Plex Media Server/Media/localhost/9/e8d05a946416ed4603bc37fa11e65019c844dbd.bundle/Contents/Chapters/chapter3.jpg"
Jun 07, 2025 02:03:38.841 [135965186338560] DEBUG - Created chapter thumbnail for metadata item 56, media item 150 for chapter number 4:1161460 at "/config/Library/Application Support/Plex Media Server/Media/localhost/9/e8d05a946416ed4603bc37fa11e65019c844dbd.bundle/Contents/Chapters/chapter4.jpg"
Jun 07, 2025 02:03:38.841 [135965186338560] DEBUG - Created chapter thumbnail for metadata item 56, media item 150 for chapter number 5:1345040 at "/config/Library/Application Support/Plex Media Server/Media/localhost/9/e8d05a946416ed4603bc37fa11e65019c844dbd.bundle/Contents/Chapters/chapter5.jpg"
Jun 07, 2025 02:03:38.841 [135965186338560] DEBUG - Created chapter thumbnail for metadata item 56, media item 150 for chapter number 6:1728000 at "/config/Library/Application Support/Plex Media Server/Media/localhost/9/e8d05a946416ed4603bc37fa11e65019c844dbd.bundle/Contents/Chapters/chapter6.jpg"
Jun 07, 2025 02:03:38.841 [135965186338560] DEBUG - Created chapter thumbnail for metadata item 56, media item 150 for chapter number 7:2059080 at "/config/Library/Application Support/Plex Media Server/Media/localhost/9/e8d05a946416ed4603bc37fa11e65019c844dbd.bundle/Contents/Chapters/chapter7.jpg"
Jun 07, 2025 02:03:38.841 [135965186338560] DEBUG - Created chapter thumbnail for metadata item 56, media item 150 for chapter number 8:2498750 at "/config/Library/Application Support/Plex Media Server/Media/localhost/9/e8d05a946416ed4603bc37fa11e65019c844dbd.bundle/Contents/Chapters/chapter8.jpg"
Jun 07, 2025 02:03:38.841 [135965186338560] DEBUG - Created chapter thumbnail for metadata item 56, media item 150 for chapter number 9:2790870 at "/config/Library/Application Support/Plex Media Server/Media/localhost/9/e8d05a946416ed4603bc37fa11e65019c844dbd.bundle/Contents/Chapters/chapter9.jpg"
Jun 07, 2025 02:03:38.841 [135965186338560] DEBUG - Created chapter thumbnail for metadata item 56, media item 150 for chapter number 10:2978660 at "/config/Library/Application Support/Plex Media Server/Media/localhost/9/e8d05a946416ed4603bc37fa11e65019c844dbd.bundle/Contents/Chapters/chapter10.jpg"
Jun 07, 2025 02:03:38.841 [135965186338560] DEBUG - Created chapter thumbnail for metadata item 56, media item 150 for chapter number 11:3172330 at "/config/Library/Application Support/Plex Media Server/Media/localhost/9/e8d05a946416ed4603bc37fa11e65019c844dbd.bundle/Contents/Chapters/chapter11.jpg"
Jun 07, 2025 02:03:38.841 [135965186338560] DEBUG - Created chapter thumbnail for metadata item 56, media item 150 for chapter number 12:3637200 at "/config/Library/Application Support/Plex Media Server/Media/localhost/9/e8d05a946416ed4603bc37fa11e65019c844dbd.bundle/Contents/Chapters/chapter12.jpg"
Jun 07, 2025 02:03:38.841 [135965186338560] DEBUG - Created chapter thumbnail for metadata item 56, media item 150 for chapter number 13:4177200 at "/config/Library/Application Support/Plex Media Server/Media/localhost/9/e8d05a946416ed4603bc37fa11e65019c844dbd.bundle/Contents/Chapters/chapter13.jpg"
Jun 07, 2025 02:03:38.841 [135965186338560] DEBUG - Created chapter thumbnail for metadata item 56, media item 150 for chapter number 14:4474080 at "/config/Library/Application Support/Plex Media Server/Media/localhost/9/e8d05a946416ed4603bc37fa11e65019c844dbd.bundle/Contents/Chapters/chapter14.jpg"
Jun 07, 2025 02:03:38.841 [135965186338560] DEBUG - Created chapter thumbnail for metadata item 56, media item 150 for chapter number 15:4845540 at "/config/Library/Application Support/Plex Media Server/Media/localhost/9/e8d05a946416ed4603bc37fa11e65019c844dbd.bundle/Contents/Chapters/chapter15.jpg"
